2018-03-06 09:27:30.3949 INFO  load map success 
2018-03-06 09:27:30.7099 WARN  agv文件中实际小车的数量大于SUM的数值，加载小车的前SUM行 
2018-03-06 09:27:30.7929 INFO  *--------------------------------------------------------------* 
2018-03-06 09:27:30.7929 INFO  当前工作小车5辆 
2018-03-06 09:27:30.7929 INFO  开始运行时间：2018/3/6 9:27:30 
2018-03-06 09:29:33.7709 INFO  总任务数：0 VehicleManager线程开始 
2018-03-06 15:47:15.4069 INFO  load map success 
2018-03-06 15:47:15.7179 WARN  agv文件中实际小车的数量大于SUM的数值，加载小车的前SUM行 
2018-03-06 15:47:15.7819 INFO  *--------------------------------------------------------------* 
2018-03-06 15:47:15.7819 INFO  当前工作小车5辆 
2018-03-06 15:47:15.7819 INFO  开始运行时间：2018/3/6 15:47:15 
2018-03-06 15:48:18.2699 INFO  总任务数：0 VehicleManager线程开始 
2018-03-06 15:51:43.2549 INFO  load map success 
2018-03-06 15:51:43.5489 WARN  agv文件中实际小车的数量大于SUM的数值，加载小车的前SUM行 
2018-03-06 15:51:43.6219 INFO  *--------------------------------------------------------------* 
2018-03-06 15:51:43.6219 INFO  当前工作小车5辆 
2018-03-06 15:51:43.6219 INFO  开始运行时间：2018/3/6 15:51:43 
2018-03-06 16:18:01.6519 INFO  load map success 
2018-03-06 16:18:01.9129 WARN  agv文件中实际小车的数量大于SUM的数值，加载小车的前SUM行 
2018-03-06 16:18:02.0009 INFO  *--------------------------------------------------------------* 
2018-03-06 16:18:02.0009 INFO  当前工作小车5辆 
2018-03-06 16:18:02.0009 INFO  开始运行时间：2018/3/6 16:18:02 
2018-03-06 16:18:12.4029 INFO  TCP client 127.0.0.1:62012 has connected. 
2018-03-06 16:18:15.3309 INFO  TCP client 127.0.0.1:62012 has disconnected. 
2018-03-06 16:18:29.7879 INFO  总任务数：0 VehicleManager线程开始 
2018-03-06 16:20:44.1919 INFO  load map success 
2018-03-06 16:20:44.4669 WARN  agv文件中实际小车的数量大于SUM的数值，加载小车的前SUM行 
2018-03-06 16:20:44.5389 INFO  *--------------------------------------------------------------* 
2018-03-06 16:20:44.5389 INFO  当前工作小车5辆 
2018-03-06 16:20:44.5419 INFO  开始运行时间：2018/3/6 16:20:44 
2018-03-06 16:20:51.4019 INFO  TCP client 127.0.0.1:62037 has connected. 
2018-03-06 16:20:53.5089 INFO  TCP client 127.0.0.1:62037 has disconnected. 
2018-03-06 16:20:56.0469 INFO  总任务数：0 VehicleManager线程开始 
2018-03-06 16:22:07.5279 INFO  load map success 
2018-03-06 16:22:07.7939 WARN  agv文件中实际小车的数量大于SUM的数值，加载小车的前SUM行 
2018-03-06 16:22:07.8929 INFO  *--------------------------------------------------------------* 
2018-03-06 16:22:07.8959 INFO  当前工作小车5辆 
2018-03-06 16:22:07.8959 INFO  开始运行时间：2018/3/6 16:22:07 
2018-03-06 16:24:57.9149 INFO  load map success 
2018-03-06 16:24:58.1799 WARN  agv文件中实际小车的数量大于SUM的数值，加载小车的前SUM行 
2018-03-06 16:24:58.2789 INFO  *--------------------------------------------------------------* 
2018-03-06 16:24:58.2789 INFO  当前工作小车5辆 
2018-03-06 16:24:58.2789 INFO  开始运行时间：2018/3/6 16:24:58 
2018-03-06 16:27:43.2969 INFO  load map success 
2018-03-06 16:27:43.5399 WARN  agv文件中实际小车的数量大于SUM的数值，加载小车的前SUM行 
2018-03-06 16:27:43.6069 INFO  *--------------------------------------------------------------* 
2018-03-06 16:27:43.6089 INFO  当前工作小车5辆 
2018-03-06 16:27:43.6089 INFO  开始运行时间：2018/3/6 16:27:43 
2018-03-06 16:32:28.8399 INFO  load map success 
2018-03-06 16:32:29.0869 WARN  agv文件中实际小车的数量大于SUM的数值，加载小车的前SUM行 
2018-03-06 16:32:29.1659 INFO  *--------------------------------------------------------------* 
2018-03-06 16:32:29.1659 INFO  当前工作小车5辆 
2018-03-06 16:32:29.1679 INFO  开始运行时间：2018/3/6 16:32:29 
2018-03-06 16:32:37.3249 INFO  TCP client 127.0.0.1:62474 has connected. 
2018-03-06 16:32:49.5039 INFO  TCP client 127.0.0.1:62474 has disconnected. 
2018-03-06 16:33:59.7079 INFO  load map success 
2018-03-06 16:33:59.9519 WARN  agv文件中实际小车的数量大于SUM的数值，加载小车的前SUM行 
2018-03-06 16:34:00.0399 INFO  *--------------------------------------------------------------* 
2018-03-06 16:34:00.0399 INFO  当前工作小车5辆 
2018-03-06 16:34:00.0399 INFO  开始运行时间：2018/3/6 16:34:00 
2018-03-06 16:34:07.7129 INFO  TCP client 127.0.0.1:62488 has connected. 
2018-03-06 16:34:29.6849 INFO  TCP client 127.0.0.1:62488 has disconnected. 
2018-03-06 16:35:01.2769 INFO  load map success 
2018-03-06 16:35:01.5179 WARN  agv文件中实际小车的数量大于SUM的数值，加载小车的前SUM行 
2018-03-06 16:35:01.6039 INFO  *--------------------------------------------------------------* 
2018-03-06 16:35:01.6039 INFO  当前工作小车5辆 
2018-03-06 16:35:01.6039 INFO  开始运行时间：2018/3/6 16:35:01 
2018-03-06 16:35:52.0029 INFO  load map success 
2018-03-06 16:35:52.2349 WARN  agv文件中实际小车的数量大于SUM的数值，加载小车的前SUM行 
2018-03-06 16:35:52.3219 INFO  *--------------------------------------------------------------* 
2018-03-06 16:35:52.3219 INFO  当前工作小车5辆 
2018-03-06 16:35:52.3449 INFO  开始运行时间：2018/3/6 16:35:52 
2018-03-06 16:35:56.6899 INFO  总任务数：0 VehicleManager线程开始 
2018-03-06 16:36:55.3919 INFO  load map success 
2018-03-06 16:36:55.6519 WARN  agv文件中实际小车的数量大于SUM的数值，加载小车的前SUM行 
2018-03-06 16:36:55.7319 INFO  *--------------------------------------------------------------* 
2018-03-06 16:36:55.7319 INFO  当前工作小车5辆 
2018-03-06 16:36:55.7319 INFO  开始运行时间：2018/3/6 16:36:55 
2018-03-06 16:37:39.2219 INFO  load map success 
2018-03-06 16:37:39.4639 WARN  agv文件中实际小车的数量大于SUM的数值，加载小车的前SUM行 
2018-03-06 16:37:39.5549 INFO  *--------------------------------------------------------------* 
2018-03-06 16:37:39.5549 INFO  当前工作小车5辆 
2018-03-06 16:37:39.5549 INFO  开始运行时间：2018/3/6 16:37:39 
2018-03-06 16:41:40.9689 INFO  load map success 
2018-03-06 16:41:41.2269 WARN  agv文件中实际小车的数量大于SUM的数值，加载小车的前SUM行 
2018-03-06 16:41:41.2899 INFO  *--------------------------------------------------------------* 
2018-03-06 16:41:41.2899 INFO  当前工作小车5辆 
2018-03-06 16:41:41.2899 INFO  开始运行时间：2018/3/6 16:41:41 
2018-03-06 16:41:45.5419 INFO  TCP client 127.0.0.1:62702 has connected. 
2018-03-06 16:42:41.5709 INFO  TCP client 127.0.0.1:62702 has disconnected. 
2018-03-06 16:42:41.6219 INFO  TCP client 127.0.0.1:62714 has connected. 
2018-03-06 16:54:12.0469 INFO  load map success 
2018-03-06 16:54:12.3549 WARN  agv文件中实际小车的数量大于SUM的数值，加载小车的前SUM行 
2018-03-06 16:54:12.4279 INFO  *--------------------------------------------------------------* 
2018-03-06 16:54:12.4279 INFO  当前工作小车5辆 
2018-03-06 16:54:12.4309 INFO  开始运行时间：2018/3/6 16:54:12 
2018-03-06 16:54:16.2829 INFO  TCP client 127.0.0.1:63166 has connected. 
2018-03-06 17:17:43.4119 INFO  load map success 
2018-03-06 17:17:43.6529 WARN  agv文件中实际小车的数量大于SUM的数值，加载小车的前SUM行 
2018-03-06 17:17:43.7409 INFO  *--------------------------------------------------------------* 
2018-03-06 17:17:43.7409 INFO  当前工作小车5辆 
2018-03-06 17:17:43.7409 INFO  开始运行时间：2018/3/6 17:17:43 
2018-03-06 17:17:45.7879 INFO  总任务数：0 VehicleManager线程开始 
2018-03-06 17:30:16.9069 INFO  load map success 
2018-03-06 17:30:17.1679 WARN  agv文件中实际小车的数量大于SUM的数值，加载小车的前SUM行 
2018-03-06 17:30:17.2339 INFO  *--------------------------------------------------------------* 
2018-03-06 17:30:17.2339 INFO  当前工作小车5辆 
2018-03-06 17:30:17.2339 INFO  开始运行时间：2018/3/6 17:30:17 
2018-03-06 17:30:22.1289 INFO  TCP client 127.0.0.1:63549 has connected. 
2018-03-06 17:31:00.3799 INFO  load map success 
2018-03-06 17:31:00.6069 WARN  agv文件中实际小车的数量大于SUM的数值，加载小车的前SUM行 
2018-03-06 17:31:00.6949 INFO  *--------------------------------------------------------------* 
2018-03-06 17:31:00.6949 INFO  当前工作小车5辆 
2018-03-06 17:31:00.6949 INFO  开始运行时间：2018/3/6 17:31:00 
2018-03-06 17:31:11.4459 INFO  TCP client 127.0.0.1:63557 has connected. 
2018-03-06 17:32:09.5789 INFO  load map success 
2018-03-06 17:32:09.8139 WARN  agv文件中实际小车的数量大于SUM的数值，加载小车的前SUM行 
2018-03-06 17:32:09.8769 INFO  *--------------------------------------------------------------* 
2018-03-06 17:32:09.8769 INFO  当前工作小车5辆 
2018-03-06 17:32:09.8769 INFO  开始运行时间：2018/3/6 17:32:09 
2018-03-06 17:32:16.1889 INFO  TCP client 127.0.0.1:63581 has connected. 
2018-03-06 17:33:14.1689 INFO  load map success 
2018-03-06 17:33:14.4789 WARN  agv文件中实际小车的数量大于SUM的数值，加载小车的前SUM行 
2018-03-06 17:33:14.5769 INFO  *--------------------------------------------------------------* 
2018-03-06 17:33:14.5769 INFO  当前工作小车5辆 
2018-03-06 17:33:14.5769 INFO  开始运行时间：2018/3/6 17:33:14 
2018-03-06 17:33:18.0019 INFO  TCP client 127.0.0.1:63640 has connected. 
2018-03-06 17:33:28.9649 INFO  TCP client 127.0.0.1:63640 has disconnected. 
2018-03-06 17:34:13.5769 INFO  load map success 
2018-03-06 17:34:13.8639 WARN  agv文件中实际小车的数量大于SUM的数值，加载小车的前SUM行 
2018-03-06 17:34:13.9289 INFO  *--------------------------------------------------------------* 
2018-03-06 17:34:13.9289 INFO  当前工作小车5辆 
2018-03-06 17:34:13.9509 INFO  开始运行时间：2018/3/6 17:34:13 
2018-03-06 17:34:18.4699 INFO  TCP client 127.0.0.1:63655 has connected. 
2018-03-06 17:35:14.9099 INFO  load map success 
2018-03-06 17:35:15.2209 WARN  agv文件中实际小车的数量大于SUM的数值，加载小车的前SUM行 
2018-03-06 17:35:15.3199 INFO  *--------------------------------------------------------------* 
2018-03-06 17:35:15.3199 INFO  当前工作小车5辆 
2018-03-06 17:35:15.3199 INFO  开始运行时间：2018/3/6 17:35:15 
2018-03-06 17:35:19.4109 INFO  TCP client 127.0.0.1:63670 has connected. 
2018-03-06 17:35:28.9559 INFO  TCP client 127.0.0.1:63670 has disconnected. 
2018-03-06 17:35:31.5959 INFO  总任务数：0 VehicleManager线程开始 
2018-03-06 17:35:44.2159 INFO  load map success 
2018-03-06 17:35:44.5349 WARN  agv文件中实际小车的数量大于SUM的数值，加载小车的前SUM行 
2018-03-06 17:35:44.6229 INFO  *--------------------------------------------------------------* 
2018-03-06 17:35:44.6249 INFO  当前工作小车5辆 
2018-03-06 17:35:44.6249 INFO  开始运行时间：2018/3/6 17:35:44 
2018-03-06 19:59:59.3049 INFO  load map success 
2018-03-06 19:59:59.5929 WARN  agv文件中实际小车的数量大于SUM的数值，加载小车的前SUM行 
2018-03-06 19:59:59.6589 INFO  *--------------------------------------------------------------* 
2018-03-06 19:59:59.6589 INFO  当前工作小车5辆 
2018-03-06 19:59:59.6589 INFO  开始运行时间：2018/3/6 19:59:59 
2018-03-06 20:00:21.6579 INFO  load map success 
2018-03-06 20:00:22.1029 WARN  agv文件中实际小车的数量大于SUM的数值，加载小车的前SUM行 
2018-03-06 20:00:22.1769 INFO  *--------------------------------------------------------------* 
2018-03-06 20:00:22.1769 INFO  当前工作小车5辆 
2018-03-06 20:00:22.1769 INFO  开始运行时间：2018/3/6 20:00:22 
2018-03-06 20:00:26.6609 INFO  TCP client 127.0.0.1:50593 has connected. 
2018-03-06 20:00:52.6519 INFO  TCP client 127.0.0.1:50593 has disconnected. 
2018-03-06 20:51:17.6479 INFO  load map success 
2018-03-06 20:51:17.9339 WARN  agv文件中实际小车的数量大于SUM的数值，加载小车的前SUM行 
2018-03-06 20:51:18.0149 INFO  *--------------------------------------------------------------* 
2018-03-06 20:51:18.0149 INFO  当前工作小车5辆 
2018-03-06 20:51:18.0149 INFO  开始运行时间：2018/3/6 20:51:18 
2018-03-06 20:51:32.0769 INFO  总任务数：0 VehicleManager线程开始 
