2018-01-14 12:04:29.7510 INFO  load map success 
2018-01-14 12:04:30.6615 WARN  agv文件中实际小车的数量大于SUM的数值，加载小车的前SUM行 
2018-01-14 12:04:30.6615 INFO  *--------------------------------------------------------------* 
2018-01-14 12:04:30.6615 INFO  当前工作小车10辆 
2018-01-14 12:04:30.6615 INFO  开始运行时间：2018/1/14 12:04:30 
2018-01-14 12:04:31.8316 ERROR  Session [SessionKey[664908dd-9e1e-438e-b589-438e02e4dcca], RemoteEndPoint[192.168.1.4:36240], LocalEndPoint[0.0.0.0:54321]] exception occurred, [无法从传输连接中读取数据: 远程主机强迫关闭了一个现有的连接。。]. 
2018-01-14 12:04:31.8616 ERROR  远程主机强迫关闭了一个现有的连接。 
2018-01-14 12:06:31.7734 INFO  load map success 
2018-01-14 12:06:32.6434 WARN  agv文件中实际小车的数量大于SUM的数值，加载小车的前SUM行 
2018-01-14 12:06:32.6434 INFO  *--------------------------------------------------------------* 
2018-01-14 12:06:32.6434 INFO  当前工作小车10辆 
2018-01-14 12:06:32.6434 INFO  开始运行时间：2018/1/14 12:06:32 
2018-01-14 12:09:01.9070 INFO  load map success 
2018-01-14 12:09:04.4786 WARN  agv文件中实际小车的数量大于SUM的数值，加载小车的前SUM行 
2018-01-14 12:09:04.5187 INFO  *--------------------------------------------------------------* 
2018-01-14 12:09:04.5187 INFO  当前工作小车10辆 
2018-01-14 12:09:04.5187 INFO  开始运行时间：2018/1/14 12:09:04 
2018-01-14 12:10:26.3434 INFO  总任务数：0 0.02 公里 
2018-01-14 12:10:55.0575 INFO  load map success 
2018-01-14 12:10:57.7989 WARN  agv文件中实际小车的数量大于SUM的数值，加载小车的前SUM行 
2018-01-14 12:10:57.8689 INFO  *--------------------------------------------------------------* 
2018-01-14 12:10:57.9389 INFO  当前工作小车10辆 
2018-01-14 12:10:57.9389 INFO  开始运行时间：2018/1/14 12:10:57 
2018-01-14 12:12:32.9685 INFO  load map success 
2018-01-14 12:12:35.8625 WARN  agv文件中实际小车的数量大于SUM的数值，加载小车的前SUM行 
2018-01-14 12:12:35.9125 INFO  *--------------------------------------------------------------* 
2018-01-14 12:12:35.9225 INFO  当前工作小车10辆 
2018-01-14 12:12:35.9225 INFO  开始运行时间：2018/1/14 12:12:35 
2018-01-14 12:14:26.4528 INFO  load map success 
2018-01-14 12:14:29.2448 WARN  agv文件中实际小车的数量大于SUM的数值，加载小车的前SUM行 
2018-01-14 12:14:29.2948 INFO  *--------------------------------------------------------------* 
2018-01-14 12:14:29.3048 INFO  当前工作小车10辆 
2018-01-14 12:14:29.3148 INFO  开始运行时间：2018/1/14 12:14:29 
2018-01-14 12:15:07.3539 INFO  总任务数：0 0.01 公里 
2018-01-14 12:47:53.6507 INFO  load map success 
2018-01-14 12:47:55.2522 WARN  agv文件中实际小车的数量大于SUM的数值，加载小车的前SUM行 
2018-01-14 12:47:55.3022 INFO  *--------------------------------------------------------------* 
2018-01-14 12:47:55.3022 INFO  当前工作小车10辆 
2018-01-14 12:47:55.3222 INFO  开始运行时间：2018/1/14 12:47:55 
2018-01-14 13:49:17.0279 INFO  load map success 
2018-01-14 13:49:19.8385 WARN  agv文件中实际小车的数量大于SUM的数值，加载小车的前SUM行 
2018-01-14 13:49:19.9185 INFO  *--------------------------------------------------------------* 
2018-01-14 13:49:19.9185 INFO  当前工作小车10辆 
2018-01-14 13:49:19.9285 INFO  开始运行时间：2018/1/14 13:49:19 
2018-01-14 13:52:34.1536 INFO  load map success 
2018-01-14 13:52:36.7319 WARN  agv文件中实际小车的数量大于SUM的数值，加载小车的前SUM行 
2018-01-14 13:52:36.7819 INFO  *--------------------------------------------------------------* 
2018-01-14 13:52:36.7819 INFO  当前工作小车10辆 
2018-01-14 13:52:36.7819 INFO  开始运行时间：2018/1/14 13:52:36 
2018-01-14 13:56:48.1529 INFO  load map success 
2018-01-14 13:56:50.6133 WARN  agv文件中实际小车的数量大于SUM的数值，加载小车的前SUM行 
2018-01-14 13:56:50.6533 INFO  *--------------------------------------------------------------* 
2018-01-14 13:56:50.6533 INFO  当前工作小车10辆 
2018-01-14 13:56:50.6533 INFO  开始运行时间：2018/1/14 13:56:50 
2018-01-14 14:05:33.2901 INFO  load map success 
2018-01-14 14:05:36.2606 WARN  agv文件中实际小车的数量大于SUM的数值，加载小车的前SUM行 
2018-01-14 14:05:36.3106 INFO  *--------------------------------------------------------------* 
2018-01-14 14:05:36.3206 INFO  当前工作小车10辆 
2018-01-14 14:05:36.3206 INFO  开始运行时间：2018/1/14 14:05:36 
2018-01-14 14:08:25.5936 INFO  load map success 
2018-01-14 14:08:28.0040 WARN  agv文件中实际小车的数量大于SUM的数值，加载小车的前SUM行 
2018-01-14 14:08:28.0740 INFO  *--------------------------------------------------------------* 
2018-01-14 14:08:28.0840 INFO  当前工作小车10辆 
2018-01-14 14:08:28.0840 INFO  开始运行时间：2018/1/14 14:08:28 
2018-01-14 14:10:10.7804 INFO  load map success 
2018-01-14 14:10:13.7009 WARN  agv文件中实际小车的数量大于SUM的数值，加载小车的前SUM行 
2018-01-14 14:10:13.7409 INFO  *--------------------------------------------------------------* 
2018-01-14 14:10:13.7509 INFO  当前工作小车10辆 
2018-01-14 14:10:13.7509 INFO  开始运行时间：2018/1/14 14:10:13 
2018-01-14 14:10:14.4109 ERROR  Session [SessionKey[b651e6e0-993c-4d58-87d4-8d16cd6c2dd7], RemoteEndPoint[192.168.1.4:44256], LocalEndPoint[0.0.0.0:54321]] exception occurred, [无法从传输连接中读取数据: 远程主机强迫关闭了一个现有的连接。。]. 
2018-01-14 14:10:14.5209 ERROR  远程主机强迫关闭了一个现有的连接。 
2018-01-14 14:11:59.2628 INFO  load map success 
2018-01-14 14:12:02.2339 WARN  agv文件中实际小车的数量大于SUM的数值，加载小车的前SUM行 
2018-01-14 14:12:02.2839 INFO  *--------------------------------------------------------------* 
2018-01-14 14:12:02.2839 INFO  当前工作小车10辆 
2018-01-14 14:12:02.2839 INFO  开始运行时间：2018/1/14 14:12:02 
2018-01-14 14:13:10.3030 INFO  load map success 
2018-01-14 14:13:13.1637 WARN  agv文件中实际小车的数量大于SUM的数值，加载小车的前SUM行 
2018-01-14 14:13:13.2237 INFO  *--------------------------------------------------------------* 
2018-01-14 14:13:13.2237 INFO  当前工作小车10辆 
2018-01-14 14:13:13.2237 INFO  开始运行时间：2018/1/14 14:13:13 
2018-01-14 14:16:43.2351 INFO  load map success 
2018-01-14 14:16:46.0956 WARN  agv文件中实际小车的数量大于SUM的数值，加载小车的前SUM行 
2018-01-14 14:16:46.1356 INFO  *--------------------------------------------------------------* 
2018-01-14 14:16:46.1356 INFO  当前工作小车10辆 
2018-01-14 14:16:46.1356 INFO  开始运行时间：2018/1/14 14:16:46 
2018-01-14 14:20:43.4898 INFO  load map success 
2018-01-14 14:20:46.3809 WARN  agv文件中实际小车的数量大于SUM的数值，加载小车的前SUM行 
2018-01-14 14:20:46.4309 INFO  *--------------------------------------------------------------* 
2018-01-14 14:20:46.4309 INFO  当前工作小车10辆 
2018-01-14 14:20:46.4409 INFO  开始运行时间：2018/1/14 14:20:46 
2018-01-14 14:20:47.3810 ERROR  Session [SessionKey[f570fc18-baef-44b5-b825-03dce29f1e1a], RemoteEndPoint[192.168.1.4:44612], LocalEndPoint[0.0.0.0:54321]] exception occurred, [无法从传输连接中读取数据: 远程主机强迫关闭了一个现有的连接。。]. 
2018-01-14 14:20:47.4910 ERROR  远程主机强迫关闭了一个现有的连接。 
2018-01-14 14:21:45.3086 INFO  总任务数：0 0.02 公里 
2018-01-14 14:22:56.6185 INFO  load map success 
2018-01-14 14:22:59.5693 WARN  agv文件中实际小车的数量大于SUM的数值，加载小车的前SUM行 
2018-01-14 14:22:59.6093 INFO  *--------------------------------------------------------------* 
2018-01-14 14:22:59.6193 INFO  当前工作小车10辆 
2018-01-14 14:22:59.6193 INFO  开始运行时间：2018/1/14 14:22:59 
2018-01-14 14:23:53.4486 INFO  总任务数：0 0.01 公里 
2018-01-14 14:24:07.6172 INFO  load map success 
2018-01-14 14:24:10.3229 WARN  agv文件中实际小车的数量大于SUM的数值，加载小车的前SUM行 
2018-01-14 14:24:10.3929 INFO  *--------------------------------------------------------------* 
2018-01-14 14:24:10.3929 INFO  当前工作小车10辆 
2018-01-14 14:24:10.3929 INFO  开始运行时间：2018/1/14 14:24:10 
2018-01-14 14:24:11.9639 ERROR  Session [SessionKey[d168e024-05a7-4983-958d-ae417b32a881], RemoteEndPoint[192.168.1.4:44736], LocalEndPoint[0.0.0.0:54321]] exception occurred, [无法从传输连接中读取数据: 远程主机强迫关闭了一个现有的连接。。]. 
2018-01-14 14:24:12.0739 ERROR  远程主机强迫关闭了一个现有的连接。 
