2018-01-15 13:47:09.3255 INFO  load map success 
2018-01-15 13:47:10.2163 WARN  agv文件中实际小车的数量大于SUM的数值，加载小车的前SUM行 
2018-01-15 13:47:10.2263 INFO  *--------------------------------------------------------------* 
2018-01-15 13:47:10.2263 INFO  当前工作小车10辆 
2018-01-15 13:47:10.2263 INFO  开始运行时间：2018/1/15 13:47:10 
2018-01-15 13:48:10.8735 INFO  load map success 
2018-01-15 13:48:11.7236 WARN  agv文件中实际小车的数量大于SUM的数值，加载小车的前SUM行 
2018-01-15 13:48:11.7436 INFO  *--------------------------------------------------------------* 
2018-01-15 13:48:11.7436 INFO  当前工作小车10辆 
2018-01-15 13:48:11.7436 INFO  开始运行时间：2018/1/15 13:48:11 
2018-01-15 13:50:07.7548 INFO  load map success 
2018-01-15 13:50:08.7060 WARN  agv文件中实际小车的数量大于SUM的数值，加载小车的前SUM行 
2018-01-15 13:50:11.2902 INFO  *--------------------------------------------------------------* 
2018-01-15 13:50:11.3202 INFO  当前工作小车10辆 
2018-01-15 13:50:11.3202 INFO  开始运行时间：2018/1/15 13:50:11 
2018-01-15 13:51:29.8810 INFO  load map success 
2018-01-15 13:51:31.0210 WARN  agv文件中实际小车的数量大于SUM的数值，加载小车的前SUM行 
2018-01-15 13:51:35.0113 INFO  *--------------------------------------------------------------* 
2018-01-15 13:51:35.0213 INFO  当前工作小车10辆 
2018-01-15 13:51:35.0213 INFO  开始运行时间：2018/1/15 13:51:35 
2018-01-15 13:54:20.1975 INFO  load map success 
2018-01-15 13:54:21.0576 WARN  agv文件中实际小车的数量大于SUM的数值，加载小车的前SUM行 
2018-01-15 13:54:21.0676 INFO  *--------------------------------------------------------------* 
2018-01-15 13:54:21.0676 INFO  当前工作小车10辆 
2018-01-15 13:54:21.0676 INFO  开始运行时间：2018/1/15 13:54:21 
2018-01-15 13:54:21.6376 ERROR  Session [SessionKey[0fbbc874-dbcb-4e02-a9dc-6b874a1ee983], RemoteEndPoint[192.168.1.23:48066], LocalEndPoint[0.0.0.0:54321]] exception occurred, [无法从传输连接中读取数据: 远程主机强迫关闭了一个现有的连接。。]. 
2018-01-15 13:54:21.6676 ERROR  远程主机强迫关闭了一个现有的连接。 
2018-01-15 13:57:22.3597 INFO  总任务数：0 0.12 公里 
2018-01-15 13:59:27.2607 INFO  load map success 
2018-01-15 13:59:28.1008 WARN  agv文件中实际小车的数量大于SUM的数值，加载小车的前SUM行 
2018-01-15 13:59:28.1108 INFO  *--------------------------------------------------------------* 
2018-01-15 13:59:28.1108 INFO  当前工作小车10辆 
2018-01-15 13:59:28.1108 INFO  开始运行时间：2018/1/15 13:59:28 
2018-01-15 13:59:41.9085 INFO  总任务数：0 小车4:(42，42)->(3，7)没有搜索到路径， 
2018-01-15 14:00:02.3561 INFO  load map success 
2018-01-15 14:00:03.7061 WARN  agv文件中实际小车的数量大于SUM的数值，加载小车的前SUM行 
2018-01-15 14:00:03.7261 INFO  *--------------------------------------------------------------* 
2018-01-15 14:00:03.7261 INFO  当前工作小车10辆 
2018-01-15 14:00:03.7261 INFO  开始运行时间：2018/1/15 14:00:03 
2018-01-15 14:01:34.6295 INFO  load map success 
2018-01-15 14:01:36.5050 WARN  agv文件中实际小车的数量大于SUM的数值，加载小车的前SUM行 
2018-01-15 14:01:36.5450 INFO  *--------------------------------------------------------------* 
2018-01-15 14:01:36.5450 INFO  当前工作小车10辆 
2018-01-15 14:01:36.5450 INFO  开始运行时间：2018/1/15 14:01:36 
2018-01-15 14:09:40.2581 INFO  load map success 
2018-01-15 14:09:42.2693 WARN  agv文件中实际小车的数量大于SUM的数值，加载小车的前SUM行 
2018-01-15 14:09:42.3193 INFO  *--------------------------------------------------------------* 
2018-01-15 14:09:42.3193 INFO  当前工作小车10辆 
2018-01-15 14:09:42.3193 INFO  开始运行时间：2018/1/15 14:09:42 
2018-01-15 14:09:42.5393 ERROR  Session [SessionKey[6a874005-e036-4168-8c07-5c47df3e2168], RemoteEndPoint[192.168.1.23:49642], LocalEndPoint[0.0.0.0:54321]] exception occurred, [无法从传输连接中读取数据: 远程主机强迫关闭了一个现有的连接。。]. 
2018-01-15 14:09:42.6293 ERROR  远程主机强迫关闭了一个现有的连接。 
2018-01-15 14:45:26.1963 INFO  load map success 
2018-01-15 14:45:27.7064 WARN  agv文件中实际小车的数量大于SUM的数值，加载小车的前SUM行 
2018-01-15 14:45:27.7264 INFO  *--------------------------------------------------------------* 
2018-01-15 14:45:27.7264 INFO  当前工作小车10辆 
2018-01-15 14:45:27.7264 INFO  开始运行时间：2018/1/15 14:45:27 
2018-01-15 15:01:01.6034 INFO  load map success 
2018-01-15 15:01:03.0874 WARN  agv文件中实际小车的数量大于SUM的数值，加载小车的前SUM行 
2018-01-15 15:01:03.1174 INFO  *--------------------------------------------------------------* 
2018-01-15 15:01:03.1174 INFO  当前工作小车10辆 
2018-01-15 15:01:03.1174 INFO  开始运行时间：2018/1/15 15:01:03 
2018-01-15 15:01:03.6674 ERROR  Session [SessionKey[d3ab5b9e-fecd-40c3-b4f0-7a875b28d2b5], RemoteEndPoint[192.168.1.23:50834], LocalEndPoint[0.0.0.0:54321]] exception occurred, [无法从传输连接中读取数据: 远程主机强迫关闭了一个现有的连接。。]. 
2018-01-15 15:01:03.7174 ERROR  远程主机强迫关闭了一个现有的连接。 
2018-01-15 15:05:58.4650 INFO  load map success 
2018-01-15 15:06:01.4055 WARN  agv文件中实际小车的数量大于SUM的数值，加载小车的前SUM行 
2018-01-15 15:06:01.5255 INFO  *--------------------------------------------------------------* 
2018-01-15 15:06:01.5355 INFO  当前工作小车10辆 
2018-01-15 15:06:01.5355 INFO  开始运行时间：2018/1/15 15:06:01 
2018-01-15 15:06:01.7055 ERROR  Session [SessionKey[7966746d-4097-464d-8dee-f890d3e581bc], RemoteEndPoint[192.168.1.23:51180], LocalEndPoint[0.0.0.0:54321]] exception occurred, [无法从传输连接中读取数据: 远程主机强迫关闭了一个现有的连接。。]. 
2018-01-15 15:06:01.8255 ERROR  远程主机强迫关闭了一个现有的连接。 
2018-01-15 15:06:58.5948 INFO  总任务数：0 VehicleManager线程开始 
2018-01-15 15:12:04.3364 INFO  load map success 
2018-01-15 15:12:05.4544 WARN  agv文件中实际小车的数量大于SUM的数值，加载小车的前SUM行 
2018-01-15 15:12:05.4544 INFO  *--------------------------------------------------------------* 
2018-01-15 15:12:05.4744 INFO  当前工作小车10辆 
2018-01-15 15:12:05.4744 INFO  开始运行时间：2018/1/15 15:12:05 
2018-01-15 15:15:01.7444 INFO  load map success 
2018-01-15 15:15:03.9134 WARN  agv文件中实际小车的数量大于SUM的数值，加载小车的前SUM行 
2018-01-15 15:15:03.9634 INFO  *--------------------------------------------------------------* 
2018-01-15 15:15:03.9634 INFO  当前工作小车10辆 
2018-01-15 15:15:03.9634 INFO  开始运行时间：2018/1/15 15:15:03 
2018-01-15 15:15:05.4835 ERROR  Session [SessionKey[de6a636e-7499-4da1-a61f-69f81af6e6eb], RemoteEndPoint[192.168.1.23:48496], LocalEndPoint[0.0.0.0:54321]] exception occurred, [无法从传输连接中读取数据: 远程主机强迫关闭了一个现有的连接。。]. 
2018-01-15 15:15:05.5835 ERROR  远程主机强迫关闭了一个现有的连接。 
2018-01-15 15:15:34.4475 INFO  load map success 
2018-01-15 15:15:37.3485 WARN  agv文件中实际小车的数量大于SUM的数值，加载小车的前SUM行 
2018-01-15 15:15:37.3985 INFO  *--------------------------------------------------------------* 
2018-01-15 15:15:37.3985 INFO  当前工作小车10辆 
2018-01-15 15:15:37.4085 INFO  开始运行时间：2018/1/15 15:15:37 
2018-01-15 15:15:38.1786 ERROR  Session [SessionKey[eb10fed7-3cd5-44c1-b4ce-0a98295e744f], RemoteEndPoint[192.168.1.23:48514], LocalEndPoint[0.0.0.0:54321]] exception occurred, [无法从传输连接中读取数据: 远程主机强迫关闭了一个现有的连接。。]. 
2018-01-15 15:15:38.2986 ERROR  远程主机强迫关闭了一个现有的连接。 
2018-01-15 15:18:24.6790 INFO  load map success 
2018-01-15 15:18:27.5894 ERROR  Session [SessionKey[a5055e94-f1da-408c-a7e7-0e4b7da49473], RemoteEndPoint[192.168.1.23:48540], LocalEndPoint[0.0.0.0:54321]] exception occurred, [无法从传输连接中读取数据: 远程主机强迫关闭了一个现有的连接。。]. 
2018-01-15 15:18:27.7194 ERROR  远程主机强迫关闭了一个现有的连接。 
2018-01-15 15:18:27.7794 WARN  agv文件中实际小车的数量大于SUM的数值，加载小车的前SUM行 
2018-01-15 15:18:27.8394 INFO  *--------------------------------------------------------------* 
2018-01-15 15:18:27.8494 INFO  当前工作小车10辆 
2018-01-15 15:18:27.8894 INFO  开始运行时间：2018/1/15 15:18:27 
2018-01-15 15:21:35.6605 INFO  load map success 
2018-01-15 15:21:38.0831 WARN  agv文件中实际小车的数量大于SUM的数值，加载小车的前SUM行 
2018-01-15 15:21:38.1231 INFO  *--------------------------------------------------------------* 
2018-01-15 15:21:38.1331 INFO  当前工作小车10辆 
2018-01-15 15:21:38.1331 INFO  开始运行时间：2018/1/15 15:21:38 
2018-01-15 15:21:39.1938 ERROR  Session [SessionKey[bbfadb0e-481e-4d2c-abaa-00420c730ed1], RemoteEndPoint[192.168.1.23:48574], LocalEndPoint[0.0.0.0:54321]] exception occurred, [无法从传输连接中读取数据: 远程主机强迫关闭了一个现有的连接。。]. 
2018-01-15 15:21:39.3138 ERROR  远程主机强迫关闭了一个现有的连接。 
2018-01-15 15:29:11.4854 INFO  load map success 
2018-01-15 15:29:14.2359 WARN  agv文件中实际小车的数量大于SUM的数值，加载小车的前SUM行 
2018-01-15 15:29:14.3059 INFO  *--------------------------------------------------------------* 
2018-01-15 15:29:14.3059 INFO  当前工作小车10辆 
2018-01-15 15:29:14.3159 INFO  开始运行时间：2018/1/15 15:29:14 
2018-01-15 15:35:19.8837 INFO  load map success 
2018-01-15 15:35:21.7441 WARN  agv文件中实际小车的数量大于SUM的数值，加载小车的前SUM行 
2018-01-15 15:35:21.7541 ERROR  未知错误:System.NullReferenceException: 未将对象引用设置到对象的实例。
   在 AGVSocket.Network.Packet.DoneReplyPacket.Receive() 位置 d:\0研究生\AGV\程序2\实体agv\agvManager\Network\AgvNetwork\Packet\DoneReplyPacket.cs:行号 42
   在 AGVSocket.Network.AgvServerManager.server_ClientDataReceived(Object sender, TcpClientDataReceivedEventArgs e) 位置 d:\0研究生\AGV\程序2\实体agv\agvManager\Network\Manager\AgvServerManager.cs:行号 84 
2018-01-15 15:35:21.8041 INFO  *--------------------------------------------------------------* 
2018-01-15 15:35:21.8041 INFO  当前工作小车10辆 
2018-01-15 15:35:21.8141 INFO  开始运行时间：2018/1/15 15:35:21 
2018-01-15 15:38:48.0652 INFO  load map success 
2018-01-15 15:38:50.9675 WARN  agv文件中实际小车的数量大于SUM的数值，加载小车的前SUM行 
2018-01-15 15:38:51.0375 INFO  *--------------------------------------------------------------* 
2018-01-15 15:38:51.0575 INFO  当前工作小车10辆 
2018-01-15 15:38:51.1476 INFO  开始运行时间：2018/1/15 15:38:51 
2018-01-15 15:49:28.7452 INFO  load map success 
2018-01-15 15:49:31.5211 WARN  agv文件中实际小车的数量大于SUM的数值，加载小车的前SUM行 
2018-01-15 15:49:31.5510 INFO  *--------------------------------------------------------------* 
2018-01-15 15:49:31.5510 INFO  当前工作小车10辆 
2018-01-15 15:49:31.5510 INFO  开始运行时间：2018/1/15 15:49:31 
2018-01-15 16:05:41.0455 INFO  load map success 
2018-01-15 16:05:43.9364 WARN  agv文件中实际小车的数量大于SUM的数值，加载小车的前SUM行 
2018-01-15 16:05:43.9764 INFO  *--------------------------------------------------------------* 
2018-01-15 16:05:43.9864 INFO  当前工作小车10辆 
2018-01-15 16:05:43.9864 INFO  开始运行时间：2018/1/15 16:05:43 
2018-01-15 16:05:44.2664 ERROR  Session [SessionKey[823e3581-3ddb-4621-b46b-81f12b1bf4e5], RemoteEndPoint[192.168.1.23:42758], LocalEndPoint[0.0.0.0:54321]] exception occurred, [无法从传输连接中读取数据: 远程主机强迫关闭了一个现有的连接。。]. 
2018-01-15 16:05:44.3665 ERROR  远程主机强迫关闭了一个现有的连接。 
2018-01-15 16:06:39.9455 INFO  load map success 
2018-01-15 16:06:41.8955 WARN  agv文件中实际小车的数量大于SUM的数值，加载小车的前SUM行 
2018-01-15 16:06:41.9255 INFO  *--------------------------------------------------------------* 
2018-01-15 16:06:41.9255 INFO  当前工作小车10辆 
2018-01-15 16:06:41.9255 INFO  开始运行时间：2018/1/15 16:06:41 
2018-01-15 16:06:42.6058 ERROR  Session [SessionKey[728057b5-daa7-4e12-a34b-30825e76e61a], RemoteEndPoint[192.168.1.23:42776], LocalEndPoint[0.0.0.0:54321]] exception occurred, [无法从传输连接中读取数据: 远程主机强迫关闭了一个现有的连接。。]. 
2018-01-15 16:06:42.7058 ERROR  远程主机强迫关闭了一个现有的连接。 
2018-01-15 16:11:18.1559 INFO  load map success 
2018-01-15 16:11:20.8460 WARN  agv文件中实际小车的数量大于SUM的数值，加载小车的前SUM行 
2018-01-15 16:11:20.8959 INFO  *--------------------------------------------------------------* 
2018-01-15 16:11:20.8959 INFO  当前工作小车10辆 
2018-01-15 16:11:20.8959 INFO  开始运行时间：2018/1/15 16:11:20 
2018-01-15 16:23:00.8434 INFO  load map success 
2018-01-15 16:23:03.2836 ERROR  Session [SessionKey[94ea8b56-a8ac-4f84-b57f-3144b7b96d58], RemoteEndPoint[192.168.1.23:40392], LocalEndPoint[0.0.0.0:54321]] exception occurred, [无法从传输连接中读取数据: 远程主机强迫关闭了一个现有的连接。。]. 
2018-01-15 16:23:03.3936 ERROR  远程主机强迫关闭了一个现有的连接。 
2018-01-15 16:23:03.7238 WARN  agv文件中实际小车的数量大于SUM的数值，加载小车的前SUM行 
2018-01-15 16:23:03.7638 INFO  *--------------------------------------------------------------* 
2018-01-15 16:23:03.7738 INFO  当前工作小车10辆 
2018-01-15 16:23:03.7738 INFO  开始运行时间：2018/1/15 16:23:03 
2018-01-15 16:26:19.5107 INFO  总任务数：0 0.13 公里 
2018-01-15 16:26:53.5569 INFO  load map success 
2018-01-15 16:26:56.3678 ERROR  Session [SessionKey[29daed4c-03fd-4d52-886a-065b535c09cd], RemoteEndPoint[192.168.1.23:40442], LocalEndPoint[0.0.0.0:54321]] exception occurred, [无法从传输连接中读取数据: 远程主机强迫关闭了一个现有的连接。。]. 
2018-01-15 16:26:56.4879 ERROR  远程主机强迫关闭了一个现有的连接。 
2018-01-15 16:26:56.7379 WARN  agv文件中实际小车的数量大于SUM的数值，加载小车的前SUM行 
2018-01-15 16:26:56.8179 INFO  *--------------------------------------------------------------* 
2018-01-15 16:26:56.8179 INFO  当前工作小车10辆 
2018-01-15 16:26:56.8179 INFO  开始运行时间：2018/1/15 16:26:56 
2018-01-15 16:36:47.1519 INFO  load map success 
2018-01-15 16:36:50.0291 WARN  agv文件中实际小车的数量大于SUM的数值，加载小车的前SUM行 
2018-01-15 16:36:50.0691 INFO  *--------------------------------------------------------------* 
2018-01-15 16:36:50.0691 INFO  当前工作小车10辆 
2018-01-15 16:36:50.0791 INFO  开始运行时间：2018/1/15 16:36:50 
2018-01-15 16:55:58.6430 INFO  load map success 
2018-01-15 16:56:01.0229 WARN  agv文件中实际小车的数量大于SUM的数值，加载小车的前SUM行 
2018-01-15 16:56:01.0729 INFO  *--------------------------------------------------------------* 
2018-01-15 16:56:01.0729 INFO  当前工作小车10辆 
2018-01-15 16:56:01.0829 INFO  开始运行时间：2018/1/15 16:56:01 
2018-01-15 17:04:33.3810 INFO  load map success 
2018-01-15 17:04:35.5116 WARN  agv文件中实际小车的数量大于SUM的数值，加载小车的前SUM行 
2018-01-15 17:04:35.5616 INFO  *--------------------------------------------------------------* 
2018-01-15 17:04:35.5716 INFO  当前工作小车10辆 
2018-01-15 17:04:35.5716 INFO  开始运行时间：2018/1/15 17:04:35 
2018-01-15 17:04:35.8016 ERROR  Session [SessionKey[b5742714-9a6e-451e-98fe-f0b8eb7c4287], RemoteEndPoint[192.168.1.23:40924], LocalEndPoint[0.0.0.0:54321]] exception occurred, [无法从传输连接中读取数据: 远程主机强迫关闭了一个现有的连接。。]. 
2018-01-15 17:04:35.9216 ERROR  远程主机强迫关闭了一个现有的连接。 
2018-01-15 17:06:56.6927 INFO  load map success 
2018-01-15 17:06:59.4233 WARN  agv文件中实际小车的数量大于SUM的数值，加载小车的前SUM行 
2018-01-15 17:06:59.4633 INFO  *--------------------------------------------------------------* 
2018-01-15 17:06:59.4633 INFO  当前工作小车10辆 
2018-01-15 17:06:59.4633 INFO  开始运行时间：2018/1/15 17:06:59 
2018-01-15 17:07:51.0147 INFO  load map success 
2018-01-15 17:07:53.7151 WARN  agv文件中实际小车的数量大于SUM的数值，加载小车的前SUM行 
2018-01-15 17:07:53.7851 INFO  *--------------------------------------------------------------* 
2018-01-15 17:07:53.7851 INFO  当前工作小车10辆 
2018-01-15 17:07:53.7851 INFO  开始运行时间：2018/1/15 17:07:53 
2018-01-15 17:07:54.8256 ERROR  Session [SessionKey[0caeb9b8-b83c-4062-8774-60ebd3ab23c9], RemoteEndPoint[192.168.1.23:41028], LocalEndPoint[0.0.0.0:54321]] exception occurred, [无法从传输连接中读取数据: 远程主机强迫关闭了一个现有的连接。。]. 
2018-01-15 17:07:54.9756 ERROR  远程主机强迫关闭了一个现有的连接。 
2018-01-15 17:25:48.8268 INFO  load map success 
2018-01-15 17:25:51.4503 WARN  agv文件中实际小车的数量大于SUM的数值，加载小车的前SUM行 
2018-01-15 17:25:51.4903 INFO  *--------------------------------------------------------------* 
2018-01-15 17:25:51.4903 INFO  当前工作小车10辆 
2018-01-15 17:25:51.4903 INFO  开始运行时间：2018/1/15 17:25:51 
2018-01-15 17:25:52.0515 ERROR  Session [SessionKey[e97f1454-94c1-49ab-834f-c75216f0aaee], RemoteEndPoint[192.168.1.23:41064], LocalEndPoint[0.0.0.0:54321]] exception occurred, [无法从传输连接中读取数据: 远程主机强迫关闭了一个现有的连接。。]. 
2018-01-15 17:25:54.8269 ERROR  远程主机强迫关闭了一个现有的连接。 
2018-01-15 18:00:50.7598 INFO  load map success 
2018-01-15 18:00:53.1333 WARN  agv文件中实际小车的数量大于SUM的数值，加载小车的前SUM行 
2018-01-15 18:00:53.1833 INFO  *--------------------------------------------------------------* 
2018-01-15 18:00:53.1833 INFO  当前工作小车10辆 
2018-01-15 18:00:53.1833 INFO  开始运行时间：2018/1/15 18:00:53 
2018-01-15 18:13:31.5158 INFO  load map success 
2018-01-15 18:13:34.4564 WARN  agv文件中实际小车的数量大于SUM的数值，加载小车的前SUM行 
2018-01-15 18:13:34.5165 INFO  *--------------------------------------------------------------* 
2018-01-15 18:13:34.5165 INFO  当前工作小车10辆 
2018-01-15 18:13:34.5165 INFO  开始运行时间：2018/1/15 18:13:34 
2018-01-15 18:13:35.3275 ERROR  Session [SessionKey[bc9e3ee5-753e-4363-aaff-ed21783e510e], RemoteEndPoint[192.168.1.23:41106], LocalEndPoint[0.0.0.0:54321]] exception occurred, [无法从传输连接中读取数据: 远程主机强迫关闭了一个现有的连接。。]. 
2018-01-15 18:13:35.4375 ERROR  远程主机强迫关闭了一个现有的连接。 
2018-01-15 18:14:51.4365 INFO  总任务数：0 0.01 公里 
2018-01-15 18:16:27.0479 INFO  load map success 
2018-01-15 18:16:29.5405 WARN  agv文件中实际小车的数量大于SUM的数值，加载小车的前SUM行 
2018-01-15 18:16:29.5805 INFO  *--------------------------------------------------------------* 
2018-01-15 18:16:29.5805 INFO  当前工作小车10辆 
2018-01-15 18:16:29.5805 INFO  开始运行时间：2018/1/15 18:16:29 
2018-01-15 18:23:54.4915 INFO  load map success 
2018-01-15 18:23:57.3227 WARN  agv文件中实际小车的数量大于SUM的数值，加载小车的前SUM行 
2018-01-15 18:23:57.3627 INFO  *--------------------------------------------------------------* 
2018-01-15 18:23:57.3627 INFO  当前工作小车10辆 
2018-01-15 18:23:57.3627 INFO  开始运行时间：2018/1/15 18:23:57 
2018-01-15 18:24:00.1116 ERROR  远程主机强迫关闭了一个现有的连接。 
2018-01-15 18:24:00.1116 ERROR  远程主机强迫关闭了一个现有的连接。 
2018-01-15 18:24:20.8672 ERROR  sendpacketThreadSystem.InvalidCastException: 无法将类型为“AGVSocket.Network.Packet.TrayPacket”的对象强制转换为类型“AGVSocket.Network.Packet.RunPacket”。
   在 AGV_V1._0.ThreadCode.SendPacketThread.Run() 位置 d:\0研究生\AGV\程序2\实体agv\agvManager\Network\ThreadCode\SendPacketThread.cs:行号 55 
2018-01-15 18:24:26.2590 INFO  总任务数：0 0.01 公里 
2018-01-15 18:25:42.1451 INFO  load map success 
2018-01-15 18:25:44.7898 WARN  agv文件中实际小车的数量大于SUM的数值，加载小车的前SUM行 
2018-01-15 18:25:44.9198 INFO  *--------------------------------------------------------------* 
2018-01-15 18:25:45.0198 INFO  当前工作小车10辆 
2018-01-15 18:25:45.0198 INFO  开始运行时间：2018/1/15 18:25:45 
2018-01-15 18:25:45.8499 ERROR  Session [SessionKey[00d5cece-5a20-4759-9a4f-3a8dbdb205c6], RemoteEndPoint[192.168.1.23:41300], LocalEndPoint[0.0.0.0:54321]] exception occurred, [无法从传输连接中读取数据: 远程主机强迫关闭了一个现有的连接。。]. 
2018-01-15 18:25:45.9599 ERROR  远程主机强迫关闭了一个现有的连接。 
2018-01-15 18:42:25.0543 INFO  load map success 
2018-01-15 18:42:28.0401 ERROR  Session [SessionKey[58e18020-e57b-48e8-b344-357238ab05c9], RemoteEndPoint[192.168.1.23:41606], LocalEndPoint[0.0.0.0:54321]] exception occurred, [无法从传输连接中读取数据: 远程主机强迫关闭了一个现有的连接。。]. 
2018-01-15 18:42:28.1701 ERROR  远程主机强迫关闭了一个现有的连接。 
2018-01-15 18:42:28.3701 WARN  agv文件中实际小车的数量大于SUM的数值，加载小车的前SUM行 
2018-01-15 18:42:28.4201 INFO  *--------------------------------------------------------------* 
2018-01-15 18:42:28.4301 INFO  当前工作小车10辆 
2018-01-15 18:42:28.4301 INFO  开始运行时间：2018/1/15 18:42:28 
2018-01-15 18:45:30.9526 INFO  load map success 
2018-01-15 18:45:33.6436 ERROR  Session [SessionKey[eb57eb8f-15b3-48bb-b1ae-101eec029532], RemoteEndPoint[192.168.1.23:41690], LocalEndPoint[0.0.0.0:54321]] exception occurred, [无法从传输连接中读取数据: 远程主机强迫关闭了一个现有的连接。。]. 
2018-01-15 18:45:33.7736 ERROR  远程主机强迫关闭了一个现有的连接。 
2018-01-15 18:45:34.0636 WARN  agv文件中实际小车的数量大于SUM的数值，加载小车的前SUM行 
2018-01-15 18:45:34.0936 INFO  *--------------------------------------------------------------* 
2018-01-15 18:45:34.1036 INFO  当前工作小车10辆 
2018-01-15 18:45:34.1036 INFO  开始运行时间：2018/1/15 18:45:34 
2018-01-15 18:46:20.6244 INFO  load map success 
2018-01-15 18:46:23.5448 ERROR  未知错误:System.NullReferenceException: 未将对象引用设置到对象的实例。
   在 AGVSocket.Network.Packet.DoneReplyPacket.Receive() 位置 d:\0研究生\AGV\程序2\实体agv\agvManager\Network\AgvNetwork\Packet\DoneReplyPacket.cs:行号 46
   在 AGVSocket.Network.AgvServerManager.server_ClientDataReceived(Object sender, TcpClientDataReceivedEventArgs e) 位置 d:\0研究生\AGV\程序2\实体agv\agvManager\Network\Manager\AgvServerManager.cs:行号 84 
2018-01-15 18:46:23.5648 WARN  agv文件中实际小车的数量大于SUM的数值，加载小车的前SUM行 
2018-01-15 18:46:23.6048 INFO  *--------------------------------------------------------------* 
2018-01-15 18:46:23.6048 INFO  当前工作小车10辆 
2018-01-15 18:46:23.6148 INFO  开始运行时间：2018/1/15 18:46:23 
2018-01-15 18:57:01.5207 INFO  load map success 
2018-01-15 18:57:03.8430 ERROR  Session [SessionKey[0fc0b74e-d6eb-49fd-9ea4-41b2967c0a0e], RemoteEndPoint[192.168.1.23:41828], LocalEndPoint[0.0.0.0:54321]] exception occurred, [无法从传输连接中读取数据: 远程主机强迫关闭了一个现有的连接。。]. 
2018-01-15 18:57:03.9530 ERROR  远程主机强迫关闭了一个现有的连接。 
2018-01-15 18:57:04.2330 WARN  agv文件中实际小车的数量大于SUM的数值，加载小车的前SUM行 
2018-01-15 18:57:04.2630 INFO  *--------------------------------------------------------------* 
2018-01-15 18:57:04.2630 INFO  当前工作小车10辆 
2018-01-15 18:57:04.2630 INFO  开始运行时间：2018/1/15 18:57:04 
2018-01-15 19:26:50.3666 INFO  load map success 
2018-01-15 19:26:53.0980 WARN  agv文件中实际小车的数量大于SUM的数值，加载小车的前SUM行 
2018-01-15 19:26:53.1380 INFO  *--------------------------------------------------------------* 
2018-01-15 19:26:53.1480 INFO  当前工作小车10辆 
2018-01-15 19:26:53.1480 INFO  开始运行时间：2018/1/15 19:26:53 
2018-01-15 19:39:30.4616 INFO  load map success 
2018-01-15 19:39:31.3516 WARN  agv文件中实际小车的数量大于SUM的数值，加载小车的前SUM行 
2018-01-15 19:39:31.3616 INFO  *--------------------------------------------------------------* 
2018-01-15 19:39:31.3616 INFO  当前工作小车10辆 
2018-01-15 19:39:31.3616 INFO  开始运行时间：2018/1/15 19:39:31 
2018-01-15 19:39:32.4853 ERROR  Session [SessionKey[cf88c6f8-4e01-4665-9039-f8ad595ed53e], RemoteEndPoint[192.168.1.23:54710], LocalEndPoint[0.0.0.0:54321]] exception occurred, [无法从传输连接中读取数据: 远程主机强迫关闭了一个现有的连接。。]. 
2018-01-15 19:39:32.5753 ERROR  远程主机强迫关闭了一个现有的连接。 
2018-01-15 19:43:01.9628 INFO  总任务数：0 0.09 公里 
2018-01-15 19:49:53.5102 INFO  load map success 
2018-01-15 19:49:56.4600 WARN  agv文件中实际小车的数量大于SUM的数值，加载小车的前SUM行 
2018-01-15 19:49:56.5900 INFO  *--------------------------------------------------------------* 
2018-01-15 19:49:56.6000 INFO  当前工作小车10辆 
2018-01-15 19:49:56.6600 INFO  开始运行时间：2018/1/15 19:49:56 
2018-01-15 19:49:56.7900 ERROR  Session [SessionKey[82c148f3-b07e-4194-bf8d-082598da3ee7], RemoteEndPoint[192.168.1.23:55246], LocalEndPoint[0.0.0.0:54321]] exception occurred, [无法从传输连接中读取数据: 远程主机强迫关闭了一个现有的连接。。]. 
2018-01-15 19:49:56.8708 ERROR  远程主机强迫关闭了一个现有的连接。 
2018-01-15 20:54:05.8354 INFO  总任务数：0 2.03 公里 
