2018-01-01 15:07:31.3199 INFO  load map success 
2018-01-01 15:07:34.8403 WARN  agv文件中实际小车的数量大于SUM的数值，加载小车的前SUM行 
2018-01-01 15:07:34.8603 INFO  *--------------------------------------------------------------* 
2018-01-01 15:07:34.8603 INFO  当前工作小车10辆 
2018-01-01 15:07:34.8603 INFO  开始运行时间：2018/1/1 15:07:34 
2018-01-01 15:21:03.3841 INFO  load map success 
2018-01-01 15:23:05.4925 INFO  load map success 
2018-01-01 15:23:06.6226 WARN  agv文件中实际小车的数量大于SUM的数值，加载小车的前SUM行 
2018-01-01 15:23:06.6426 INFO  *--------------------------------------------------------------* 
2018-01-01 15:23:06.6426 INFO  当前工作小车10辆 
2018-01-01 15:23:06.6426 INFO  开始运行时间：2018/1/1 15:23:06 
2018-01-01 15:24:42.6728 INFO  总任务数：TaskSend线程开始 0.15 公里 
2018-01-01 15:24:42.7028 ERROR  发送失败 
2018-01-01 15:28:23.3264 INFO  load map success 
2018-01-01 15:28:24.6264 WARN  agv文件中实际小车的数量大于SUM的数值，加载小车的前SUM行 
2018-01-01 15:28:24.6264 INFO  *--------------------------------------------------------------* 
2018-01-01 15:28:24.6264 INFO  当前工作小车10辆 
2018-01-01 15:28:24.6264 INFO  开始运行时间：2018/1/1 15:28:24 
2018-01-01 15:28:49.8241 INFO  总任务数：TaskSend线程开始 VehicleManager线程开始 
2018-01-01 15:30:36.9979 INFO  load map success 
2018-01-01 15:30:37.8039 WARN  agv文件中实际小车的数量大于SUM的数值，加载小车的前SUM行 
2018-01-01 15:30:37.8139 INFO  *--------------------------------------------------------------* 
2018-01-01 15:30:37.8139 INFO  当前工作小车10辆 
2018-01-01 15:30:37.8139 INFO  开始运行时间：2018/1/1 15:30:37 
2018-01-01 15:30:44.5558 INFO  总任务数：TaskSend线程开始 VehicleManager线程开始 
2018-01-01 15:32:32.3126 INFO  load map success 
2018-01-01 15:32:33.6763 WARN  agv文件中实际小车的数量大于SUM的数值，加载小车的前SUM行 
2018-01-01 15:32:33.6863 INFO  *--------------------------------------------------------------* 
2018-01-01 15:32:33.6863 INFO  当前工作小车10辆 
2018-01-01 15:32:33.6863 INFO  开始运行时间：2018/1/1 15:32:33 
2018-01-01 15:32:50.4680 ERROR  发送失败 
2018-01-01 15:32:50.4680 INFO  总任务数：TaskSend线程开始 VehicleManager线程开始 
2018-01-01 15:33:42.8404 INFO  load map success 
2018-01-01 15:33:44.1914 WARN  agv文件中实际小车的数量大于SUM的数值，加载小车的前SUM行 
2018-01-01 15:34:24.0074 INFO  load map success 
2018-01-01 15:34:25.0878 WARN  agv文件中实际小车的数量大于SUM的数值，加载小车的前SUM行 
2018-01-01 15:34:25.0978 INFO  *--------------------------------------------------------------* 
2018-01-01 15:34:25.0978 INFO  当前工作小车10辆 
2018-01-01 15:34:25.0978 INFO  开始运行时间：2018/1/1 15:34:25 
2018-01-01 15:34:31.8189 INFO  总任务数：TaskSend线程开始 VehicleManager线程开始 
2018-01-01 15:34:31.8589 ERROR  发送失败 
2018-01-01 15:39:20.4017 INFO  load map success 
2018-01-01 15:39:21.3618 WARN  agv文件中实际小车的数量大于SUM的数值，加载小车的前SUM行 
2018-01-01 15:39:21.3618 INFO  *--------------------------------------------------------------* 
2018-01-01 15:39:21.3618 INFO  当前工作小车10辆 
2018-01-01 15:39:21.3618 INFO  开始运行时间：2018/1/1 15:39:21 
2018-01-01 15:39:26.5805 INFO  总任务数：TaskSend线程开始 VehicleManager线程开始 
2018-01-01 15:40:39.2412 INFO  load map success 
2018-01-01 15:40:40.5221 WARN  agv文件中实际小车的数量大于SUM的数值，加载小车的前SUM行 
2018-01-01 15:40:40.5321 INFO  *--------------------------------------------------------------* 
2018-01-01 15:40:40.5321 INFO  当前工作小车10辆 
2018-01-01 15:40:40.5321 INFO  开始运行时间：2018/1/1 15:40:40 
2018-01-01 15:40:47.3160 INFO  总任务数：TaskSend线程开始 VehicleManager线程开始 
2018-01-01 15:46:12.5028 INFO  load map success 
2018-01-01 15:46:13.6049 WARN  agv文件中实际小车的数量大于SUM的数值，加载小车的前SUM行 
2018-01-01 15:46:13.6249 INFO  *--------------------------------------------------------------* 
2018-01-01 15:46:13.6249 INFO  当前工作小车10辆 
2018-01-01 15:46:13.6249 INFO  开始运行时间：2018/1/1 15:46:13 
2018-01-01 15:46:24.5327 INFO  总任务数：TaskSend线程开始 VehicleManager线程开始 
2018-01-01 15:48:02.2094 INFO  load map success 
2018-01-01 15:48:03.1904 WARN  agv文件中实际小车的数量大于SUM的数值，加载小车的前SUM行 
2018-01-01 15:48:03.2304 INFO  *--------------------------------------------------------------* 
2018-01-01 15:48:03.2304 INFO  当前工作小车10辆 
2018-01-01 15:48:03.2504 INFO  开始运行时间：2018/1/1 15:48:03 
2018-01-01 15:48:10.9841 INFO  总任务数：TaskSend线程开始 VehicleManager线程开始 
2018-01-01 15:49:26.3112 INFO  load map success 
2018-01-01 15:49:27.3683 WARN  agv文件中实际小车的数量大于SUM的数值，加载小车的前SUM行 
2018-01-01 15:49:27.3783 INFO  *--------------------------------------------------------------* 
2018-01-01 15:49:27.3783 INFO  当前工作小车10辆 
2018-01-01 15:49:27.3783 INFO  开始运行时间：2018/1/1 15:49:27 
2018-01-01 15:49:42.6383 INFO  总任务数：TaskSend线程开始 VehicleManager线程开始 
2018-01-01 16:05:01.2472 INFO  load map success 
2018-01-01 16:05:02.4167 WARN  agv文件中实际小车的数量大于SUM的数值，加载小车的前SUM行 
2018-01-01 16:05:02.4267 INFO  *--------------------------------------------------------------* 
2018-01-01 16:05:02.4267 INFO  当前工作小车10辆 
2018-01-01 16:05:02.4267 INFO  开始运行时间：2018/1/1 16:05:02 
2018-01-01 16:05:11.5075 INFO  总任务数：0 VehicleManager线程开始 
2018-01-01 16:06:24.8346 INFO  load map success 
2018-01-01 16:06:25.8376 WARN  agv文件中实际小车的数量大于SUM的数值，加载小车的前SUM行 
2018-01-01 16:06:25.8476 INFO  *--------------------------------------------------------------* 
2018-01-01 16:06:25.8476 INFO  当前工作小车10辆 
2018-01-01 16:06:25.8476 INFO  开始运行时间：2018/1/1 16:06:25 
2018-01-01 16:30:31.5330 INFO  load map success 
2018-01-01 16:30:33.8464 WARN  agv文件中实际小车的数量大于SUM的数值，加载小车的前SUM行 
2018-01-01 16:30:33.8864 INFO  *--------------------------------------------------------------* 
2018-01-01 16:30:33.8864 INFO  当前工作小车10辆 
2018-01-01 16:30:33.8964 INFO  开始运行时间：2018/1/1 16:30:33 
2018-01-01 16:34:08.1093 INFO  load map success 
2018-01-01 16:34:10.5697 WARN  agv文件中实际小车的数量大于SUM的数值，加载小车的前SUM行 
2018-01-01 16:34:10.5897 INFO  *--------------------------------------------------------------* 
2018-01-01 16:34:10.5997 INFO  当前工作小车10辆 
2018-01-01 16:34:10.5997 INFO  开始运行时间：2018/1/1 16:34:10 
2018-01-01 16:35:51.9917 INFO  load map success 
2018-01-01 16:35:54.2398 WARN  agv文件中实际小车的数量大于SUM的数值，加载小车的前SUM行 
2018-01-01 16:35:54.2498 INFO  *--------------------------------------------------------------* 
2018-01-01 16:35:54.2498 INFO  当前工作小车10辆 
2018-01-01 16:35:54.2498 INFO  开始运行时间：2018/1/1 16:35:54 
2018-01-01 16:43:01.5555 INFO  load map success 
2018-01-01 16:43:03.2432 WARN  agv文件中实际小车的数量大于SUM的数值，加载小车的前SUM行 
2018-01-01 16:43:03.2732 INFO  *--------------------------------------------------------------* 
2018-01-01 16:43:03.2732 INFO  当前工作小车10辆 
2018-01-01 16:43:03.2732 INFO  开始运行时间：2018/1/1 16:43:03 
2018-01-01 16:44:56.1942 INFO  load map success 
2018-01-01 16:44:58.5968 WARN  agv文件中实际小车的数量大于SUM的数值，加载小车的前SUM行 
2018-01-01 16:44:58.6368 INFO  *--------------------------------------------------------------* 
2018-01-01 16:44:58.6368 INFO  当前工作小车10辆 
2018-01-01 16:44:58.6368 INFO  开始运行时间：2018/1/1 16:44:58 
2018-01-01 16:48:44.3875 INFO  load map success 
2018-01-01 16:48:46.3233 WARN  agv文件中实际小车的数量大于SUM的数值，加载小车的前SUM行 
2018-01-01 16:48:46.3633 INFO  *--------------------------------------------------------------* 
2018-01-01 16:48:46.3633 INFO  当前工作小车10辆 
2018-01-01 16:48:46.3633 INFO  开始运行时间：2018/1/1 16:48:46 
2018-01-01 16:55:20.2636 INFO  load map success 
2018-01-01 16:55:22.9622 WARN  agv文件中实际小车的数量大于SUM的数值，加载小车的前SUM行 
2018-01-01 16:55:23.0022 INFO  *--------------------------------------------------------------* 
2018-01-01 16:55:23.0022 INFO  当前工作小车10辆 
2018-01-01 16:55:23.0022 INFO  开始运行时间：2018/1/1 16:55:23 
2018-01-01 16:55:33.9966 INFO  总任务数：TaskSend线程开始 0.00 公里 
2018-01-01 17:02:00.1229 INFO  load map success 
2018-01-01 17:02:01.7003 WARN  agv文件中实际小车的数量大于SUM的数值，加载小车的前SUM行 
2018-01-01 17:02:01.7403 INFO  *--------------------------------------------------------------* 
2018-01-01 17:02:01.7403 INFO  当前工作小车10辆 
2018-01-01 17:02:01.7403 INFO  开始运行时间：2018/1/1 17:02:01 
2018-01-01 17:02:47.3492 INFO  load map success 
2018-01-01 17:02:49.6694 WARN  agv文件中实际小车的数量大于SUM的数值，加载小车的前SUM行 
2018-01-01 17:02:49.7194 INFO  *--------------------------------------------------------------* 
2018-01-01 17:02:49.7194 INFO  当前工作小车10辆 
2018-01-01 17:02:49.7194 INFO  开始运行时间：2018/1/1 17:02:49 
2018-01-01 17:03:44.1256 INFO  总任务数：0 0.02 公里 
2018-01-01 20:44:53.1292 INFO  load map success 
2018-01-01 20:44:54.5733 WARN  agv文件中实际小车的数量大于SUM的数值，加载小车的前SUM行 
2018-01-01 20:44:54.6033 INFO  *--------------------------------------------------------------* 
2018-01-01 20:44:54.6033 INFO  当前工作小车10辆 
2018-01-01 20:44:54.6033 INFO  开始运行时间：2018/1/1 20:44:54 
2018-01-01 21:00:57.2140 INFO  load map success 
2018-01-01 21:00:59.4459 WARN  agv文件中实际小车的数量大于SUM的数值，加载小车的前SUM行 
2018-01-01 21:00:59.4943 INFO  *--------------------------------------------------------------* 
2018-01-01 21:00:59.4943 INFO  当前工作小车10辆 
2018-01-01 21:00:59.4983 INFO  开始运行时间：2018/1/1 21:00:59 
2018-01-01 21:15:57.0881 INFO  总任务数：0 0.01 公里 
2018-01-01 21:16:11.2650 INFO  load map success 
2018-01-01 21:16:13.7358 WARN  agv文件中实际小车的数量大于SUM的数值，加载小车的前SUM行 
2018-01-01 21:16:13.7934 INFO  *--------------------------------------------------------------* 
2018-01-01 21:16:13.7958 INFO  当前工作小车10辆 
2018-01-01 21:16:13.7958 INFO  开始运行时间：2018/1/1 21:16:13 
2018-01-01 21:17:22.8604 INFO  总任务数：0 VehicleManager线程开始 
2018-01-01 21:21:25.7764 INFO  load map success 
2018-01-01 21:21:27.7507 WARN  agv文件中实际小车的数量大于SUM的数值，加载小车的前SUM行 
2018-01-01 21:21:27.8224 INFO  *--------------------------------------------------------------* 
2018-01-01 21:21:27.8224 INFO  当前工作小车10辆 
2018-01-01 21:21:27.8284 INFO  开始运行时间：2018/1/1 21:21:27 
2018-01-01 21:22:34.8143 INFO  总任务数：0 0.02 公里 
2018-01-01 21:22:53.4678 INFO  load map success 
2018-01-01 21:22:55.0559 WARN  agv文件中实际小车的数量大于SUM的数值，加载小车的前SUM行 
2018-01-01 21:22:55.4212 INFO  *--------------------------------------------------------------* 
2018-01-01 21:22:55.4212 INFO  当前工作小车10辆 
2018-01-01 21:22:55.4212 INFO  开始运行时间：2018/1/1 21:22:55 
2018-01-01 21:27:45.4847 INFO  总任务数：0 VehicleManager线程开始 
2018-01-01 21:28:02.0110 INFO  load map success 
2018-01-01 21:28:03.9639 WARN  agv文件中实际小车的数量大于SUM的数值，加载小车的前SUM行 
2018-01-01 21:28:04.0231 INFO  *--------------------------------------------------------------* 
2018-01-01 21:28:04.0231 INFO  当前工作小车10辆 
2018-01-01 21:28:04.0290 INFO  开始运行时间：2018/1/1 21:28:04 
2018-01-01 21:29:53.5948 INFO  总任务数：0 0.00 公里 
2018-01-01 22:33:27.9459 INFO  load map success 
2018-01-01 22:33:29.7306 WARN  agv文件中实际小车的数量大于SUM的数值，加载小车的前SUM行 
2018-01-01 22:33:29.7977 INFO  *--------------------------------------------------------------* 
2018-01-01 22:33:29.7977 INFO  当前工作小车10辆 
2018-01-01 22:33:29.7977 INFO  开始运行时间：2018/1/1 22:33:29 
2018-01-01 22:33:36.3683 INFO  总任务数：0 VehicleManager线程开始 
2018-01-01 23:07:21.2206 INFO  load map success 
2018-01-01 23:07:23.5540 WARN  agv文件中实际小车的数量大于SUM的数值，加载小车的前SUM行 
2018-01-01 23:07:23.7236 INFO  *--------------------------------------------------------------* 
2018-01-01 23:07:23.7236 INFO  当前工作小车10辆 
2018-01-01 23:07:23.7236 INFO  开始运行时间：2018/1/1 23:07:23 
2018-01-01 23:07:33.9877 INFO  总任务数：0 VehicleManager线程开始 
2018-01-01 23:10:31.5750 INFO  load map success 
2018-01-01 23:10:34.3806 WARN  agv文件中实际小车的数量大于SUM的数值，加载小车的前SUM行 
2018-01-01 23:10:34.4276 INFO  *--------------------------------------------------------------* 
2018-01-01 23:10:34.4276 INFO  当前工作小车10辆 
2018-01-01 23:10:34.4276 INFO  开始运行时间：2018/1/1 23:10:34 
2018-01-01 23:10:39.1049 INFO  总任务数：0 VehicleManager线程开始 
2018-01-01 23:12:38.0516 INFO  load map success 
2018-01-01 23:12:41.2099 WARN  agv文件中实际小车的数量大于SUM的数值，加载小车的前SUM行 
2018-01-01 23:12:41.2730 INFO  *--------------------------------------------------------------* 
2018-01-01 23:12:41.2730 INFO  当前工作小车10辆 
2018-01-01 23:12:41.2730 INFO  开始运行时间：2018/1/1 23:12:41 
2018-01-01 23:13:00.1499 INFO  总任务数：0 VehicleManager线程开始 
2018-01-01 23:13:54.5432 INFO  load map success 
2018-01-01 23:13:55.5024 WARN  agv文件中实际小车的数量大于SUM的数值，加载小车的前SUM行 
2018-01-01 23:13:55.5524 INFO  *--------------------------------------------------------------* 
2018-01-01 23:13:55.5524 INFO  当前工作小车10辆 
2018-01-01 23:13:55.5524 INFO  开始运行时间：2018/1/1 23:13:55 
2018-01-01 23:14:11.0423 INFO  总任务数：0 VehicleManager线程开始 
2018-01-01 23:14:23.4197 INFO  load map success 
2018-01-01 23:14:26.3910 WARN  agv文件中实际小车的数量大于SUM的数值，加载小车的前SUM行 
2018-01-01 23:14:26.4491 INFO  *--------------------------------------------------------------* 
2018-01-01 23:14:26.4516 INFO  当前工作小车10辆 
2018-01-01 23:14:26.4516 INFO  开始运行时间：2018/1/1 23:14:26 
2018-01-01 23:14:29.4392 INFO  总任务数：0 VehicleManager线程开始 
2018-01-01 23:15:10.4528 INFO  load map success 
2018-01-01 23:15:13.1555 WARN  agv文件中实际小车的数量大于SUM的数值，加载小车的前SUM行 
2018-01-01 23:15:13.2491 INFO  *--------------------------------------------------------------* 
2018-01-01 23:15:13.2491 INFO  当前工作小车10辆 
2018-01-01 23:15:13.2491 INFO  开始运行时间：2018/1/1 23:15:13 
2018-01-01 23:15:31.6802 INFO  总任务数：TaskSend线程开始 VehicleManager线程开始 
2018-01-01 23:16:01.4909 INFO  load map success 
2018-01-01 23:16:03.3872 WARN  agv文件中实际小车的数量大于SUM的数值，加载小车的前SUM行 
2018-01-01 23:16:03.4668 INFO  *--------------------------------------------------------------* 
2018-01-01 23:16:03.4933 INFO  当前工作小车10辆 
2018-01-01 23:16:03.4933 INFO  开始运行时间：2018/1/1 23:16:03 
2018-01-01 23:16:26.0542 INFO  总任务数：TaskSend线程开始 VehicleManager线程开始 
2018-01-01 23:17:38.7576 INFO  load map success 
2018-01-01 23:17:41.6801 WARN  agv文件中实际小车的数量大于SUM的数值，加载小车的前SUM行 
2018-01-01 23:17:41.7375 INFO  *--------------------------------------------------------------* 
2018-01-01 23:17:41.7375 INFO  当前工作小车10辆 
2018-01-01 23:17:41.7375 INFO  开始运行时间：2018/1/1 23:17:41 
2018-01-01 23:17:49.2804 INFO  总任务数：0 VehicleManager线程开始 
2018-01-01 23:21:02.3092 INFO  load map success 
2018-01-01 23:21:04.7170 WARN  agv文件中实际小车的数量大于SUM的数值，加载小车的前SUM行 
2018-01-01 23:21:04.7790 INFO  *--------------------------------------------------------------* 
2018-01-01 23:21:04.7790 INFO  当前工作小车10辆 
2018-01-01 23:21:04.7790 INFO  开始运行时间：2018/1/1 23:21:04 
2018-01-01 23:21:28.8233 INFO  总任务数：0 VehicleManager线程开始 
2018-01-01 23:25:46.7133 INFO  load map success 
2018-01-01 23:25:49.5942 WARN  agv文件中实际小车的数量大于SUM的数值，加载小车的前SUM行 
2018-01-01 23:25:49.6413 INFO  *--------------------------------------------------------------* 
2018-01-01 23:25:49.6413 INFO  当前工作小车10辆 
2018-01-01 23:25:49.6413 INFO  开始运行时间：2018/1/1 23:25:49 
2018-01-01 23:25:54.4294 INFO  总任务数：0 VehicleManager线程开始 
2018-01-01 23:26:05.5825 INFO  load map success 
2018-01-01 23:26:08.2141 WARN  agv文件中实际小车的数量大于SUM的数值，加载小车的前SUM行 
2018-01-01 23:26:08.2676 INFO  *--------------------------------------------------------------* 
2018-01-01 23:26:08.2676 INFO  当前工作小车10辆 
2018-01-01 23:26:08.2676 INFO  开始运行时间：2018/1/1 23:26:08 
2018-01-01 23:26:12.1519 INFO  总任务数：0 VehicleManager线程开始 
2018-01-01 23:26:47.9815 INFO  load map success 
2018-01-01 23:26:50.9597 WARN  agv文件中实际小车的数量大于SUM的数值，加载小车的前SUM行 
2018-01-01 23:26:50.9956 INFO  *--------------------------------------------------------------* 
2018-01-01 23:26:50.9976 INFO  当前工作小车10辆 
2018-01-01 23:26:50.9976 INFO  开始运行时间：2018/1/1 23:26:51 
2018-01-01 23:26:55.9902 INFO  总任务数：TaskSend线程开始 VehicleManager线程开始 
2018-01-01 23:28:15.0544 INFO  load map success 
2018-01-01 23:28:17.8389 WARN  agv文件中实际小车的数量大于SUM的数值，加载小车的前SUM行 
2018-01-01 23:28:17.8857 INFO  *--------------------------------------------------------------* 
2018-01-01 23:28:17.8887 INFO  当前工作小车10辆 
2018-01-01 23:28:17.8887 INFO  开始运行时间：2018/1/1 23:28:17 
