2018-01-03 15:52:52.5649 INFO  load map success 
2018-01-03 15:52:55.1281 WARN  agv文件中实际小车的数量大于SUM的数值，加载小车的前SUM行 
2018-01-03 15:52:55.1977 INFO  *--------------------------------------------------------------* 
2018-01-03 15:52:55.2012 INFO  当前工作小车10辆 
2018-01-03 15:52:55.2012 INFO  开始运行时间：2018/1/3 15:52:55 
2018-01-03 15:54:36.2715 INFO  总任务数：TaskSend线程开始 0.01 公里 
2018-01-03 15:55:05.3946 INFO  load map success 
2018-01-03 15:55:08.4998 WARN  agv文件中实际小车的数量大于SUM的数值，加载小车的前SUM行 
2018-01-03 15:55:08.5558 INFO  *--------------------------------------------------------------* 
2018-01-03 15:55:08.5558 INFO  当前工作小车10辆 
2018-01-03 15:55:08.5738 INFO  开始运行时间：2018/1/3 15:55:08 
2018-01-03 15:57:42.1981 INFO  load map success 
2018-01-03 15:57:44.5338 WARN  agv文件中实际小车的数量大于SUM的数值，加载小车的前SUM行 
2018-01-03 15:57:44.5953 INFO  *--------------------------------------------------------------* 
2018-01-03 15:57:44.5953 INFO  当前工作小车10辆 
2018-01-03 15:57:44.5953 INFO  开始运行时间：2018/1/3 15:57:44 
2018-01-03 16:00:17.9837 INFO  load map success 
2018-01-03 16:00:20.9261 WARN  agv文件中实际小车的数量大于SUM的数值，加载小车的前SUM行 
2018-01-03 16:00:20.9868 INFO  *--------------------------------------------------------------* 
2018-01-03 16:00:20.9868 INFO  当前工作小车10辆 
2018-01-03 16:00:20.9868 INFO  开始运行时间：2018/1/3 16:00:20 
2018-01-03 16:03:39.1262 INFO  load map success 
2018-01-03 16:03:42.1291 WARN  agv文件中实际小车的数量大于SUM的数值，加载小车的前SUM行 
2018-01-03 16:03:42.1904 INFO  *--------------------------------------------------------------* 
2018-01-03 16:03:42.1904 INFO  当前工作小车10辆 
2018-01-03 16:03:42.1904 INFO  开始运行时间：2018/1/3 16:03:42 
2018-01-03 16:05:21.8338 INFO  总任务数：TaskSend线程开始 0.00 公里 
2018-01-03 16:05:49.9312 INFO  load map success 
2018-01-03 16:05:52.9377 WARN  agv文件中实际小车的数量大于SUM的数值，加载小车的前SUM行 
2018-01-03 16:05:53.0103 INFO  *--------------------------------------------------------------* 
2018-01-03 16:05:53.0138 INFO  当前工作小车10辆 
2018-01-03 16:05:53.0138 INFO  开始运行时间：2018/1/3 16:05:53 
2018-01-03 16:16:23.5372 ERROR  无法从传输连接中读取数据: 远程主机强迫关闭了一个现有的连接。。 
2018-01-03 16:16:27.0232 ERROR  无法从传输连接中读取数据: 远程主机强迫关闭了一个现有的连接。。 
2018-01-03 16:17:33.2762 INFO  总任务数：0 0.00 公里 
2018-01-03 16:17:33.3916 ERROR  发送失败 
