2018-01-10 16:38:12.2847 INFO  load map success 
2018-01-10 16:38:15.2321 WARN  agv文件中实际小车的数量大于SUM的数值，加载小车的前SUM行 
2018-01-10 16:38:15.4853 INFO  *--------------------------------------------------------------* 
2018-01-10 16:38:15.4853 INFO  当前工作小车10辆 
2018-01-10 16:38:15.4853 INFO  开始运行时间：2018/1/10 16:38:15 
2018-01-10 16:40:13.0583 INFO  总任务数：0 VehicleManager线程开始 
2018-01-10 16:47:12.2617 INFO  load map success 
2018-01-10 16:47:15.5538 WARN  agv文件中实际小车的数量大于SUM的数值，加载小车的前SUM行 
2018-01-10 16:47:15.7608 INFO  *--------------------------------------------------------------* 
2018-01-10 16:47:15.7608 INFO  当前工作小车10辆 
2018-01-10 16:47:15.7678 INFO  开始运行时间：2018/1/10 16:47:15 
2018-01-10 17:03:16.0319 INFO  load map success 
2018-01-10 17:03:18.0410 WARN  agv文件中实际小车的数量大于SUM的数值，加载小车的前SUM行 
2018-01-10 17:03:18.3301 INFO  *--------------------------------------------------------------* 
2018-01-10 17:03:18.3546 INFO  当前工作小车10辆 
2018-01-10 17:03:18.3546 INFO  开始运行时间：2018/1/10 17:03:18 
2018-01-10 17:03:45.7122 INFO  总任务数：0 VehicleManager线程开始 
2018-01-10 17:04:35.0357 INFO  load map success 
2018-01-10 17:04:37.0785 WARN  agv文件中实际小车的数量大于SUM的数值，加载小车的前SUM行 
2018-01-10 17:04:37.3170 INFO  *--------------------------------------------------------------* 
2018-01-10 17:04:37.3170 INFO  当前工作小车10辆 
2018-01-10 17:04:37.3170 INFO  开始运行时间：2018/1/10 17:04:37 
2018-01-10 17:05:31.8993 INFO  总任务数：0 VehicleManager线程开始 
2018-01-10 17:10:00.6392 INFO  load map success 
2018-01-10 17:10:03.3616 WARN  agv文件中实际小车的数量大于SUM的数值，加载小车的前SUM行 
2018-01-10 17:10:03.6558 INFO  *--------------------------------------------------------------* 
2018-01-10 17:10:03.6618 INFO  当前工作小车10辆 
2018-01-10 17:10:03.6618 INFO  开始运行时间：2018/1/10 17:10:03 
2018-01-10 17:10:38.7558 INFO  总任务数：0 VehicleManager线程开始 
2018-01-10 17:19:40.4798 INFO  load map success 
2018-01-10 17:19:42.9208 WARN  agv文件中实际小车的数量大于SUM的数值，加载小车的前SUM行 
2018-01-10 17:19:43.1409 INFO  *--------------------------------------------------------------* 
2018-01-10 17:19:43.1409 INFO  当前工作小车10辆 
2018-01-10 17:19:43.1409 INFO  开始运行时间：2018/1/10 17:19:43 
2018-01-10 17:24:02.1966 INFO  load map success 
2018-01-10 17:24:04.7828 WARN  agv文件中实际小车的数量大于SUM的数值，加载小车的前SUM行 
2018-01-10 17:24:05.0531 INFO  *--------------------------------------------------------------* 
2018-01-10 17:24:05.0631 INFO  当前工作小车10辆 
2018-01-10 17:24:05.0631 INFO  开始运行时间：2018/1/10 17:24:05 
2018-01-10 17:36:20.8589 INFO  load map success 
2018-01-10 17:36:23.2096 WARN  agv文件中实际小车的数量大于SUM的数值，加载小车的前SUM行 
2018-01-10 17:36:23.4097 INFO  *--------------------------------------------------------------* 
2018-01-10 17:36:23.4097 INFO  当前工作小车10辆 
2018-01-10 17:36:23.4222 INFO  开始运行时间：2018/1/10 17:36:23 
2018-01-10 17:36:48.4390 INFO  总任务数：0 VehicleManager线程开始 
2018-01-10 17:38:47.4373 INFO  load map success 
2018-01-10 17:38:50.2882 WARN  agv文件中实际小车的数量大于SUM的数值，加载小车的前SUM行 
2018-01-10 17:38:50.5290 INFO  *--------------------------------------------------------------* 
2018-01-10 17:38:50.5290 INFO  当前工作小车10辆 
2018-01-10 17:38:50.5290 INFO  开始运行时间：2018/1/10 17:38:50 
2018-01-10 17:45:55.4658 INFO  load map success 
2018-01-10 17:45:57.1460 WARN  agv文件中实际小车的数量大于SUM的数值，加载小车的前SUM行 
2018-01-10 17:45:57.4066 INFO  *--------------------------------------------------------------* 
2018-01-10 17:45:57.4066 INFO  当前工作小车10辆 
2018-01-10 17:45:57.4066 INFO  开始运行时间：2018/1/10 17:45:57 
2018-01-10 17:51:58.4372 INFO  load map success 
2018-01-10 17:52:01.2768 WARN  agv文件中实际小车的数量大于SUM的数值，加载小车的前SUM行 
2018-01-10 17:52:01.4987 INFO  *--------------------------------------------------------------* 
2018-01-10 17:52:01.4987 INFO  当前工作小车10辆 
2018-01-10 17:52:01.4987 INFO  开始运行时间：2018/1/10 17:52:01 
2018-01-10 19:31:32.1563 INFO  load map success 
2018-01-10 19:31:34.7259 WARN  agv文件中实际小车的数量大于SUM的数值，加载小车的前SUM行 
2018-01-10 19:31:34.8720 INFO  *--------------------------------------------------------------* 
2018-01-10 19:31:34.8720 INFO  当前工作小车10辆 
2018-01-10 19:31:34.8760 INFO  开始运行时间：2018/1/10 19:31:34 
2018-01-10 19:33:47.5322 INFO  总任务数：0 VehicleManager线程开始 
2018-01-10 20:50:39.9925 INFO  load map success 
2018-01-10 20:50:43.4517 ERROR  Session [SessionKey[c50961ea-08d7-44f0-a9ca-fff27ed78b7e], RemoteEndPoint[192.168.1.4:38100], LocalEndPoint[0.0.0.0:54321]] exception occurred, [无法从传输连接中读取数据: 远程主机强迫关闭了一个现有的连接。。]. 
2018-01-10 20:50:43.7407 ERROR  无法从传输连接中读取数据: 远程主机强迫关闭了一个现有的连接。。 
2018-01-10 20:50:43.9142 ERROR  无法从传输连接中读取数据: 远程主机强迫关闭了一个现有的连接。。 
2018-01-10 20:51:12.0621 INFO  load map success 
2018-01-10 20:51:15.5024 ERROR  Session [SessionKey[137bf7d1-e25a-4cbe-a7ec-0eb95b855e31], RemoteEndPoint[192.168.1.4:38118], LocalEndPoint[0.0.0.0:54321]] exception occurred, [无法从传输连接中读取数据: 远程主机强迫关闭了一个现有的连接。。]. 
2018-01-10 20:51:15.6666 ERROR  无法从传输连接中读取数据: 远程主机强迫关闭了一个现有的连接。。 
2018-01-10 20:51:15.9008 ERROR  无法从传输连接中读取数据: 远程主机强迫关闭了一个现有的连接。。 
