2018-01-02 12:27:34.3496 INFO  load map success 
2018-01-02 12:27:36.1742 WARN  agv文件中实际小车的数量大于SUM的数值，加载小车的前SUM行 
2018-01-02 12:27:36.2378 INFO  *--------------------------------------------------------------* 
2018-01-02 12:27:36.2378 INFO  当前工作小车10辆 
2018-01-02 12:27:36.2378 INFO  开始运行时间：2018/1/2 12:27:36 
2018-01-02 12:28:37.8736 INFO  总任务数：0 VehicleManager线程开始 
2018-01-02 12:29:30.1167 INFO  load map success 
2018-01-02 12:29:32.0529 WARN  agv文件中实际小车的数量大于SUM的数值，加载小车的前SUM行 
2018-01-02 12:29:32.0895 INFO  *--------------------------------------------------------------* 
2018-01-02 12:29:32.1012 INFO  当前工作小车10辆 
2018-01-02 12:29:32.1012 INFO  开始运行时间：2018/1/2 12:29:32 
2018-01-02 12:29:47.8013 INFO  总任务数：TaskSend线程开始 VehicleManager线程开始 
2018-01-02 12:30:33.4883 INFO  load map success 
2018-01-02 12:30:35.4334 WARN  agv文件中实际小车的数量大于SUM的数值，加载小车的前SUM行 
2018-01-02 12:30:35.5021 INFO  *--------------------------------------------------------------* 
2018-01-02 12:30:35.5021 INFO  当前工作小车10辆 
2018-01-02 12:30:35.5021 INFO  开始运行时间：2018/1/2 12:30:35 
2018-01-02 12:30:40.2016 INFO  总任务数：0 VehicleManager线程开始 
2018-01-02 12:31:30.5370 INFO  load map success 
2018-01-02 12:31:33.7975 WARN  agv文件中实际小车的数量大于SUM的数值，加载小车的前SUM行 
2018-01-02 12:31:33.8510 INFO  *--------------------------------------------------------------* 
2018-01-02 12:31:33.8510 INFO  当前工作小车10辆 
2018-01-02 12:31:33.8510 INFO  开始运行时间：2018/1/2 12:31:33 
2018-01-02 12:31:37.1319 INFO  总任务数：0 VehicleManager线程开始 
2018-01-02 12:40:25.2303 INFO  load map success 
2018-01-02 12:40:28.4387 WARN  agv文件中实际小车的数量大于SUM的数值，加载小车的前SUM行 
2018-01-02 12:40:28.5037 INFO  *--------------------------------------------------------------* 
2018-01-02 12:40:28.5037 INFO  当前工作小车10辆 
2018-01-02 12:40:28.5037 INFO  开始运行时间：2018/1/2 12:40:28 
2018-01-02 12:42:27.5610 INFO  总任务数：TaskSend线程开始 VehicleManager线程开始 
2018-01-02 12:42:59.0260 INFO  load map success 
2018-01-02 12:43:01.8064 WARN  agv文件中实际小车的数量大于SUM的数值，加载小车的前SUM行 
2018-01-02 12:43:01.9094 INFO  *--------------------------------------------------------------* 
2018-01-02 12:43:01.9094 INFO  当前工作小车10辆 
2018-01-02 12:43:01.9094 INFO  开始运行时间：2018/1/2 12:43:01 
2018-01-02 12:43:59.2865 INFO  总任务数：0 VehicleManager线程开始 
2018-01-02 12:45:31.8110 INFO  load map success 
2018-01-02 12:45:55.3808 INFO  load map success 
2018-01-02 12:45:58.2806 WARN  agv文件中实际小车的数量大于SUM的数值，加载小车的前SUM行 
2018-01-02 12:57:04.7139 INFO  load map success 
2018-01-02 12:57:07.2112 WARN  agv文件中实际小车的数量大于SUM的数值，加载小车的前SUM行 
2018-01-02 12:57:07.2750 INFO  *--------------------------------------------------------------* 
2018-01-02 12:57:07.2750 INFO  当前工作小车10辆 
2018-01-02 12:57:07.2811 INFO  开始运行时间：2018/1/2 12:57:07 
2018-01-02 12:57:21.8763 INFO  总任务数：0 VehicleManager线程开始 
2018-01-02 13:20:24.9190 INFO  load map success 
2018-01-02 13:20:26.5323 WARN  agv文件中实际小车的数量大于SUM的数值，加载小车的前SUM行 
2018-01-02 13:20:26.5636 INFO  *--------------------------------------------------------------* 
2018-01-02 13:20:26.5636 INFO  当前工作小车10辆 
2018-01-02 13:20:26.5636 INFO  开始运行时间：2018/1/2 13:20:26 
2018-01-02 13:22:03.4289 ERROR  发送失败 
2018-01-02 13:22:03.4289 INFO  总任务数：3 小车8:(0，89)->(3，4)没有搜索到路径， 
2018-01-02 13:22:04.0611 ERROR  发送失败 
2018-01-02 13:22:04.1692 ERROR  发送失败 
2018-01-02 13:22:04.2422 ERROR  发送失败 
2018-01-02 13:22:04.3168 ERROR  发送失败 
2018-01-02 13:22:04.3658 ERROR  发送失败 
2018-01-02 13:22:34.4847 INFO  load map success 
2018-01-02 13:22:36.4804 WARN  agv文件中实际小车的数量大于SUM的数值，加载小车的前SUM行 
2018-01-02 13:22:36.5490 INFO  *--------------------------------------------------------------* 
2018-01-02 13:22:36.5490 INFO  当前工作小车10辆 
2018-01-02 13:22:36.5490 INFO  开始运行时间：2018/1/2 13:22:36 
2018-01-02 13:23:15.9450 INFO  总任务数：TaskSend线程开始 0.02 公里 
2018-01-02 13:23:40.7094 INFO  load map success 
2018-01-02 13:23:43.5077 WARN  agv文件中实际小车的数量大于SUM的数值，加载小车的前SUM行 
2018-01-02 13:23:43.5787 INFO  *--------------------------------------------------------------* 
2018-01-02 13:23:43.5787 INFO  当前工作小车10辆 
2018-01-02 13:23:43.5787 INFO  开始运行时间：2018/1/2 13:23:43 
2018-01-02 13:23:58.7906 INFO  总任务数：TaskSend线程开始 VehicleManager线程开始 
2018-01-02 13:23:58.8606 ERROR  发送失败 
2018-01-02 13:24:23.4900 INFO  load map success 
2018-01-02 13:24:25.6452 WARN  agv文件中实际小车的数量大于SUM的数值，加载小车的前SUM行 
2018-01-02 13:24:25.7247 INFO  *--------------------------------------------------------------* 
2018-01-02 13:24:25.7247 INFO  当前工作小车10辆 
2018-01-02 13:24:25.7322 INFO  开始运行时间：2018/1/2 13:24:25 
2018-01-02 13:25:15.3412 INFO  总任务数：TaskSend线程开始 0.02 公里 
2018-01-02 13:25:15.4533 ERROR  发送失败 
2018-01-02 13:29:18.0009 INFO  load map success 
2018-01-02 13:29:20.8193 WARN  agv文件中实际小车的数量大于SUM的数值，加载小车的前SUM行 
2018-01-02 13:29:35.5125 INFO  *--------------------------------------------------------------* 
2018-01-02 13:29:35.5250 INFO  当前工作小车10辆 
2018-01-02 13:29:35.5250 INFO  开始运行时间：2018/1/2 13:29:35 
2018-01-02 13:30:21.8992 INFO  总任务数：0 0.02 公里 
2018-01-02 13:30:21.9873 ERROR  发送失败 
2018-01-02 13:32:13.1533 INFO  load map success 
2018-01-02 13:32:15.6053 WARN  agv文件中实际小车的数量大于SUM的数值，加载小车的前SUM行 
2018-01-02 13:32:15.6534 INFO  *--------------------------------------------------------------* 
2018-01-02 13:32:15.6579 INFO  当前工作小车10辆 
2018-01-02 13:32:15.6579 INFO  开始运行时间：2018/1/2 13:32:15 
2018-01-02 13:33:17.4312 INFO  总任务数：0 0.03 公里 
2018-01-02 13:50:15.3564 INFO  load map success 
2018-01-02 13:50:18.6625 WARN  agv文件中实际小车的数量大于SUM的数值，加载小车的前SUM行 
2018-01-02 13:50:18.7225 INFO  *--------------------------------------------------------------* 
2018-01-02 13:50:18.7225 INFO  当前工作小车10辆 
2018-01-02 13:50:18.7225 INFO  开始运行时间：2018/1/2 13:50:18 
2018-01-02 16:27:55.0034 INFO  总任务数：0 0.11 公里 
2018-01-02 16:29:16.6093 INFO  load map success 
2018-01-02 16:29:19.7708 WARN  agv文件中实际小车的数量大于SUM的数值，加载小车的前SUM行 
2018-01-02 16:29:19.8414 INFO  *--------------------------------------------------------------* 
2018-01-02 16:29:19.8414 INFO  当前工作小车10辆 
2018-01-02 16:29:19.8414 INFO  开始运行时间：2018/1/2 16:29:19 
2018-01-02 20:36:06.4454 INFO  load map success 
2018-01-02 20:36:09.3778 WARN  agv文件中实际小车的数量大于SUM的数值，加载小车的前SUM行 
2018-01-02 20:36:09.4623 INFO  *--------------------------------------------------------------* 
2018-01-02 20:36:09.4623 INFO  当前工作小车10辆 
2018-01-02 20:36:09.4693 INFO  开始运行时间：2018/1/2 20:36:09 
2018-01-02 20:36:16.2462 INFO  总任务数：0 VehicleManager线程开始 
2018-01-02 20:36:16.3791 ERROR  发送失败 
2018-01-02 20:44:44.7597 INFO  load map success 
2018-01-02 20:44:46.5768 WARN  agv文件中实际小车的数量大于SUM的数值，加载小车的前SUM行 
2018-01-02 20:44:46.6443 INFO  *--------------------------------------------------------------* 
2018-01-02 20:44:46.6443 INFO  当前工作小车10辆 
2018-01-02 20:44:46.6443 INFO  开始运行时间：2018/1/2 20:44:46 
2018-01-02 20:44:50.8358 INFO  总任务数：TaskSend线程开始 VehicleManager线程开始 
