2018-01-12 10:39:23.8229 INFO  load map success 
2018-01-12 10:39:24.7133 WARN  agv文件中实际小车的数量大于SUM的数值，加载小车的前SUM行 
2018-01-12 10:39:24.7233 INFO  *--------------------------------------------------------------* 
2018-01-12 10:39:24.7233 INFO  当前工作小车10辆 
2018-01-12 10:39:24.7233 INFO  开始运行时间：2018/1/12 10:39:24 
2018-01-12 10:39:25.5533 ERROR  Session [SessionKey[3f93c69b-c8da-470e-97c2-a9c44c460004], RemoteEndPoint[192.168.1.4:43076], LocalEndPoint[0.0.0.0:54321]] exception occurred, [无法从传输连接中读取数据: 远程主机强迫关闭了一个现有的连接。。]. 
2018-01-12 10:39:25.6933 ERROR  远程主机强迫关闭了一个现有的连接。 
2018-01-12 10:39:28.1237 INFO  总任务数：0 VehicleManager线程开始 
2018-01-12 10:40:52.1900 INFO  load map success 
2018-01-12 10:40:53.4701 WARN  agv文件中实际小车的数量大于SUM的数值，加载小车的前SUM行 
2018-01-12 10:40:53.4701 INFO  *--------------------------------------------------------------* 
2018-01-12 10:40:53.4901 INFO  当前工作小车10辆 
2018-01-12 10:40:53.4901 INFO  开始运行时间：2018/1/12 10:40:53 
2018-01-12 10:41:17.7761 INFO  总任务数：0 VehicleManager线程开始 
2018-01-12 10:41:45.7223 INFO  load map success 
2018-01-12 10:41:47.7242 WARN  agv文件中实际小车的数量大于SUM的数值，加载小车的前SUM行 
2018-01-12 10:41:47.7442 INFO  *--------------------------------------------------------------* 
2018-01-12 10:41:47.7542 INFO  当前工作小车10辆 
2018-01-12 10:41:47.7542 INFO  开始运行时间：2018/1/12 10:41:47 
2018-01-12 10:41:48.3742 ERROR  Session [SessionKey[1c16cb2c-0ac8-4b65-bfdd-37b75e70b4c6], RemoteEndPoint[192.168.1.4:43228], LocalEndPoint[0.0.0.0:54321]] exception occurred, [无法从传输连接中读取数据: 远程主机强迫关闭了一个现有的连接。。]. 
2018-01-12 10:41:48.4342 ERROR  远程主机强迫关闭了一个现有的连接。 
2018-01-12 10:42:31.2272 INFO  load map success 
2018-01-12 10:42:32.8231 WARN  agv文件中实际小车的数量大于SUM的数值，加载小车的前SUM行 
2018-01-12 10:42:32.8531 INFO  *--------------------------------------------------------------* 
2018-01-12 10:42:32.8531 INFO  当前工作小车10辆 
2018-01-12 10:42:32.8531 INFO  开始运行时间：2018/1/12 10:42:32 
2018-01-12 10:42:33.7332 ERROR  Session [SessionKey[494a82c9-6278-4ceb-8f92-7e8fc3bd902e], RemoteEndPoint[192.168.1.4:43242], LocalEndPoint[0.0.0.0:54321]] exception occurred, [无法从传输连接中读取数据: 远程主机强迫关闭了一个现有的连接。。]. 
2018-01-12 10:42:33.7832 ERROR  远程主机强迫关闭了一个现有的连接。 
2018-01-12 10:44:00.3486 INFO  load map success 
2018-01-12 10:44:02.5905 ERROR  Session [SessionKey[789f5541-d6ed-4985-8832-7ac9b5441572], RemoteEndPoint[192.168.1.4:43280], LocalEndPoint[0.0.0.0:54321]] exception occurred, [无法从传输连接中读取数据: 远程主机强迫关闭了一个现有的连接。。]. 
2018-01-12 10:44:02.7805 ERROR  远程主机强迫关闭了一个现有的连接。 
2018-01-12 10:44:02.8705 WARN  agv文件中实际小车的数量大于SUM的数值，加载小车的前SUM行 
2018-01-12 10:44:02.9205 INFO  *--------------------------------------------------------------* 
2018-01-12 10:44:02.9305 INFO  当前工作小车10辆 
2018-01-12 10:44:02.9405 INFO  开始运行时间：2018/1/12 10:44:02 
2018-01-12 10:44:58.2775 INFO  总任务数：0 0.00 公里 
2018-01-12 10:45:15.1936 INFO  load map success 
2018-01-12 10:45:18.0097 WARN  agv文件中实际小车的数量大于SUM的数值，加载小车的前SUM行 
2018-01-12 10:45:18.0797 INFO  *--------------------------------------------------------------* 
2018-01-12 10:45:18.0797 INFO  当前工作小车10辆 
2018-01-12 10:45:18.0797 INFO  开始运行时间：2018/1/12 10:45:18 
2018-01-12 10:45:39.2444 ERROR  VehicleManager线程执行出错:System.ArgumentOutOfRangeException: 索引超出范围。必须为非负值并小于集合大小。
参数名: index
   在 System.ThrowHelper.ThrowArgumentOutOfRangeException(ExceptionArgument argument, ExceptionResource resource)
   在 System.Collections.Generic.List`1.get_Item(Int32 index)
   在 AGV_V1._0.Vehicle.Move(ElecMap Elc) 位置 d:\0研究生\AGV\程序2\实体agv\agvManager\Agv\Vehicle.cs:行号 382
   在 AGV_V1._0.VehicleManager.Run() 位置 d:\0研究生\AGV\程序2\实体agv\agvManager\Agv\VehicleManager.cs:行号 124
   在 AGV_V1._0.Network.ThreadCode.BaseThread.StartThread() 位置 d:\0研究生\AGV\程序2\实体agv\agvManager\Network\ThreadCode\BaseThread.cs:行号 40 
2018-01-12 10:47:58.3035 INFO  load map success 
2018-01-12 10:48:01.1562 WARN  agv文件中实际小车的数量大于SUM的数值，加载小车的前SUM行 
2018-01-12 10:48:01.2462 INFO  *--------------------------------------------------------------* 
2018-01-12 10:48:01.2762 INFO  当前工作小车10辆 
2018-01-12 10:48:01.3062 INFO  开始运行时间：2018/1/12 10:48:01 
2018-01-12 10:48:01.8463 ERROR  Session [SessionKey[ea015df3-0662-480c-836c-01ee054fa3d8], RemoteEndPoint[192.168.1.4:43472], LocalEndPoint[0.0.0.0:54321]] exception occurred, [无法从传输连接中读取数据: 远程主机强迫关闭了一个现有的连接。。]. 
2018-01-12 10:48:01.9463 ERROR  远程主机强迫关闭了一个现有的连接。 
2018-01-12 10:50:45.1337 INFO  load map success 
2018-01-12 10:50:47.5126 WARN  agv文件中实际小车的数量大于SUM的数值，加载小车的前SUM行 
2018-01-12 10:50:47.5626 INFO  *--------------------------------------------------------------* 
2018-01-12 10:50:47.5626 INFO  当前工作小车10辆 
2018-01-12 10:50:47.5626 INFO  开始运行时间：2018/1/12 10:50:47 
2018-01-12 10:50:49.1227 ERROR  Session [SessionKey[76190f45-575d-447e-8070-ecad720b5424], RemoteEndPoint[192.168.1.4:43562], LocalEndPoint[0.0.0.0:54321]] exception occurred, [无法从传输连接中读取数据: 远程主机强迫关闭了一个现有的连接。。]. 
2018-01-12 10:50:49.2227 ERROR  远程主机强迫关闭了一个现有的连接。 
2018-01-12 10:51:49.8387 INFO  load map success 
2018-01-12 10:51:52.5824 WARN  agv文件中实际小车的数量大于SUM的数值，加载小车的前SUM行 
2018-01-12 10:51:52.6324 INFO  *--------------------------------------------------------------* 
2018-01-12 10:51:52.6324 INFO  当前工作小车10辆 
2018-01-12 10:51:52.6524 INFO  开始运行时间：2018/1/12 10:51:52 
2018-01-12 10:51:53.4325 ERROR  Session [SessionKey[ffadabf1-7b27-4826-9f37-2132a4de216f], RemoteEndPoint[192.168.1.4:43588], LocalEndPoint[0.0.0.0:54321]] exception occurred, [无法从传输连接中读取数据: 远程主机强迫关闭了一个现有的连接。。]. 
2018-01-12 10:51:53.5325 ERROR  远程主机强迫关闭了一个现有的连接。 
2018-01-12 10:53:29.1423 INFO  load map success 
2018-01-12 10:53:31.9037 WARN  agv文件中实际小车的数量大于SUM的数值，加载小车的前SUM行 
2018-01-12 10:53:31.9637 INFO  *--------------------------------------------------------------* 
2018-01-12 10:53:31.9637 INFO  当前工作小车10辆 
2018-01-12 10:53:31.9637 INFO  开始运行时间：2018/1/12 10:53:31 
2018-01-12 10:53:55.7542 INFO  总任务数：0 0.01 公里 
2018-01-12 10:56:18.4109 INFO  load map success 
2018-01-12 10:56:20.0210 WARN  agv文件中实际小车的数量大于SUM的数值，加载小车的前SUM行 
2018-01-12 10:56:20.0510 INFO  *--------------------------------------------------------------* 
2018-01-12 10:56:20.0510 INFO  当前工作小车10辆 
2018-01-12 10:56:20.0510 INFO  开始运行时间：2018/1/12 10:56:20 
2018-01-12 11:03:53.0278 INFO  load map success 
2018-01-12 11:03:55.7062 ERROR  Session [SessionKey[b5db8a9f-adf0-4423-866e-da2b610a54ee], RemoteEndPoint[192.168.1.4:44170], LocalEndPoint[0.0.0.0:54321]] exception occurred, [无法从传输连接中读取数据: 远程主机强迫关闭了一个现有的连接。。]. 
2018-01-12 11:03:55.8662 ERROR  远程主机强迫关闭了一个现有的连接。 
2018-01-12 11:03:56.1662 WARN  agv文件中实际小车的数量大于SUM的数值，加载小车的前SUM行 
2018-01-12 11:03:56.2162 INFO  *--------------------------------------------------------------* 
2018-01-12 11:03:56.2162 INFO  当前工作小车10辆 
2018-01-12 11:03:56.2162 INFO  开始运行时间：2018/1/12 11:03:56 
2018-01-12 11:04:33.7254 INFO  总任务数：0 0.01 公里 
2018-01-12 11:06:41.7299 INFO  load map success 
2018-01-12 11:06:44.7704 WARN  agv文件中实际小车的数量大于SUM的数值，加载小车的前SUM行 
2018-01-12 11:06:44.8304 INFO  *--------------------------------------------------------------* 
2018-01-12 11:06:44.8304 INFO  当前工作小车10辆 
2018-01-12 11:06:44.8304 INFO  开始运行时间：2018/1/12 11:06:44 
2018-01-12 11:06:45.1705 ERROR  Session [SessionKey[9552f953-fb06-43c7-8f20-22a8e8c0b244], RemoteEndPoint[192.168.1.4:44344], LocalEndPoint[0.0.0.0:54321]] exception occurred, [无法从传输连接中读取数据: 远程主机强迫关闭了一个现有的连接。。]. 
2018-01-12 11:06:45.2805 ERROR  远程主机强迫关闭了一个现有的连接。 
2018-01-12 11:08:51.2398 INFO  load map success 
2018-01-12 11:08:53.9302 WARN  agv文件中实际小车的数量大于SUM的数值，加载小车的前SUM行 
2018-01-12 11:08:54.0002 INFO  *--------------------------------------------------------------* 
2018-01-12 11:08:54.0002 INFO  当前工作小车10辆 
2018-01-12 11:08:54.0002 INFO  开始运行时间：2018/1/12 11:08:54 
2018-01-12 11:08:55.3205 ERROR  Session [SessionKey[77a8f64c-c71f-417e-92e1-dbd33f911131], RemoteEndPoint[192.168.1.4:44426], LocalEndPoint[0.0.0.0:54321]] exception occurred, [无法从传输连接中读取数据: 远程主机强迫关闭了一个现有的连接。。]. 
2018-01-12 11:08:55.4005 ERROR  远程主机强迫关闭了一个现有的连接。 
2018-01-12 11:15:36.0642 INFO  总任务数：0 0.23 公里 
2018-01-12 11:17:20.3820 INFO  load map success 
2018-01-12 11:17:23.1925 WARN  agv文件中实际小车的数量大于SUM的数值，加载小车的前SUM行 
2018-01-12 11:17:23.1925 ERROR  Session [SessionKey[273e278d-19aa-4d5c-8c0e-644adae85cf1], RemoteEndPoint[192.168.1.4:44568], LocalEndPoint[0.0.0.0:54321]] exception occurred, [无法从传输连接中读取数据: 远程主机强迫关闭了一个现有的连接。。]. 
2018-01-12 11:17:23.2425 INFO  *--------------------------------------------------------------* 
2018-01-12 11:17:23.3625 ERROR  远程主机强迫关闭了一个现有的连接。 
2018-01-12 11:17:23.4234 INFO  当前工作小车10辆 
2018-01-12 11:17:23.4234 INFO  开始运行时间：2018/1/12 11:17:23 
2018-01-12 11:18:26.6039 INFO  load map success 
2018-01-12 11:18:29.2456 WARN  agv文件中实际小车的数量大于SUM的数值，加载小车的前SUM行 
2018-01-12 11:18:29.3056 INFO  *--------------------------------------------------------------* 
2018-01-12 11:18:29.3056 INFO  当前工作小车10辆 
2018-01-12 11:18:29.3156 INFO  开始运行时间：2018/1/12 11:18:29 
2018-01-12 11:18:29.5657 ERROR  Session [SessionKey[404179ba-0889-4ac3-8e2f-0da89ae882df], RemoteEndPoint[192.168.1.4:44590], LocalEndPoint[0.0.0.0:54321]] exception occurred, [无法从传输连接中读取数据: 远程主机强迫关闭了一个现有的连接。。]. 
2018-01-12 11:18:29.6457 ERROR  远程主机强迫关闭了一个现有的连接。 
2018-01-12 11:18:43.7040 INFO  总任务数：0 0.01 公里 
2018-01-12 11:19:08.4179 INFO  load map success 
2018-01-12 11:19:10.7510 WARN  agv文件中实际小车的数量大于SUM的数值，加载小车的前SUM行 
2018-01-12 11:19:10.7910 INFO  *--------------------------------------------------------------* 
2018-01-12 11:19:10.7910 INFO  当前工作小车10辆 
2018-01-12 11:19:10.8010 INFO  开始运行时间：2018/1/12 11:19:10 
2018-01-12 11:19:11.3710 ERROR  Session [SessionKey[5b562c3c-01c6-4041-98a5-0a9220698ebd], RemoteEndPoint[192.168.1.4:44628], LocalEndPoint[0.0.0.0:54321]] exception occurred, [无法从传输连接中读取数据: 远程主机强迫关闭了一个现有的连接。。]. 
2018-01-12 11:19:11.5011 ERROR  远程主机强迫关闭了一个现有的连接。 
2018-01-12 11:20:20.4082 INFO  load map success 
2018-01-12 11:20:22.8329 WARN  agv文件中实际小车的数量大于SUM的数值，加载小车的前SUM行 
2018-01-12 11:20:22.8629 INFO  *--------------------------------------------------------------* 
2018-01-12 11:20:22.8629 INFO  当前工作小车10辆 
2018-01-12 11:20:22.8629 INFO  开始运行时间：2018/1/12 11:20:22 
2018-01-12 11:21:05.5382 INFO  总任务数：0 0.05 公里 
2018-01-12 11:21:40.8883 INFO  load map success 
2018-01-12 11:21:43.8890 WARN  agv文件中实际小车的数量大于SUM的数值，加载小车的前SUM行 
2018-01-12 11:21:43.9390 INFO  *--------------------------------------------------------------* 
2018-01-12 11:21:43.9390 INFO  当前工作小车10辆 
2018-01-12 11:21:43.9390 INFO  开始运行时间：2018/1/12 11:21:43 
2018-01-12 11:21:44.1891 ERROR  Session [SessionKey[633abd69-8d24-4ce5-9bd6-5912087aa6f4], RemoteEndPoint[192.168.1.4:44668], LocalEndPoint[0.0.0.0:54321]] exception occurred, [无法从传输连接中读取数据: 远程主机强迫关闭了一个现有的连接。。]. 
2018-01-12 11:21:44.3091 ERROR  远程主机强迫关闭了一个现有的连接。 
2018-01-12 11:25:16.4065 INFO  总任务数：0 0.12 公里 
2018-01-12 12:03:09.5726 INFO  load map success 
2018-01-12 12:03:12.4239 WARN  agv文件中实际小车的数量大于SUM的数值，加载小车的前SUM行 
2018-01-12 12:03:12.4839 INFO  *--------------------------------------------------------------* 
2018-01-12 12:03:12.4839 INFO  当前工作小车10辆 
2018-01-12 12:03:12.4939 INFO  开始运行时间：2018/1/12 12:03:12 
2018-01-12 12:04:26.8180 INFO  总任务数：0 0.05 公里 
2018-01-12 12:06:47.3592 INFO  load map success 
2018-01-12 12:06:50.3500 WARN  agv文件中实际小车的数量大于SUM的数值，加载小车的前SUM行 
2018-01-12 12:06:50.3900 INFO  *--------------------------------------------------------------* 
2018-01-12 12:06:50.4200 INFO  当前工作小车10辆 
2018-01-12 12:06:50.4300 INFO  开始运行时间：2018/1/12 12:06:50 
2018-01-12 12:08:01.7084 INFO  总任务数：0 0.04 公里 
2018-01-12 12:24:46.6926 INFO  load map success 
2018-01-12 12:24:49.5260 WARN  agv文件中实际小车的数量大于SUM的数值，加载小车的前SUM行 
2018-01-12 12:24:49.6560 INFO  *--------------------------------------------------------------* 
2018-01-12 12:24:49.6560 INFO  当前工作小车10辆 
2018-01-12 12:24:49.6760 INFO  开始运行时间：2018/1/12 12:24:49 
2018-01-12 12:24:49.7860 ERROR  Session [SessionKey[550160c1-eb85-407b-9cf4-2c24c33433fc], RemoteEndPoint[192.168.1.4:41788], LocalEndPoint[0.0.0.0:54321]] exception occurred, [无法从传输连接中读取数据: 远程主机强迫关闭了一个现有的连接。。]. 
2018-01-12 12:24:49.8760 ERROR  远程主机强迫关闭了一个现有的连接。 
2018-01-12 12:25:21.8014 INFO  总任务数：0 0.01 公里 
2018-01-12 16:34:36.9704 INFO  load map success 
2018-01-12 16:34:39.4048 WARN  agv文件中实际小车的数量大于SUM的数值，加载小车的前SUM行 
2018-01-12 16:34:39.4948 INFO  *--------------------------------------------------------------* 
2018-01-12 16:34:39.5248 INFO  当前工作小车10辆 
2018-01-12 16:34:39.5348 INFO  开始运行时间：2018/1/12 16:34:39 
2018-01-12 16:34:40.7872 ERROR  Session [SessionKey[62dd8417-594e-47f9-926e-9eed495d9dc0], RemoteEndPoint[192.168.1.4:54166], LocalEndPoint[0.0.0.0:54321]] exception occurred, [无法从传输连接中读取数据: 远程主机强迫关闭了一个现有的连接。。]. 
2018-01-12 16:34:40.8472 ERROR  远程主机强迫关闭了一个现有的连接。 
2018-01-12 20:39:56.6145 INFO  load map success 
2018-01-12 20:39:59.0837 WARN  agv文件中实际小车的数量大于SUM的数值，加载小车的前SUM行 
2018-01-12 20:39:59.1497 INFO  *--------------------------------------------------------------* 
2018-01-12 20:39:59.1652 INFO  当前工作小车10辆 
2018-01-12 20:39:59.1977 ERROR  Session [SessionKey[4416fd4e-14ad-4656-8044-2923d6089ce1], RemoteEndPoint[192.168.1.4:51574], LocalEndPoint[0.0.0.0:54321]] exception occurred, [无法从传输连接中读取数据: 远程主机强迫关闭了一个现有的连接。。]. 
2018-01-12 20:39:59.2037 INFO  开始运行时间：2018/1/12 20:39:59 
2018-01-12 20:39:59.4836 ERROR  远程主机强迫关闭了一个现有的连接。 
2018-01-12 20:48:23.4545 INFO  load map success 
2018-01-12 20:48:26.6207 WARN  agv文件中实际小车的数量大于SUM的数值，加载小车的前SUM行 
2018-01-12 20:48:26.6634 INFO  *--------------------------------------------------------------* 
2018-01-12 20:48:26.6634 INFO  当前工作小车10辆 
2018-01-12 20:48:26.6634 INFO  开始运行时间：2018/1/12 20:48:26 
2018-01-12 20:49:28.4914 INFO  总任务数：0 VehicleManager线程开始 
2018-01-12 20:49:42.0980 INFO  load map success 
2018-01-12 20:49:44.9864 WARN  agv文件中实际小车的数量大于SUM的数值，加载小车的前SUM行 
2018-01-12 20:49:45.0269 INFO  *--------------------------------------------------------------* 
2018-01-12 20:49:45.0269 INFO  当前工作小车10辆 
2018-01-12 20:49:45.0324 INFO  开始运行时间：2018/1/12 20:49:45 
2018-01-12 20:50:57.3089 INFO  load map success 
2018-01-12 20:50:59.7982 WARN  agv文件中实际小车的数量大于SUM的数值，加载小车的前SUM行 
2018-01-12 20:50:59.8627 INFO  *--------------------------------------------------------------* 
2018-01-12 20:50:59.8627 INFO  当前工作小车10辆 
2018-01-12 20:50:59.8627 INFO  开始运行时间：2018/1/12 20:50:59 
2018-01-12 20:51:00.7465 ERROR  Session [SessionKey[5e73c84c-f8c2-4c67-9cba-222e712b4181], RemoteEndPoint[192.168.1.4:51792], LocalEndPoint[0.0.0.0:54321]] exception occurred, [无法从传输连接中读取数据: 远程主机强迫关闭了一个现有的连接。。]. 
2018-01-12 20:51:00.8381 ERROR  远程主机强迫关闭了一个现有的连接。 
2018-01-12 20:51:35.2337 INFO  load map success 
2018-01-12 20:51:37.9008 WARN  agv文件中实际小车的数量大于SUM的数值，加载小车的前SUM行 
2018-01-12 20:51:37.9339 INFO  *--------------------------------------------------------------* 
2018-01-12 20:51:37.9424 INFO  当前工作小车10辆 
2018-01-12 20:51:37.9424 INFO  开始运行时间：2018/1/12 20:51:37 
2018-01-12 20:54:17.1033 INFO  load map success 
2018-01-12 20:54:20.1102 WARN  agv文件中实际小车的数量大于SUM的数值，加载小车的前SUM行 
2018-01-12 20:54:20.1630 INFO  *--------------------------------------------------------------* 
2018-01-12 20:54:20.1840 INFO  当前工作小车10辆 
2018-01-12 20:54:20.1910 INFO  开始运行时间：2018/1/12 20:54:20 
2018-01-12 20:55:18.7825 INFO  总任务数：0 0.01 公里 
2018-01-12 21:00:58.3076 INFO  load map success 
2018-01-12 21:01:01.0944 WARN  agv文件中实际小车的数量大于SUM的数值，加载小车的前SUM行 
2018-01-12 21:01:01.1555 INFO  *--------------------------------------------------------------* 
2018-01-12 21:01:01.1605 INFO  当前工作小车10辆 
2018-01-12 21:01:01.1605 INFO  开始运行时间：2018/1/12 21:01:01 
2018-01-12 21:04:18.1948 INFO  load map success 
2018-01-12 21:04:20.8198 WARN  agv文件中实际小车的数量大于SUM的数值，加载小车的前SUM行 
2018-01-12 21:04:20.8488 INFO  *--------------------------------------------------------------* 
2018-01-12 21:04:20.8488 INFO  当前工作小车10辆 
2018-01-12 21:04:20.8488 INFO  开始运行时间：2018/1/12 21:04:20 
2018-01-12 21:04:22.1057 ERROR  Session [SessionKey[cebc434e-17c5-4903-a5ab-2bdc03d03ce1], RemoteEndPoint[192.168.1.4:52330], LocalEndPoint[0.0.0.0:54321]] exception occurred, [无法从传输连接中读取数据: 远程主机强迫关闭了一个现有的连接。。]. 
2018-01-12 21:04:22.2297 ERROR  远程主机强迫关闭了一个现有的连接。 
2018-01-12 21:06:59.4343 INFO  load map success 
2018-01-12 21:07:02.0814 WARN  agv文件中实际小车的数量大于SUM的数值，加载小车的前SUM行 
2018-01-12 21:07:02.1509 INFO  *--------------------------------------------------------------* 
2018-01-12 21:07:02.1509 INFO  当前工作小车10辆 
2018-01-12 21:07:02.1599 INFO  开始运行时间：2018/1/12 21:07:02 
2018-01-12 21:07:53.7813 INFO  load map success 
2018-01-12 21:07:56.3414 WARN  agv文件中实际小车的数量大于SUM的数值，加载小车的前SUM行 
2018-01-12 21:07:56.3714 INFO  *--------------------------------------------------------------* 
2018-01-12 21:07:56.3714 INFO  当前工作小车10辆 
2018-01-12 21:07:56.3789 INFO  开始运行时间：2018/1/12 21:07:56 
2018-01-12 21:08:39.9418 INFO  load map success 
2018-01-12 21:08:42.3002 WARN  agv文件中实际小车的数量大于SUM的数值，加载小车的前SUM行 
2018-01-12 21:08:42.3567 INFO  *--------------------------------------------------------------* 
2018-01-12 21:08:42.3597 INFO  当前工作小车10辆 
2018-01-12 21:08:42.3597 INFO  开始运行时间：2018/1/12 21:08:42 
2018-01-12 21:08:42.5929 ERROR  Session [SessionKey[1d869863-62ea-47e6-8909-ac879427bbaa], RemoteEndPoint[192.168.1.4:52476], LocalEndPoint[0.0.0.0:54321]] exception occurred, [无法从传输连接中读取数据: 远程主机强迫关闭了一个现有的连接。。]. 
2018-01-12 21:08:42.6797 ERROR  远程主机强迫关闭了一个现有的连接。 
2018-01-12 21:09:48.1344 INFO  load map success 
2018-01-12 21:09:51.0752 WARN  agv文件中实际小车的数量大于SUM的数值，加载小车的前SUM行 
2018-01-12 21:09:51.1303 INFO  *--------------------------------------------------------------* 
2018-01-12 21:09:51.1303 INFO  当前工作小车10辆 
2018-01-12 21:09:51.1303 INFO  开始运行时间：2018/1/12 21:09:51 
2018-01-12 21:09:52.0764 ERROR  Session [SessionKey[916c1542-23ed-49b1-b3b9-54620e2b38fb], RemoteEndPoint[192.168.1.4:52534], LocalEndPoint[0.0.0.0:54321]] exception occurred, [无法从传输连接中读取数据: 远程主机强迫关闭了一个现有的连接。。]. 
2018-01-12 21:09:52.2022 ERROR  远程主机强迫关闭了一个现有的连接。 
2018-01-12 21:15:06.1217 INFO  load map success 
2018-01-12 21:15:08.7020 WARN  agv文件中实际小车的数量大于SUM的数值，加载小车的前SUM行 
2018-01-12 21:15:08.7705 INFO  *--------------------------------------------------------------* 
2018-01-12 21:15:08.7705 INFO  当前工作小车10辆 
2018-01-12 21:15:08.7705 INFO  开始运行时间：2018/1/12 21:15:08 
2018-01-12 21:24:19.9714 INFO  load map success 
2018-01-12 21:24:21.9453 WARN  agv文件中实际小车的数量大于SUM的数值，加载小车的前SUM行 
2018-01-12 21:24:22.0053 INFO  *--------------------------------------------------------------* 
2018-01-12 21:24:22.0053 INFO  当前工作小车10辆 
2018-01-12 21:24:22.0053 INFO  开始运行时间：2018/1/12 21:24:22 
2018-01-12 21:30:27.6278 INFO  load map success 
2018-01-12 21:30:29.9357 WARN  agv文件中实际小车的数量大于SUM的数值，加载小车的前SUM行 
2018-01-12 21:30:30.0332 INFO  *--------------------------------------------------------------* 
2018-01-12 21:30:30.0332 INFO  当前工作小车10辆 
2018-01-12 21:30:30.0332 INFO  开始运行时间：2018/1/12 21:30:30 
2018-01-12 21:31:22.7158 INFO  load map success 
2018-01-12 21:31:25.6605 WARN  agv文件中实际小车的数量大于SUM的数值，加载小车的前SUM行 
2018-01-12 21:31:25.7270 INFO  *--------------------------------------------------------------* 
2018-01-12 21:31:25.7350 INFO  当前工作小车10辆 
2018-01-12 21:31:25.7350 INFO  开始运行时间：2018/1/12 21:31:25 
2018-01-12 21:34:51.9725 INFO  总任务数：0 0.05 公里 
2018-01-12 21:35:43.7606 INFO  load map success 
2018-01-12 21:35:46.6366 WARN  agv文件中实际小车的数量大于SUM的数值，加载小车的前SUM行 
2018-01-12 21:35:46.6928 INFO  *--------------------------------------------------------------* 
2018-01-12 21:35:46.6928 INFO  当前工作小车10辆 
2018-01-12 21:35:46.6928 INFO  开始运行时间：2018/1/12 21:35:46 
2018-01-12 21:35:47.1521 ERROR  Session [SessionKey[c9171924-201d-4122-a20c-09c50d85cc16], RemoteEndPoint[192.168.1.4:53138], LocalEndPoint[0.0.0.0:54321]] exception occurred, [无法从传输连接中读取数据: 远程主机强迫关闭了一个现有的连接。。]. 
2018-01-12 21:35:47.2841 ERROR  远程主机强迫关闭了一个现有的连接。 
2018-01-12 21:36:53.2495 INFO  load map success 
2018-01-12 21:36:56.0720 WARN  agv文件中实际小车的数量大于SUM的数值，加载小车的前SUM行 
2018-01-12 21:36:56.1447 INFO  *--------------------------------------------------------------* 
2018-01-12 21:36:56.1632 INFO  当前工作小车10辆 
2018-01-12 21:36:56.1632 INFO  开始运行时间：2018/1/12 21:36:56 
2018-01-12 21:37:22.6982 INFO  总任务数：0 0.01 公里 
2018-01-12 21:53:37.5199 INFO  load map success 
2018-01-12 21:53:38.4098 WARN  agv文件中实际小车的数量大于SUM的数值，加载小车的前SUM行 
2018-01-12 21:53:38.4098 INFO  *--------------------------------------------------------------* 
2018-01-12 21:53:38.4098 INFO  当前工作小车10辆 
2018-01-12 21:53:38.4098 INFO  开始运行时间：2018/1/12 21:53:38 
2018-01-12 21:53:38.4970 ERROR  Session [SessionKey[562686bc-afa8-4a07-92ac-3d908fca206c], RemoteEndPoint[192.168.1.4:54454], LocalEndPoint[0.0.0.0:54321]] exception occurred, [无法从传输连接中读取数据: 远程主机强迫关闭了一个现有的连接。。]. 
2018-01-12 21:53:38.6491 ERROR  远程主机强迫关闭了一个现有的连接。 
2018-01-12 21:55:40.7881 INFO  load map success 
2018-01-12 21:55:41.6835 WARN  agv文件中实际小车的数量大于SUM的数值，加载小车的前SUM行 
2018-01-12 21:55:41.6895 INFO  *--------------------------------------------------------------* 
2018-01-12 21:55:41.6895 INFO  当前工作小车10辆 
2018-01-12 21:55:41.6895 INFO  开始运行时间：2018/1/12 21:55:41 
2018-01-12 21:56:23.3677 INFO  总任务数：0 0.00 公里 
2018-01-12 22:21:24.5048 INFO  load map success 
2018-01-12 22:21:25.8164 WARN  agv文件中实际小车的数量大于SUM的数值，加载小车的前SUM行 
2018-01-12 22:21:25.8164 INFO  *--------------------------------------------------------------* 
2018-01-12 22:21:25.8164 INFO  当前工作小车10辆 
2018-01-12 22:21:25.8164 INFO  开始运行时间：2018/1/12 22:21:25 
2018-01-12 22:27:49.0785 INFO  load map success 
2018-01-12 22:27:50.3238 WARN  agv文件中实际小车的数量大于SUM的数值，加载小车的前SUM行 
2018-01-12 22:27:50.3493 INFO  *--------------------------------------------------------------* 
2018-01-12 22:27:50.3493 INFO  当前工作小车10辆 
2018-01-12 22:27:50.3493 INFO  开始运行时间：2018/1/12 22:27:50 
2018-01-12 22:27:50.8149 ERROR  远程主机强迫关闭了一个现有的连接。 
2018-01-12 22:27:50.8314 ERROR  远程主机强迫关闭了一个现有的连接。 
2018-01-12 22:28:12.8354 INFO  总任务数：0 0.00 公里 
2018-01-12 22:35:02.3823 INFO  load map success 
2018-01-12 22:35:03.7869 WARN  agv文件中实际小车的数量大于SUM的数值，加载小车的前SUM行 
2018-01-12 22:35:03.8104 INFO  *--------------------------------------------------------------* 
2018-01-12 22:35:03.8104 INFO  当前工作小车10辆 
2018-01-12 22:35:03.8134 INFO  开始运行时间：2018/1/12 22:35:03 
2018-01-12 22:36:26.5610 INFO  总任务数：0 0.02 公里 
2018-01-12 22:58:28.3843 INFO  load map success 
2018-01-12 22:58:29.7640 WARN  agv文件中实际小车的数量大于SUM的数值，加载小车的前SUM行 
2018-01-12 22:58:29.7835 INFO  *--------------------------------------------------------------* 
2018-01-12 22:58:29.7835 INFO  当前工作小车10辆 
2018-01-12 22:58:29.7835 INFO  开始运行时间：2018/1/12 22:58:29 
2018-01-12 22:59:56.9542 INFO  load map success 
2018-01-12 22:59:57.8581 ERROR  Session [SessionKey[be0d083a-222d-4310-9e2b-4c364a51a536], RemoteEndPoint[192.168.1.4:59944], LocalEndPoint[0.0.0.0:54321]] exception occurred, [无法从传输连接中读取数据: 远程主机强迫关闭了一个现有的连接。。]. 
2018-01-12 22:59:57.9240 ERROR  远程主机强迫关闭了一个现有的连接。 
2018-01-12 22:59:58.0567 WARN  agv文件中实际小车的数量大于SUM的数值，加载小车的前SUM行 
2018-01-12 22:59:58.1104 INFO  *--------------------------------------------------------------* 
2018-01-12 22:59:58.1104 INFO  当前工作小车10辆 
2018-01-12 22:59:58.1104 INFO  开始运行时间：2018/1/12 22:59:58 
2018-01-12 23:04:33.1799 INFO  load map success 
2018-01-12 23:04:34.5296 WARN  agv文件中实际小车的数量大于SUM的数值，加载小车的前SUM行 
2018-01-12 23:04:34.5481 INFO  *--------------------------------------------------------------* 
2018-01-12 23:04:34.5481 INFO  当前工作小车10辆 
2018-01-12 23:04:34.5481 INFO  开始运行时间：2018/1/12 23:04:34 
2018-01-12 23:04:52.5007 INFO  总任务数：0 VehicleManager线程开始 
2018-01-12 23:05:09.5812 INFO  load map success 
2018-01-12 23:05:10.8981 ERROR  Session [SessionKey[392d920d-5679-4ad3-9f51-102b3b96e727], RemoteEndPoint[192.168.1.4:59984], LocalEndPoint[0.0.0.0:54321]] exception occurred, [无法从传输连接中读取数据: 远程主机强迫关闭了一个现有的连接。。]. 
2018-01-12 23:05:10.9629 ERROR  远程主机强迫关闭了一个现有的连接。 
2018-01-12 23:05:11.2591 WARN  agv文件中实际小车的数量大于SUM的数值，加载小车的前SUM行 
2018-01-12 23:05:11.2806 INFO  *--------------------------------------------------------------* 
2018-01-12 23:05:11.2821 INFO  当前工作小车10辆 
2018-01-12 23:05:11.2821 INFO  开始运行时间：2018/1/12 23:05:11 
2018-01-12 23:05:21.9717 INFO  总任务数：0 VehicleManager线程开始 
2018-01-12 23:05:45.1596 INFO  load map success 
2018-01-12 23:05:46.4602 ERROR  Session [SessionKey[e11242a0-ed85-44a5-9f1c-84bbf9f32ce2], RemoteEndPoint[192.168.1.4:60018], LocalEndPoint[0.0.0.0:54321]] exception occurred, [无法从传输连接中读取数据: 远程主机强迫关闭了一个现有的连接。。]. 
2018-01-12 23:05:46.5112 ERROR  远程主机强迫关闭了一个现有的连接。 
2018-01-12 23:05:46.6678 WARN  agv文件中实际小车的数量大于SUM的数值，加载小车的前SUM行 
2018-01-12 23:05:46.6874 INFO  *--------------------------------------------------------------* 
2018-01-12 23:05:46.6899 INFO  当前工作小车10辆 
2018-01-12 23:05:46.6899 INFO  开始运行时间：2018/1/12 23:05:46 
