2018-01-19 16:10:23.3975 INFO  load map success 
2018-01-19 16:10:26.3079 WARN  agv文件中实际小车的数量大于SUM的数值，加载小车的前SUM行 
2018-01-19 16:10:26.3479 INFO  *--------------------------------------------------------------* 
2018-01-19 16:10:26.3479 INFO  当前工作小车10辆 
2018-01-19 16:10:26.3479 INFO  开始运行时间：2018/1/19 16:10:26 
2018-01-19 16:10:33.1705 INFO  总任务数：0 VehicleManager线程开始 
2018-01-19 16:15:34.5720 INFO  load map success 
2018-01-19 16:15:37.2624 WARN  agv文件中实际小车的数量大于SUM的数值，加载小车的前SUM行 
2018-01-19 16:15:37.3124 INFO  *--------------------------------------------------------------* 
2018-01-19 16:15:37.3124 INFO  当前工作小车10辆 
2018-01-19 16:15:37.3224 INFO  开始运行时间：2018/1/19 16:15:37 
2018-01-19 16:53:00.8311 INFO  load map success 
2018-01-19 16:53:03.6418 WARN  agv文件中实际小车的数量大于SUM的数值，加载小车的前SUM行 
2018-01-19 16:53:03.7118 INFO  *--------------------------------------------------------------* 
2018-01-19 16:53:03.7218 INFO  当前工作小车10辆 
2018-01-19 16:53:03.7218 INFO  开始运行时间：2018/1/19 16:53:03 
2018-01-19 16:53:04.5418 ERROR  Session [SessionKey[dace6f79-bbb0-4931-8c1f-905f300447a3], RemoteEndPoint[192.168.1.4:57472], LocalEndPoint[0.0.0.0:54321]] exception occurred, [无法从传输连接中读取数据: 远程主机强迫关闭了一个现有的连接。。]. 
2018-01-19 16:53:04.6560 ERROR  远程主机强迫关闭了一个现有的连接。 
2018-01-19 16:58:49.6862 INFO  load map success 
2018-01-19 16:58:52.5671 WARN  agv文件中实际小车的数量大于SUM的数值，加载小车的前SUM行 
2018-01-19 16:58:52.6171 INFO  *--------------------------------------------------------------* 
2018-01-19 16:58:52.6271 INFO  当前工作小车10辆 
2018-01-19 16:58:52.6271 INFO  开始运行时间：2018/1/19 16:58:52 
2018-01-19 16:58:53.4575 ERROR  Session [SessionKey[0991a1f1-26b1-4de8-ba74-e96c3aa8068a], RemoteEndPoint[192.168.1.4:57586], LocalEndPoint[0.0.0.0:54321]] exception occurred, [无法从传输连接中读取数据: 远程主机强迫关闭了一个现有的连接。。]. 
2018-01-19 16:58:53.5675 ERROR  远程主机强迫关闭了一个现有的连接。 
2018-01-19 17:05:19.1007 INFO  load map success 
2018-01-19 17:05:21.6108 ERROR  Session [SessionKey[120b94a6-1692-4f48-b725-99ee4f794686], RemoteEndPoint[192.168.1.4:57616], LocalEndPoint[0.0.0.0:54321]] exception occurred, [无法从传输连接中读取数据: 远程主机强迫关闭了一个现有的连接。。]. 
2018-01-19 17:05:21.7217 ERROR  远程主机强迫关闭了一个现有的连接。 
2018-01-19 17:05:22.1817 WARN  agv文件中实际小车的数量大于SUM的数值，加载小车的前SUM行 
2018-01-19 17:05:22.2318 INFO  *--------------------------------------------------------------* 
2018-01-19 17:05:22.2418 INFO  当前工作小车10辆 
2018-01-19 17:05:22.2418 INFO  开始运行时间：2018/1/19 17:05:22 
2018-01-19 17:06:54.8736 INFO  load map success 
2018-01-19 17:06:57.7940 WARN  agv文件中实际小车的数量大于SUM的数值，加载小车的前SUM行 
2018-01-19 17:06:57.8440 INFO  *--------------------------------------------------------------* 
2018-01-19 17:06:57.8440 INFO  当前工作小车10辆 
2018-01-19 17:06:57.8440 INFO  开始运行时间：2018/1/19 17:06:57 
2018-01-19 17:06:58.5940 ERROR  Session [SessionKey[be757b2b-6568-4769-898e-e4849a5d0355], RemoteEndPoint[192.168.1.4:57634], LocalEndPoint[0.0.0.0:54321]] exception occurred, [无法从传输连接中读取数据: 远程主机强迫关闭了一个现有的连接。。]. 
2018-01-19 17:06:58.7041 ERROR  远程主机强迫关闭了一个现有的连接。 
2018-01-19 17:07:48.7901 INFO  load map success 
2018-01-19 17:07:51.6116 WARN  agv文件中实际小车的数量大于SUM的数值，加载小车的前SUM行 
2018-01-19 17:07:51.7016 INFO  *--------------------------------------------------------------* 
2018-01-19 17:07:51.7116 INFO  当前工作小车10辆 
2018-01-19 17:07:51.7216 INFO  开始运行时间：2018/1/19 17:07:51 
2018-01-19 17:09:56.1376 INFO  load map success 
2018-01-19 17:09:59.0179 WARN  agv文件中实际小车的数量大于SUM的数值，加载小车的前SUM行 
2018-01-19 17:09:59.0579 INFO  *--------------------------------------------------------------* 
2018-01-19 17:09:59.0579 INFO  当前工作小车10辆 
2018-01-19 17:09:59.0679 INFO  开始运行时间：2018/1/19 17:09:59 
2018-01-19 17:10:26.3882 INFO  总任务数：0 0.00 公里 
2018-01-19 17:10:39.8069 INFO  load map success 
2018-01-19 17:10:42.1477 WARN  agv文件中实际小车的数量大于SUM的数值，加载小车的前SUM行 
2018-01-19 17:10:42.1877 INFO  *--------------------------------------------------------------* 
2018-01-19 17:10:42.1977 INFO  当前工作小车10辆 
2018-01-19 17:10:42.1977 INFO  开始运行时间：2018/1/19 17:10:42 
2018-01-19 17:14:54.8207 INFO  load map success 
2018-01-19 17:14:57.4009 WARN  agv文件中实际小车的数量大于SUM的数值，加载小车的前SUM行 
2018-01-19 17:14:57.4409 INFO  *--------------------------------------------------------------* 
2018-01-19 17:14:57.4409 INFO  当前工作小车10辆 
2018-01-19 17:14:57.4409 INFO  开始运行时间：2018/1/19 17:14:57 
2018-01-19 17:18:26.7538 INFO  load map success 
2018-01-19 17:18:29.5508 ERROR  Session [SessionKey[221809cd-2db7-483a-8f31-1d5629be334f], RemoteEndPoint[192.168.1.4:57948], LocalEndPoint[0.0.0.0:54321]] exception occurred, [无法从传输连接中读取数据: 远程主机强迫关闭了一个现有的连接。。]. 
2018-01-19 17:18:29.6908 ERROR  远程主机强迫关闭了一个现有的连接。 
2018-01-19 17:18:29.9409 WARN  agv文件中实际小车的数量大于SUM的数值，加载小车的前SUM行 
2018-01-19 17:18:30.0009 INFO  *--------------------------------------------------------------* 
2018-01-19 17:18:30.0009 INFO  当前工作小车10辆 
2018-01-19 17:18:30.0009 INFO  开始运行时间：2018/1/19 17:18:30 
2018-01-19 17:21:11.0803 INFO  load map success 
2018-01-19 17:21:14.0032 WARN  agv文件中实际小车的数量大于SUM的数值，加载小车的前SUM行 
2018-01-19 17:21:14.1232 INFO  *--------------------------------------------------------------* 
2018-01-19 17:21:14.1332 INFO  当前工作小车10辆 
2018-01-19 17:21:14.1332 INFO  开始运行时间：2018/1/19 17:21:14 
2018-01-19 17:23:45.1556 INFO  load map success 
2018-01-19 17:23:48.0658 WARN  agv文件中实际小车的数量大于SUM的数值，加载小车的前SUM行 
2018-01-19 17:23:48.1358 INFO  *--------------------------------------------------------------* 
2018-01-19 17:23:48.1358 INFO  当前工作小车10辆 
2018-01-19 17:23:48.1358 INFO  开始运行时间：2018/1/19 17:23:48 
2018-01-19 17:23:49.6659 ERROR  Session [SessionKey[05738aab-f3a0-4548-8790-000f6d7d1cee], RemoteEndPoint[192.168.1.4:58076], LocalEndPoint[0.0.0.0:54321]] exception occurred, [无法从传输连接中读取数据: 远程主机强迫关闭了一个现有的连接。。]. 
2018-01-19 17:23:49.7959 ERROR  远程主机强迫关闭了一个现有的连接。 
2018-01-19 17:25:06.1208 INFO  load map success 
2018-01-19 17:25:08.6421 ERROR  Session [SessionKey[1fe62166-0dc4-4d59-bdfc-faae77249754], RemoteEndPoint[192.168.1.4:58130], LocalEndPoint[0.0.0.0:54321]] exception occurred, [无法从传输连接中读取数据: 远程主机强迫关闭了一个现有的连接。。]. 
2018-01-19 17:25:08.7721 ERROR  远程主机强迫关闭了一个现有的连接。 
2018-01-19 17:25:08.9821 WARN  agv文件中实际小车的数量大于SUM的数值，加载小车的前SUM行 
2018-01-19 17:25:09.0121 INFO  *--------------------------------------------------------------* 
2018-01-19 17:25:09.0221 INFO  当前工作小车10辆 
2018-01-19 17:25:09.0221 INFO  开始运行时间：2018/1/19 17:25:09 
2018-01-19 17:49:13.4763 INFO  load map success 
2018-01-19 17:49:16.0065 WARN  agv文件中实际小车的数量大于SUM的数值，加载小车的前SUM行 
2018-01-19 17:49:16.0365 INFO  *--------------------------------------------------------------* 
2018-01-19 17:49:16.0365 INFO  当前工作小车10辆 
2018-01-19 17:49:16.0365 INFO  开始运行时间：2018/1/19 17:49:16 
2018-01-19 17:49:17.4943 ERROR  Session [SessionKey[e758065f-e333-425f-88ba-ab3c9c6d7c43], RemoteEndPoint[192.168.1.4:58280], LocalEndPoint[0.0.0.0:54321]] exception occurred, [无法从传输连接中读取数据: 远程主机强迫关闭了一个现有的连接。。]. 
2018-01-19 17:49:17.5943 ERROR  远程主机强迫关闭了一个现有的连接。 
2018-01-19 17:52:23.5923 INFO  load map success 
2018-01-19 17:52:26.5278 WARN  agv文件中实际小车的数量大于SUM的数值，加载小车的前SUM行 
2018-01-19 17:52:26.5878 INFO  *--------------------------------------------------------------* 
2018-01-19 17:52:26.5978 INFO  当前工作小车10辆 
2018-01-19 17:52:26.6178 INFO  开始运行时间：2018/1/19 17:52:26 
2018-01-19 17:52:27.6279 ERROR  Session [SessionKey[2c737655-d06f-40c7-988e-34234720913b], RemoteEndPoint[192.168.1.4:58390], LocalEndPoint[0.0.0.0:54321]] exception occurred, [无法从传输连接中读取数据: 远程主机强迫关闭了一个现有的连接。。]. 
2018-01-19 17:52:27.7579 ERROR  远程主机强迫关闭了一个现有的连接。 
2018-01-19 17:54:52.2037 INFO  load map success 
2018-01-19 17:54:54.8647 WARN  agv文件中实际小车的数量大于SUM的数值，加载小车的前SUM行 
2018-01-19 17:54:54.9347 INFO  *--------------------------------------------------------------* 
2018-01-19 17:54:54.9347 INFO  当前工作小车10辆 
2018-01-19 17:54:54.9447 INFO  开始运行时间：2018/1/19 17:54:54 
2018-01-19 17:54:55.7848 ERROR  Session [SessionKey[7992276f-088a-48ae-845a-29e7fdc3615d], RemoteEndPoint[192.168.1.4:58532], LocalEndPoint[0.0.0.0:54321]] exception occurred, [无法从传输连接中读取数据: 远程主机强迫关闭了一个现有的连接。。]. 
2018-01-19 17:54:55.9152 ERROR  远程主机强迫关闭了一个现有的连接。 
2018-01-19 17:55:39.7467 INFO  load map success 
2018-01-19 17:55:42.1610 WARN  agv文件中实际小车的数量大于SUM的数值，加载小车的前SUM行 
2018-01-19 17:55:42.2410 INFO  *--------------------------------------------------------------* 
2018-01-19 17:55:42.2510 INFO  当前工作小车10辆 
2018-01-19 17:55:42.2510 INFO  开始运行时间：2018/1/19 17:55:42 
2018-01-19 17:58:57.5856 INFO  总任务数：0 0.06 公里 
2018-01-19 18:01:35.0018 INFO  load map success 
2018-01-19 18:01:38.4059 WARN  agv文件中实际小车的数量大于SUM的数值，加载小车的前SUM行 
2018-01-19 18:01:38.4959 INFO  *--------------------------------------------------------------* 
2018-01-19 18:01:38.4959 INFO  当前工作小车10辆 
2018-01-19 18:01:38.5159 INFO  开始运行时间：2018/1/19 18:01:38 
2018-01-19 18:46:25.9205 INFO  load map success 
2018-01-19 18:46:28.3361 WARN  agv文件中实际小车的数量大于SUM的数值，加载小车的前SUM行 
2018-01-19 18:46:28.3861 INFO  *--------------------------------------------------------------* 
2018-01-19 18:46:28.4061 INFO  当前工作小车10辆 
2018-01-19 18:46:28.4061 INFO  开始运行时间：2018/1/19 18:46:28 
2018-01-19 19:01:03.3333 INFO  load map success 
2018-01-19 19:01:05.7741 ERROR  Session [SessionKey[1ed3b6ba-5855-47e2-92d9-3f21ca8ec918], RemoteEndPoint[192.168.1.4:58880], LocalEndPoint[0.0.0.0:54321]] exception occurred, [无法从传输连接中读取数据: 远程主机强迫关闭了一个现有的连接。。]. 
2018-01-19 19:01:05.9041 ERROR  远程主机强迫关闭了一个现有的连接。 
2018-01-19 19:01:06.3642 WARN  agv文件中实际小车的数量大于SUM的数值，加载小车的前SUM行 
2018-01-19 19:01:06.4142 INFO  *--------------------------------------------------------------* 
2018-01-19 19:01:06.4242 INFO  当前工作小车10辆 
2018-01-19 19:01:06.4242 INFO  开始运行时间：2018/1/19 19:01:06 
2018-01-19 19:01:40.9965 INFO  load map success 
2018-01-19 19:01:42.9471 WARN  agv文件中实际小车的数量大于SUM的数值，加载小车的前SUM行 
2018-01-19 19:01:42.9971 INFO  *--------------------------------------------------------------* 
2018-01-19 19:01:42.9971 INFO  当前工作小车10辆 
2018-01-19 19:01:43.0071 INFO  开始运行时间：2018/1/19 19:01:43 
2018-01-19 19:01:44.5772 ERROR  Session [SessionKey[e6c5ede2-2290-46db-a603-68db40fa9124], RemoteEndPoint[192.168.1.4:58926], LocalEndPoint[0.0.0.0:54321]] exception occurred, [无法从传输连接中读取数据: 远程主机强迫关闭了一个现有的连接。。]. 
2018-01-19 19:01:44.6872 ERROR  远程主机强迫关闭了一个现有的连接。 
2018-01-19 19:22:29.6540 INFO  load map success 
2018-01-19 19:22:32.5143 WARN  agv文件中实际小车的数量大于SUM的数值，加载小车的前SUM行 
2018-01-19 19:22:32.5643 INFO  *--------------------------------------------------------------* 
2018-01-19 19:22:32.5643 INFO  当前工作小车10辆 
2018-01-19 19:22:32.5643 INFO  开始运行时间：2018/1/19 19:22:32 
2018-01-19 19:22:33.3044 ERROR  Session [SessionKey[375ba858-4499-40c0-bec6-1e04fdf4986a], RemoteEndPoint[192.168.1.4:59356], LocalEndPoint[0.0.0.0:54321]] exception occurred, [无法从传输连接中读取数据: 远程主机强迫关闭了一个现有的连接。。]. 
2018-01-19 19:22:33.4144 ERROR  远程主机强迫关闭了一个现有的连接。 
2018-01-19 19:28:30.6958 INFO  总任务数：0 VehicleManager线程开始 
2018-01-19 19:29:57.0969 INFO  load map success 
2018-01-19 19:30:00.0173 WARN  agv文件中实际小车的数量大于SUM的数值，加载小车的前SUM行 
2018-01-19 19:30:00.0973 INFO  *--------------------------------------------------------------* 
2018-01-19 19:30:00.1117 INFO  当前工作小车10辆 
2018-01-19 19:30:00.1117 INFO  开始运行时间：2018/1/19 19:30:00 
2018-01-19 20:35:43.6681 INFO  load map success 
2018-01-19 20:35:46.5972 ERROR  Session [SessionKey[e72d2bb4-1068-49f9-9566-c032c471f270], RemoteEndPoint[192.168.1.4:59408], LocalEndPoint[0.0.0.0:54321]] exception occurred, [无法从传输连接中读取数据: 远程主机强迫关闭了一个现有的连接。。]. 
2018-01-19 20:35:46.7172 ERROR  远程主机强迫关闭了一个现有的连接。 
2018-01-19 20:35:46.7272 WARN  agv文件中实际小车的数量大于SUM的数值，加载小车的前SUM行 
2018-01-19 20:35:46.8272 INFO  *--------------------------------------------------------------* 
2018-01-19 20:35:46.8272 INFO  当前工作小车10辆 
2018-01-19 20:35:46.8372 INFO  开始运行时间：2018/1/19 20:35:46 
2018-01-19 20:36:01.4021 INFO  总任务数：0 0.00 公里 
2018-01-19 20:40:02.6729 INFO  load map success 
2018-01-19 20:40:05.4709 WARN  agv文件中实际小车的数量大于SUM的数值，加载小车的前SUM行 
2018-01-19 20:40:05.5109 INFO  *--------------------------------------------------------------* 
2018-01-19 20:40:05.5209 INFO  当前工作小车10辆 
2018-01-19 20:40:05.5209 INFO  开始运行时间：2018/1/19 20:40:05 
2018-01-19 20:40:05.9110 ERROR  Session [SessionKey[52079365-d67c-4db5-a6c3-0ec012690734], RemoteEndPoint[192.168.1.4:59644], LocalEndPoint[0.0.0.0:54321]] exception occurred, [无法从传输连接中读取数据: 远程主机强迫关闭了一个现有的连接。。]. 
2018-01-19 20:40:06.0210 ERROR  远程主机强迫关闭了一个现有的连接。 
2018-01-19 22:26:17.6449 INFO  load map success 
2018-01-19 22:26:18.9531 WARN  agv文件中实际小车的数量大于SUM的数值，加载小车的前SUM行 
2018-01-19 22:26:18.9776 INFO  *--------------------------------------------------------------* 
2018-01-19 22:26:18.9776 INFO  当前工作小车10辆 
2018-01-19 22:26:18.9851 INFO  开始运行时间：2018/1/19 22:26:18 
2018-01-19 22:26:19.8845 ERROR  Session [SessionKey[71d16226-7843-4f32-a5d4-a4c67f267a40], RemoteEndPoint[192.168.1.4:36846], LocalEndPoint[0.0.0.0:54321]] exception occurred, [无法从传输连接中读取数据: 远程主机强迫关闭了一个现有的连接。。]. 
2018-01-19 22:26:19.9544 ERROR  远程主机强迫关闭了一个现有的连接。 
