2018-01-16 10:05:37.1620 INFO  load map success 
2018-01-16 10:05:40.7598 WARN  agv文件中实际小车的数量大于SUM的数值，加载小车的前SUM行 
2018-01-16 10:05:40.8257 INFO  *--------------------------------------------------------------* 
2018-01-16 10:05:40.8287 INFO  当前工作小车10辆 
2018-01-16 10:05:40.8287 INFO  开始运行时间：2018/1/16 10:05:40 
2018-01-16 10:07:18.3318 INFO  load map success 
2018-01-16 10:07:21.0629 WARN  agv文件中实际小车的数量大于SUM的数值，加载小车的前SUM行 
2018-01-16 10:07:21.1244 INFO  *--------------------------------------------------------------* 
2018-01-16 10:07:21.1294 INFO  当前工作小车10辆 
2018-01-16 10:07:21.1294 INFO  开始运行时间：2018/1/16 10:07:21 
2018-01-16 10:12:04.2099 INFO  总任务数：0 0.02 公里 
2018-01-16 10:13:44.8724 INFO  load map success 
2018-01-16 10:13:47.7037 WARN  agv文件中实际小车的数量大于SUM的数值，加载小车的前SUM行 
2018-01-16 10:13:47.7803 INFO  *--------------------------------------------------------------* 
2018-01-16 10:13:47.7883 INFO  当前工作小车10辆 
2018-01-16 10:13:47.7883 INFO  开始运行时间：2018/1/16 10:13:47 
2018-01-16 10:24:13.7593 INFO  load map success 
2018-01-16 10:24:16.8317 WARN  agv文件中实际小车的数量大于SUM的数值，加载小车的前SUM行 
2018-01-16 10:24:16.9057 INFO  *--------------------------------------------------------------* 
2018-01-16 10:24:16.9143 INFO  当前工作小车10辆 
2018-01-16 10:24:17.0103 INFO  开始运行时间：2018/1/16 10:24:17 
2018-01-16 10:24:17.2599 ERROR  Session [SessionKey[f1051450-de24-4c60-806d-17db4d6f309e], RemoteEndPoint[192.168.1.4:51372], LocalEndPoint[0.0.0.0:54321]] exception occurred, [无法从传输连接中读取数据: 远程主机强迫关闭了一个现有的连接。。]. 
2018-01-16 10:24:17.5603 ERROR  远程主机强迫关闭了一个现有的连接。 
2018-01-16 10:52:11.8646 INFO  load map success 
2018-01-16 10:52:12.7276 WARN  agv文件中实际小车的数量大于SUM的数值，加载小车的前SUM行 
2018-01-16 10:52:12.7376 INFO  *--------------------------------------------------------------* 
2018-01-16 10:52:12.7376 INFO  当前工作小车10辆 
2018-01-16 10:52:12.7376 INFO  开始运行时间：2018/1/16 10:52:12 
2018-01-16 10:52:14.2083 ERROR  Session [SessionKey[9496e20e-1897-4dd8-aad5-51a3fae6227e], RemoteEndPoint[192.168.1.4:53432], LocalEndPoint[0.0.0.0:54321]] exception occurred, [无法从传输连接中读取数据: 远程主机强迫关闭了一个现有的连接。。]. 
2018-01-16 10:52:14.2434 ERROR  远程主机强迫关闭了一个现有的连接。 
2018-01-16 10:52:26.9779 INFO  总任务数：0 0.00 公里 
2018-01-16 10:54:28.4430 INFO  load map success 
2018-01-16 10:54:29.1676 ERROR  Session [SessionKey[ba1d81cb-57ca-4a06-a7b4-0d82baeef439], RemoteEndPoint[192.168.1.4:53594], LocalEndPoint[0.0.0.0:54321]] exception occurred, [无法从传输连接中读取数据: 远程主机强迫关闭了一个现有的连接。。]. 
2018-01-16 10:54:29.1980 ERROR  远程主机强迫关闭了一个现有的连接。 
2018-01-16 10:54:29.3623 WARN  agv文件中实际小车的数量大于SUM的数值，加载小车的前SUM行 
2018-01-16 10:54:29.3623 INFO  *--------------------------------------------------------------* 
2018-01-16 10:54:29.3623 INFO  当前工作小车10辆 
2018-01-16 10:54:29.3623 INFO  开始运行时间：2018/1/16 10:54:29 
2018-01-16 11:00:29.2014 INFO  load map success 
2018-01-16 11:00:31.0734 WARN  agv文件中实际小车的数量大于SUM的数值，加载小车的前SUM行 
2018-01-16 11:00:31.1039 INFO  *--------------------------------------------------------------* 
2018-01-16 11:00:31.1039 INFO  当前工作小车10辆 
2018-01-16 11:00:31.1039 INFO  开始运行时间：2018/1/16 11:00:31 
2018-01-16 11:02:54.1208 INFO  load map success 
2018-01-16 11:02:55.4881 WARN  agv文件中实际小车的数量大于SUM的数值，加载小车的前SUM行 
2018-01-16 11:02:55.5062 INFO  *--------------------------------------------------------------* 
2018-01-16 11:02:55.5062 INFO  当前工作小车10辆 
2018-01-16 11:02:55.5062 INFO  开始运行时间：2018/1/16 11:02:55 
2018-01-16 11:08:44.9696 INFO  load map success 
2018-01-16 11:08:46.4952 WARN  agv文件中实际小车的数量大于SUM的数值，加载小车的前SUM行 
2018-01-16 11:08:46.5322 INFO  *--------------------------------------------------------------* 
2018-01-16 11:08:46.5322 INFO  当前工作小车10辆 
2018-01-16 11:08:46.5322 INFO  开始运行时间：2018/1/16 11:08:46 
2018-01-16 11:09:07.1034 INFO  load map success 
2018-01-16 11:09:08.9446 ERROR  Session [SessionKey[a7302da4-0f9c-4c35-93ac-23f1b7f67595], RemoteEndPoint[192.168.1.4:53978], LocalEndPoint[0.0.0.0:54321]] exception occurred, [无法从传输连接中读取数据: 远程主机强迫关闭了一个现有的连接。。]. 
2018-01-16 11:09:08.9666 WARN  agv文件中实际小车的数量大于SUM的数值，加载小车的前SUM行 
2018-01-16 11:09:09.1122 ERROR  远程主机强迫关闭了一个现有的连接。 
2018-01-16 11:09:09.1330 INFO  *--------------------------------------------------------------* 
2018-01-16 11:09:09.1700 INFO  当前工作小车10辆 
2018-01-16 11:09:09.1745 INFO  开始运行时间：2018/1/16 11:09:09 
2018-01-16 11:10:56.0411 INFO  load map success 
2018-01-16 11:10:57.7414 WARN  agv文件中实际小车的数量大于SUM的数值，加载小车的前SUM行 
2018-01-16 11:10:57.7705 INFO  *--------------------------------------------------------------* 
2018-01-16 11:10:57.7705 INFO  当前工作小车10辆 
2018-01-16 11:10:57.7705 INFO  开始运行时间：2018/1/16 11:10:57 
2018-01-16 11:10:58.3074 ERROR  Session [SessionKey[8ff33057-c606-48a2-a13e-93f53ab22781], RemoteEndPoint[192.168.1.4:54096], LocalEndPoint[0.0.0.0:54321]] exception occurred, [无法从传输连接中读取数据: 远程主机强迫关闭了一个现有的连接。。]. 
2018-01-16 11:10:58.3644 ERROR  远程主机强迫关闭了一个现有的连接。 
2018-01-16 11:13:21.7321 INFO  load map success 
2018-01-16 11:13:23.1308 WARN  agv文件中实际小车的数量大于SUM的数值，加载小车的前SUM行 
2018-01-16 11:13:23.1703 INFO  *--------------------------------------------------------------* 
2018-01-16 11:13:23.1778 INFO  当前工作小车10辆 
2018-01-16 11:13:23.1778 INFO  开始运行时间：2018/1/16 11:13:23 
2018-01-16 11:13:24.6201 ERROR  Session [SessionKey[ac56985c-1c90-4042-94a1-d9135f23c940], RemoteEndPoint[192.168.1.4:54258], LocalEndPoint[0.0.0.0:54321]] exception occurred, [无法从传输连接中读取数据: 远程主机强迫关闭了一个现有的连接。。]. 
2018-01-16 11:13:24.6660 ERROR  远程主机强迫关闭了一个现有的连接。 
2018-01-16 11:13:43.6796 INFO  总任务数：0 0.01 公里 
2018-01-16 11:14:04.3579 INFO  load map success 
2018-01-16 11:14:06.0452 WARN  agv文件中实际小车的数量大于SUM的数值，加载小车的前SUM行 
2018-01-16 11:14:06.0662 INFO  *--------------------------------------------------------------* 
2018-01-16 11:14:06.0662 INFO  当前工作小车10辆 
2018-01-16 11:14:06.0662 INFO  开始运行时间：2018/1/16 11:14:06 
2018-01-16 11:14:13.2016 INFO  总任务数：0 0.00 公里 
2018-01-16 11:14:56.1213 INFO  load map success 
2018-01-16 11:14:57.4511 WARN  agv文件中实际小车的数量大于SUM的数值，加载小车的前SUM行 
2018-01-16 11:14:57.4771 INFO  *--------------------------------------------------------------* 
2018-01-16 11:14:57.4771 INFO  当前工作小车10辆 
2018-01-16 11:14:57.4771 INFO  开始运行时间：2018/1/16 11:14:57 
2018-01-16 11:16:05.1675 INFO  总任务数：0 0.02 公里 
2018-01-16 11:22:09.8762 INFO  load map success 
2018-01-16 11:22:11.4732 WARN  agv文件中实际小车的数量大于SUM的数值，加载小车的前SUM行 
2018-01-16 11:22:11.4957 INFO  *--------------------------------------------------------------* 
2018-01-16 11:22:11.4957 INFO  当前工作小车10辆 
2018-01-16 11:22:11.4957 INFO  开始运行时间：2018/1/16 11:22:11 
2018-01-16 11:22:11.8947 ERROR  Session [SessionKey[7508a0dc-f0f9-4118-b7bb-c3b4009b55b4], RemoteEndPoint[192.168.1.4:54828], LocalEndPoint[0.0.0.0:54321]] exception occurred, [无法从传输连接中读取数据: 远程主机强迫关闭了一个现有的连接。。]. 
2018-01-16 11:22:11.9568 ERROR  远程主机强迫关闭了一个现有的连接。 
2018-01-16 11:22:57.1100 INFO  总任务数：0 0.01 公里 
2018-01-16 11:32:19.2510 INFO  load map success 
2018-01-16 11:32:20.7751 WARN  agv文件中实际小车的数量大于SUM的数值，加载小车的前SUM行 
2018-01-16 11:32:20.7986 INFO  *--------------------------------------------------------------* 
2018-01-16 11:32:20.7986 INFO  当前工作小车10辆 
2018-01-16 11:32:20.7986 INFO  开始运行时间：2018/1/16 11:32:20 
2018-01-16 11:32:22.2705 ERROR  Session [SessionKey[bf11cf0e-a980-4fed-810e-4932a776cb58], RemoteEndPoint[192.168.1.4:55570], LocalEndPoint[0.0.0.0:54321]] exception occurred, [无法从传输连接中读取数据: 远程主机强迫关闭了一个现有的连接。。]. 
2018-01-16 11:32:22.3305 ERROR  远程主机强迫关闭了一个现有的连接。 
2018-01-16 11:33:36.2180 INFO  load map success 
2018-01-16 11:33:37.6053 WARN  agv文件中实际小车的数量大于SUM的数值，加载小车的前SUM行 
2018-01-16 11:33:37.6223 INFO  *--------------------------------------------------------------* 
2018-01-16 11:33:37.6223 INFO  当前工作小车10辆 
2018-01-16 11:33:37.6223 INFO  开始运行时间：2018/1/16 11:33:37 
2018-01-16 11:34:42.7980 INFO  总任务数：0 0.02 公里 
2018-01-16 11:52:02.2384 INFO  load map success 
2018-01-16 11:52:05.0730 ERROR  未知错误:System.NullReferenceException: 未将对象引用设置到对象的实例。
   在 AGVSocket.Network.Packet.DoneReplyPacket.Receive() 位置 d:\0研究生\AGV\程序2\实体agv\agvManager\Network\AgvNetwork\Packet\DoneReplyPacket.cs:行号 46
   在 AGVSocket.Network.AgvServerManager.server_ClientDataReceived(Object sender, TcpClientDataReceivedEventArgs e) 位置 d:\0研究生\AGV\程序2\实体agv\agvManager\Network\Manager\AgvServerManager.cs:行号 84 
2018-01-16 11:52:05.1851 ERROR  未知错误:System.NullReferenceException: 未将对象引用设置到对象的实例。
   在 AGVSocket.Network.Packet.DoneReplyPacket.Receive() 位置 d:\0研究生\AGV\程序2\实体agv\agvManager\Network\AgvNetwork\Packet\DoneReplyPacket.cs:行号 46
   在 AGVSocket.Network.AgvServerManager.server_ClientDataReceived(Object sender, TcpClientDataReceivedEventArgs e) 位置 d:\0研究生\AGV\程序2\实体agv\agvManager\Network\Manager\AgvServerManager.cs:行号 84 
2018-01-16 11:52:05.2542 ERROR  未知错误:System.NullReferenceException: 未将对象引用设置到对象的实例。
   在 AGVSocket.Network.Packet.DoneReplyPacket.Receive() 位置 d:\0研究生\AGV\程序2\实体agv\agvManager\Network\AgvNetwork\Packet\DoneReplyPacket.cs:行号 46
   在 AGVSocket.Network.AgvServerManager.server_ClientDataReceived(Object sender, TcpClientDataReceivedEventArgs e) 位置 d:\0研究生\AGV\程序2\实体agv\agvManager\Network\Manager\AgvServerManager.cs:行号 84 
2018-01-16 11:52:05.3218 ERROR  未知错误:System.NullReferenceException: 未将对象引用设置到对象的实例。
   在 AGVSocket.Network.Packet.DoneReplyPacket.Receive() 位置 d:\0研究生\AGV\程序2\实体agv\agvManager\Network\AgvNetwork\Packet\DoneReplyPacket.cs:行号 46
   在 AGVSocket.Network.AgvServerManager.server_ClientDataReceived(Object sender, TcpClientDataReceivedEventArgs e) 位置 d:\0研究生\AGV\程序2\实体agv\agvManager\Network\Manager\AgvServerManager.cs:行号 84 
2018-01-16 11:52:05.3938 WARN  agv文件中实际小车的数量大于SUM的数值，加载小车的前SUM行 
2018-01-16 11:52:05.4208 ERROR  未知错误:System.NullReferenceException: 未将对象引用设置到对象的实例。
   在 AGVSocket.Network.Packet.DoneReplyPacket.Receive() 位置 d:\0研究生\AGV\程序2\实体agv\agvManager\Network\AgvNetwork\Packet\DoneReplyPacket.cs:行号 46
   在 AGVSocket.Network.AgvServerManager.server_ClientDataReceived(Object sender, TcpClientDataReceivedEventArgs e) 位置 d:\0研究生\AGV\程序2\实体agv\agvManager\Network\Manager\AgvServerManager.cs:行号 84 
2018-01-16 11:52:05.4997 INFO  *--------------------------------------------------------------* 
2018-01-16 11:52:05.5102 INFO  当前工作小车10辆 
2018-01-16 11:52:05.5162 INFO  开始运行时间：2018/1/16 11:52:05 
2018-01-16 11:53:32.2808 INFO  总任务数：0 0.01 公里 
2018-01-16 11:53:44.4506 INFO  load map success 
2018-01-16 11:53:46.9608 WARN  agv文件中实际小车的数量大于SUM的数值，加载小车的前SUM行 
2018-01-16 11:53:47.0093 INFO  *--------------------------------------------------------------* 
2018-01-16 11:53:47.0093 INFO  当前工作小车10辆 
2018-01-16 11:53:47.0093 INFO  开始运行时间：2018/1/16 11:53:47 
2018-01-16 11:53:47.7244 ERROR  Session [SessionKey[2a7bd565-2ff8-4783-abaa-1644c8916ce5], RemoteEndPoint[192.168.1.4:57016], LocalEndPoint[0.0.0.0:54321]] exception occurred, [无法从传输连接中读取数据: 远程主机强迫关闭了一个现有的连接。。]. 
2018-01-16 11:53:47.7943 ERROR  远程主机强迫关闭了一个现有的连接。 
2018-01-16 11:54:20.8124 INFO  总任务数：0 0.01 公里 
2018-01-16 12:45:47.1647 INFO  load map success 
2018-01-16 12:45:50.4434 WARN  agv文件中实际小车的数量大于SUM的数值，加载小车的前SUM行 
2018-01-16 12:45:50.5019 INFO  *--------------------------------------------------------------* 
2018-01-16 12:45:50.5019 INFO  当前工作小车10辆 
2018-01-16 12:45:50.5019 INFO  开始运行时间：2018/1/16 12:45:50 
2018-01-16 12:47:17.1223 INFO  load map success 
2018-01-16 12:47:20.1716 WARN  agv文件中实际小车的数量大于SUM的数值，加载小车的前SUM行 
2018-01-16 12:47:20.2144 INFO  *--------------------------------------------------------------* 
2018-01-16 12:47:20.2144 INFO  当前工作小车10辆 
2018-01-16 12:47:20.2144 INFO  开始运行时间：2018/1/16 12:47:20 
2018-01-16 12:47:29.2963 INFO  总任务数：0 VehicleManager线程开始 
2018-01-16 12:47:39.8644 INFO  load map success 
2018-01-16 12:47:42.8036 WARN  agv文件中实际小车的数量大于SUM的数值，加载小车的前SUM行 
2018-01-16 12:47:42.8451 INFO  *--------------------------------------------------------------* 
2018-01-16 12:47:42.8451 INFO  当前工作小车10辆 
2018-01-16 12:47:42.8451 INFO  开始运行时间：2018/1/16 12:47:42 
2018-01-16 12:48:29.1771 INFO  总任务数：0 0.01 公里 
2018-01-16 12:48:41.0469 INFO  load map success 
2018-01-16 12:48:43.8861 WARN  agv文件中实际小车的数量大于SUM的数值，加载小车的前SUM行 
2018-01-16 12:48:43.9457 INFO  *--------------------------------------------------------------* 
2018-01-16 12:48:43.9457 INFO  当前工作小车10辆 
2018-01-16 12:48:43.9457 INFO  开始运行时间：2018/1/16 12:48:43 
2018-01-16 12:48:44.5698 ERROR  Session [SessionKey[ad69a07e-8d38-43a5-84ce-32b13162b350], RemoteEndPoint[192.168.1.4:32884], LocalEndPoint[0.0.0.0:54321]] exception occurred, [无法从传输连接中读取数据: 远程主机强迫关闭了一个现有的连接。。]. 
2018-01-16 12:48:44.6554 ERROR  远程主机强迫关闭了一个现有的连接。 
2018-01-16 12:48:48.7873 INFO  总任务数：0 VehicleManager线程开始 
2018-01-16 16:47:35.8393 INFO  load map success 
2018-01-16 16:47:36.7093 WARN  agv文件中实际小车的数量大于SUM的数值，加载小车的前SUM行 
2018-01-16 16:47:36.7193 INFO  *--------------------------------------------------------------* 
2018-01-16 16:47:36.7193 INFO  当前工作小车10辆 
2018-01-16 16:47:36.7193 INFO  开始运行时间：2018/1/16 16:47:36 
2018-01-16 16:47:38.0395 ERROR  Session [SessionKey[3244beeb-84ff-437e-9ed4-286ca7992ca0], RemoteEndPoint[192.168.1.4:51050], LocalEndPoint[0.0.0.0:54321]] exception occurred, [无法从传输连接中读取数据: 远程主机强迫关闭了一个现有的连接。。]. 
2018-01-16 16:47:38.0796 ERROR  远程主机强迫关闭了一个现有的连接。 
2018-01-16 16:48:53.9794 INFO  总任务数：0 VehicleManager线程开始 
2018-01-16 16:49:04.9952 INFO  load map success 
2018-01-16 16:49:06.5353 WARN  agv文件中实际小车的数量大于SUM的数值，加载小车的前SUM行 
2018-01-16 16:49:06.5553 INFO  *--------------------------------------------------------------* 
2018-01-16 16:49:06.5553 INFO  当前工作小车10辆 
2018-01-16 16:49:06.5753 INFO  开始运行时间：2018/1/16 16:49:06 
2018-01-16 16:50:08.2795 INFO  load map success 
2018-01-16 16:50:09.8096 WARN  agv文件中实际小车的数量大于SUM的数值，加载小车的前SUM行 
2018-01-16 16:50:09.8296 INFO  *--------------------------------------------------------------* 
2018-01-16 16:50:09.8296 INFO  当前工作小车10辆 
2018-01-16 16:50:09.8296 INFO  开始运行时间：2018/1/16 16:50:09 
2018-01-16 16:51:32.8366 INFO  load map success 
2018-01-16 16:51:34.4398 WARN  agv文件中实际小车的数量大于SUM的数值，加载小车的前SUM行 
2018-01-16 16:51:34.4898 INFO  *--------------------------------------------------------------* 
2018-01-16 16:51:34.4898 INFO  当前工作小车10辆 
2018-01-16 16:51:34.4898 INFO  开始运行时间：2018/1/16 16:51:34 
2018-01-16 16:54:04.7436 INFO  load map success 
2018-01-16 16:54:06.2659 WARN  agv文件中实际小车的数量大于SUM的数值，加载小车的前SUM行 
2018-01-16 16:54:06.2959 INFO  *--------------------------------------------------------------* 
2018-01-16 16:54:06.2959 INFO  当前工作小车10辆 
2018-01-16 16:54:06.2959 INFO  开始运行时间：2018/1/16 16:54:06 
2018-01-16 16:55:49.8266 INFO  总任务数：0 0.00 公里 
2018-01-16 16:56:04.8785 INFO  load map success 
2018-01-16 16:56:06.4266 WARN  agv文件中实际小车的数量大于SUM的数值，加载小车的前SUM行 
2018-01-16 16:56:06.4466 INFO  *--------------------------------------------------------------* 
2018-01-16 16:56:06.4466 INFO  当前工作小车10辆 
2018-01-16 16:56:06.4466 INFO  开始运行时间：2018/1/16 16:56:06 
2018-01-16 16:56:47.1831 INFO  load map success 
2018-01-16 16:56:49.0151 WARN  agv文件中实际小车的数量大于SUM的数值，加载小车的前SUM行 
2018-01-16 16:56:49.0551 INFO  *--------------------------------------------------------------* 
2018-01-16 16:56:49.0651 INFO  当前工作小车10辆 
2018-01-16 16:56:49.0651 INFO  开始运行时间：2018/1/16 16:56:49 
2018-01-16 16:56:50.0357 ERROR  Session [SessionKey[3667cd31-f39b-43af-a9bf-4cc4d9cba6c7], RemoteEndPoint[192.168.1.4:51170], LocalEndPoint[0.0.0.0:54321]] exception occurred, [无法从传输连接中读取数据: 远程主机强迫关闭了一个现有的连接。。]. 
2018-01-16 16:56:50.1057 ERROR  远程主机强迫关闭了一个现有的连接。 
2018-01-16 16:58:56.9856 INFO  load map success 
2018-01-16 16:58:58.4972 WARN  agv文件中实际小车的数量大于SUM的数值，加载小车的前SUM行 
2018-01-16 16:58:58.5272 INFO  *--------------------------------------------------------------* 
2018-01-16 16:58:58.5272 INFO  当前工作小车10辆 
2018-01-16 16:58:58.5272 INFO  开始运行时间：2018/1/16 16:58:58 
2018-01-16 17:00:05.6161 INFO  load map success 
2018-01-16 17:00:07.1462 WARN  agv文件中实际小车的数量大于SUM的数值，加载小车的前SUM行 
2018-01-16 17:00:07.1862 INFO  *--------------------------------------------------------------* 
2018-01-16 17:00:07.1862 INFO  当前工作小车10辆 
2018-01-16 17:00:07.1862 INFO  开始运行时间：2018/1/16 17:00:07 
2018-01-16 17:01:41.1404 INFO  总任务数：0 VehicleManager线程开始 
2018-01-16 17:01:51.6727 INFO  load map success 
2018-01-16 17:01:53.2128 WARN  agv文件中实际小车的数量大于SUM的数值，加载小车的前SUM行 
2018-01-16 17:01:53.2328 INFO  *--------------------------------------------------------------* 
2018-01-16 17:01:53.2428 INFO  当前工作小车10辆 
2018-01-16 17:01:53.2428 INFO  开始运行时间：2018/1/16 17:01:53 
2018-01-16 17:01:53.4128 ERROR  Session [SessionKey[22aaa149-2dea-490a-bd31-ccebe638e157], RemoteEndPoint[192.168.1.4:51276], LocalEndPoint[0.0.0.0:54321]] exception occurred, [无法从传输连接中读取数据: 远程主机强迫关闭了一个现有的连接。。]. 
2018-01-16 17:01:53.4728 ERROR  远程主机强迫关闭了一个现有的连接。 
2018-01-16 17:05:49.7920 INFO  load map success 
2018-01-16 17:05:51.2973 WARN  agv文件中实际小车的数量大于SUM的数值，加载小车的前SUM行 
2018-01-16 17:05:51.3273 INFO  *--------------------------------------------------------------* 
2018-01-16 17:05:51.3273 INFO  当前工作小车10辆 
2018-01-16 17:05:51.3273 INFO  开始运行时间：2018/1/16 17:05:51 
2018-01-16 17:05:52.2180 ERROR  Session [SessionKey[1cee94a8-684b-4d2e-91db-fab8b34acdc5], RemoteEndPoint[192.168.1.4:51294], LocalEndPoint[0.0.0.0:54321]] exception occurred, [无法从传输连接中读取数据: 远程主机强迫关闭了一个现有的连接。。]. 
2018-01-16 17:05:52.2780 ERROR  远程主机强迫关闭了一个现有的连接。 
2018-01-16 17:05:57.6762 INFO  总任务数：0 VehicleManager线程开始 
2018-01-16 17:09:08.0265 INFO  load map success 
2018-01-16 17:09:09.5621 WARN  agv文件中实际小车的数量大于SUM的数值，加载小车的前SUM行 
2018-01-16 17:09:09.6021 INFO  *--------------------------------------------------------------* 
2018-01-16 17:09:09.6021 INFO  当前工作小车10辆 
2018-01-16 17:09:09.6021 INFO  开始运行时间：2018/1/16 17:09:09 
2018-01-16 17:09:10.1357 ERROR  Session [SessionKey[f9d9b38e-7ae3-4612-b736-7d84180bd2d0], RemoteEndPoint[192.168.1.4:51548], LocalEndPoint[0.0.0.0:54321]] exception occurred, [无法从传输连接中读取数据: 远程主机强迫关闭了一个现有的连接。。]. 
2018-01-16 17:09:10.1957 ERROR  远程主机强迫关闭了一个现有的连接。 
2018-01-16 17:09:14.0562 INFO  总任务数：0 VehicleManager线程开始 
2018-01-16 17:10:28.4082 INFO  load map success 
2018-01-16 17:10:29.9572 WARN  agv文件中实际小车的数量大于SUM的数值，加载小车的前SUM行 
2018-01-16 17:10:29.9770 INFO  *--------------------------------------------------------------* 
2018-01-16 17:10:29.9770 INFO  当前工作小车10辆 
2018-01-16 17:10:29.9770 INFO  开始运行时间：2018/1/16 17:10:29 
2018-01-16 17:10:30.5070 ERROR  Session [SessionKey[d411bb0e-0e08-4b42-8dc5-ca216e3ddae1], RemoteEndPoint[192.168.1.4:51650], LocalEndPoint[0.0.0.0:54321]] exception occurred, [无法从传输连接中读取数据: 远程主机强迫关闭了一个现有的连接。。]. 
2018-01-16 17:10:30.5770 ERROR  远程主机强迫关闭了一个现有的连接。 
2018-01-16 17:15:15.3624 INFO  load map success 
2018-01-16 17:15:16.9025 WARN  agv文件中实际小车的数量大于SUM的数值，加载小车的前SUM行 
2018-01-16 17:15:16.9325 INFO  *--------------------------------------------------------------* 
2018-01-16 17:15:16.9425 INFO  当前工作小车10辆 
2018-01-16 17:15:16.9425 INFO  开始运行时间：2018/1/16 17:15:16 
2018-01-16 17:21:29.0272 INFO  load map success 
2018-01-16 17:21:30.3885 WARN  agv文件中实际小车的数量大于SUM的数值，加载小车的前SUM行 
2018-01-16 17:21:30.4085 INFO  *--------------------------------------------------------------* 
2018-01-16 17:21:30.4085 INFO  当前工作小车10辆 
2018-01-16 17:21:30.4085 INFO  开始运行时间：2018/1/16 17:21:30 
2018-01-16 17:21:31.0386 ERROR  Session [SessionKey[0c87b616-4483-4895-bd87-44373662b634], RemoteEndPoint[192.168.1.4:52018], LocalEndPoint[0.0.0.0:54321]] exception occurred, [无法从传输连接中读取数据: 远程主机强迫关闭了一个现有的连接。。]. 
2018-01-16 17:21:31.0886 ERROR  远程主机强迫关闭了一个现有的连接。 
2018-01-16 17:23:15.0071 INFO  总任务数：0 0.03 公里 
