2018-01-04 10:11:02.0386 INFO  load map success 
2018-01-04 10:11:04.6651 WARN  agv文件中实际小车的数量大于SUM的数值，加载小车的前SUM行 
2018-01-04 10:11:04.7577 INFO  *--------------------------------------------------------------* 
2018-01-04 10:11:04.7577 INFO  当前工作小车10辆 
2018-01-04 10:11:04.7637 INFO  开始运行时间：2018/1/4 10:11:04 
2018-01-04 10:11:09.5220 INFO  总任务数：TaskSend线程开始 VehicleManager线程开始 
2018-01-04 10:13:39.4045 INFO  load map success 
2018-01-04 10:13:41.0280 WARN  agv文件中实际小车的数量大于SUM的数值，加载小车的前SUM行 
2018-01-04 10:13:41.1000 INFO  *--------------------------------------------------------------* 
2018-01-04 10:13:41.1321 INFO  当前工作小车10辆 
2018-01-04 10:13:41.2410 INFO  开始运行时间：2018/1/4 10:13:41 
2018-01-04 10:14:30.4405 ERROR  接收错误 NonsupportType-System.Collections.ListDictionaryInternal 
2018-01-04 10:14:30.4608 ERROR  data error!,len<8 
2018-01-04 10:14:30.5679 ERROR  接收错误 NonsupportType-System.Collections.ListDictionaryInternal 
2018-01-04 10:14:30.8412 ERROR  接收错误 NonsupportType-System.Collections.ListDictionaryInternal 
2018-01-04 10:14:30.8457 ERROR  data error!,len<8 
2018-01-04 10:14:30.8457 ERROR  data error!,len<8 
2018-01-04 10:14:30.8457 ERROR  data error!,len<8 
2018-01-04 10:14:30.8692 ERROR  data error!,len<8 
2018-01-04 10:14:30.9012 ERROR  data error!,len<8 
2018-01-04 10:14:30.9077 ERROR  data error!,len<8 
2018-01-04 10:14:30.9077 ERROR  data error!,len<8 
2018-01-04 10:14:30.9268 ERROR  data error!,len<8 
2018-01-04 10:14:30.9268 ERROR  data error!,len<8 
2018-01-04 10:14:30.9438 ERROR  data error!,len<8 
2018-01-04 10:14:31.2045 ERROR  接收错误 NonsupportType-System.Collections.ListDictionaryInternal 
2018-01-04 10:14:31.3516 ERROR  接收错误 NonsupportType-System.Collections.ListDictionaryInternal 
2018-01-04 10:14:31.5192 ERROR  接收错误 NonsupportType-System.Collections.ListDictionaryInternal 
2018-01-04 10:14:31.5192 ERROR  data error!,len<8 
2018-01-04 10:14:31.5477 ERROR  data error!,len<8 
2018-01-04 10:14:31.5477 ERROR  data error!,len<8 
2018-01-04 10:14:31.5477 ERROR  data error!,len<8 
2018-01-04 10:14:31.5477 ERROR  data error!,len<8 
2018-01-04 10:14:31.5477 ERROR  data error!,len<8 
2018-01-04 10:14:31.5477 ERROR  data error!,len<8 
2018-01-04 10:14:31.5477 ERROR  data error!,len<8 
2018-01-04 10:14:31.5477 ERROR  data error!,len<8 
2018-01-04 10:14:31.5691 ERROR  data error!,len<8 
2018-01-04 10:14:32.0053 ERROR  接收错误 NonsupportType-System.Collections.ListDictionaryInternal 
2018-01-04 10:14:32.1653 ERROR  接收错误 NonsupportType-System.Collections.ListDictionaryInternal 
2018-01-04 10:14:32.4782 ERROR  接收错误 NonsupportType-System.Collections.ListDictionaryInternal 
2018-01-04 10:14:32.5438 ERROR  data error!,len<8 
2018-01-04 10:14:32.5598 ERROR  data error!,len<8 
2018-01-04 10:14:32.5733 ERROR  data error!,len<8 
2018-01-04 10:14:32.5958 ERROR  data error!,len<8 
2018-01-04 10:14:32.6099 ERROR  data error!,len<8 
2018-01-04 10:14:32.6234 ERROR  data error!,len<8 
2018-01-04 10:14:32.6429 ERROR  data error!,len<8 
2018-01-04 10:14:32.6614 ERROR  data error!,len<8 
2018-01-04 10:14:32.6729 ERROR  data error!,len<8 
2018-01-04 10:14:32.6994 ERROR  data error!,len<8 
2018-01-04 10:14:32.7990 ERROR  接收错误 NonsupportType-System.Collections.ListDictionaryInternal 
2018-01-04 10:14:32.8959 ERROR  接收错误 NonsupportType-System.Collections.ListDictionaryInternal 
2018-01-04 10:14:33.0083 ERROR  接收错误 NonsupportType-System.Collections.ListDictionaryInternal 
2018-01-04 10:14:33.0153 ERROR  data error!,len<8 
2018-01-04 10:14:33.0314 ERROR  data error!,len<8 
2018-01-04 10:14:33.0314 ERROR  data error!,len<8 
2018-01-04 10:14:33.0314 ERROR  data error!,len<8 
2018-01-04 10:14:33.0489 ERROR  data error!,len<8 
2018-01-04 10:14:33.0489 ERROR  data error!,len<8 
2018-01-04 10:14:33.0489 ERROR  data error!,len<8 
2018-01-04 10:14:33.0624 ERROR  data error!,len<8 
2018-01-04 10:14:33.0624 ERROR  data error!,len<8 
2018-01-04 10:14:33.0624 ERROR  data error!,len<8 
2018-01-04 10:14:33.4777 ERROR  接收错误 NonsupportType-System.Collections.ListDictionaryInternal 
2018-01-04 10:14:33.5479 ERROR  接收错误 NonsupportType-System.Collections.ListDictionaryInternal 
2018-01-04 10:14:33.6612 ERROR  接收错误 NonsupportType-System.Collections.ListDictionaryInternal 
2018-01-04 10:14:33.6612 ERROR  data error!,len<8 
2018-01-04 10:14:33.6612 ERROR  data error!,len<8 
2018-01-04 10:14:33.6722 ERROR  data error!,len<8 
2018-01-04 10:14:33.6722 ERROR  data error!,len<8 
2018-01-04 10:14:33.6722 ERROR  data error!,len<8 
2018-01-04 10:14:33.6852 ERROR  data error!,len<8 
2018-01-04 10:14:33.6852 ERROR  data error!,len<8 
2018-01-04 10:14:33.6852 ERROR  data error!,len<8 
2018-01-04 10:14:33.6852 ERROR  data error!,len<8 
2018-01-04 10:14:33.6852 ERROR  data error!,len<8 
2018-01-04 10:14:33.8844 ERROR  接收错误 NonsupportType-System.Collections.ListDictionaryInternal 
2018-01-04 10:14:33.9796 ERROR  接收错误 NonsupportType-System.Collections.ListDictionaryInternal 
2018-01-04 10:14:34.4941 ERROR  接收错误 NonsupportType-System.Collections.ListDictionaryInternal 
2018-01-04 10:14:34.5021 ERROR  data error!,len<8 
2018-01-04 10:14:34.5021 ERROR  data error!,len<8 
2018-01-04 10:14:34.5021 ERROR  data error!,len<8 
2018-01-04 10:14:34.5205 ERROR  data error!,len<8 
2018-01-04 10:14:34.5205 ERROR  data error!,len<8 
2018-01-04 10:14:34.5346 ERROR  data error!,len<8 
2018-01-04 10:14:34.5346 ERROR  data error!,len<8 
2018-01-04 10:14:34.5346 ERROR  data error!,len<8 
2018-01-04 10:14:34.5715 ERROR  data error!,len<8 
2018-01-04 10:14:34.5805 ERROR  data error!,len<8 
2018-01-04 10:14:34.7431 ERROR  接收错误 NonsupportType-System.Collections.ListDictionaryInternal 
2018-01-04 10:14:34.8481 ERROR  接收错误 NonsupportType-System.Collections.ListDictionaryInternal 
2018-01-04 10:14:35.0131 ERROR  接收错误 NonsupportType-System.Collections.ListDictionaryInternal 
2018-01-04 10:14:35.0131 ERROR  data error!,len<8 
2018-01-04 10:14:35.0131 ERROR  data error!,len<8 
2018-01-04 10:14:35.0131 ERROR  data error!,len<8 
2018-01-04 10:14:35.0356 ERROR  data error!,len<8 
2018-01-04 10:14:35.0356 ERROR  data error!,len<8 
2018-01-04 10:14:35.0452 ERROR  data error!,len<8 
2018-01-04 10:14:35.0452 ERROR  data error!,len<8 
2018-01-04 10:14:35.0452 ERROR  data error!,len<8 
2018-01-04 10:14:35.0452 ERROR  data error!,len<8 
2018-01-04 10:14:35.0452 ERROR  data error!,len<8 
2018-01-04 10:14:35.2991 ERROR  接收错误 NonsupportType-System.Collections.ListDictionaryInternal 
2018-01-04 10:14:35.4180 ERROR  接收错误 NonsupportType-System.Collections.ListDictionaryInternal 
2018-01-04 10:14:35.6981 ERROR  接收错误 NonsupportType-System.Collections.ListDictionaryInternal 
2018-01-04 10:14:35.7031 ERROR  data error!,len<8 
2018-01-04 10:14:35.7031 ERROR  data error!,len<8 
2018-01-04 10:14:35.7031 ERROR  data error!,len<8 
2018-01-04 10:14:35.7031 ERROR  data error!,len<8 
2018-01-04 10:14:35.7203 ERROR  data error!,len<8 
2018-01-04 10:14:35.7203 ERROR  data error!,len<8 
2018-01-04 10:14:35.7203 ERROR  data error!,len<8 
2018-01-04 10:14:35.7203 ERROR  data error!,len<8 
2018-01-04 10:14:35.7203 ERROR  data error!,len<8 
2018-01-04 10:14:35.7433 ERROR  data error!,len<8 
2018-01-04 10:14:36.0664 ERROR  接收错误 NonsupportType-System.Collections.ListDictionaryInternal 
2018-01-04 10:14:36.2100 ERROR  接收错误 NonsupportType-System.Collections.ListDictionaryInternal 
2018-01-04 10:14:36.4392 ERROR  接收错误 NonsupportType-System.Collections.ListDictionaryInternal 
2018-01-04 10:14:36.4392 ERROR  data error!,len<8 
2018-01-04 10:14:36.4565 ERROR  data error!,len<8 
2018-01-04 10:14:36.4565 ERROR  data error!,len<8 
2018-01-04 10:14:36.4685 ERROR  data error!,len<8 
2018-01-04 10:14:36.4685 ERROR  data error!,len<8 
2018-01-04 10:14:36.4910 ERROR  data error!,len<8 
2018-01-04 10:14:36.5140 ERROR  data error!,len<8 
2018-01-04 10:14:36.5405 ERROR  data error!,len<8 
2018-01-04 10:14:36.5480 ERROR  data error!,len<8 
2018-01-04 10:14:36.5480 ERROR  data error!,len<8 
2018-01-04 10:14:36.8007 ERROR  接收错误 NonsupportType-System.Collections.ListDictionaryInternal 
2018-01-04 10:14:36.8963 ERROR  接收错误 NonsupportType-System.Collections.ListDictionaryInternal 
2018-01-04 10:14:37.0905 ERROR  接收错误 NonsupportType-System.Collections.ListDictionaryInternal 
2018-01-04 10:14:37.1015 ERROR  data error!,len<8 
2018-01-04 10:14:37.1380 ERROR  data error!,len<8 
2018-01-04 10:14:37.1470 ERROR  data error!,len<8 
2018-01-04 10:14:37.1580 ERROR  data error!,len<8 
2018-01-04 10:14:37.1580 ERROR  data error!,len<8 
2018-01-04 10:14:37.1580 ERROR  data error!,len<8 
2018-01-04 10:14:37.1921 ERROR  data error!,len<8 
2018-01-04 10:14:37.1921 ERROR  data error!,len<8 
2018-01-04 10:14:37.2071 ERROR  data error!,len<8 
2018-01-04 10:14:37.2071 ERROR  data error!,len<8 
2018-01-04 10:14:37.3767 ERROR  接收错误 NonsupportType-System.Collections.ListDictionaryInternal 
2018-01-04 10:14:37.4767 ERROR  接收错误 NonsupportType-System.Collections.ListDictionaryInternal 
2018-01-04 10:14:37.8174 ERROR  接收错误 NonsupportType-System.Collections.ListDictionaryInternal 
2018-01-04 10:14:37.8174 ERROR  data error!,len<8 
2018-01-04 10:14:37.8294 ERROR  data error!,len<8 
2018-01-04 10:14:37.8434 ERROR  data error!,len<8 
2018-01-04 10:14:37.8434 ERROR  data error!,len<8 
2018-01-04 10:14:37.8600 ERROR  data error!,len<8 
2018-01-04 10:14:37.8600 ERROR  data error!,len<8 
2018-01-04 10:14:37.8730 ERROR  data error!,len<8 
2018-01-04 10:14:37.8730 ERROR  data error!,len<8 
2018-01-04 10:14:37.8900 ERROR  data error!,len<8 
2018-01-04 10:14:37.8900 ERROR  data error!,len<8 
2018-01-04 10:14:38.1702 ERROR  接收错误 NonsupportType-System.Collections.ListDictionaryInternal 
2018-01-04 10:14:38.4540 ERROR  接收错误 NonsupportType-System.Collections.ListDictionaryInternal 
2018-01-04 10:14:38.5792 ERROR  接收错误 NonsupportType-System.Collections.ListDictionaryInternal 
2018-01-04 10:14:38.5792 ERROR  data error!,len<8 
2018-01-04 10:14:38.6617 ERROR  data error!,len<8 
2018-01-04 10:14:38.6727 ERROR  data error!,len<8 
2018-01-04 10:14:38.6727 ERROR  data error!,len<8 
2018-01-04 10:14:38.6727 ERROR  data error!,len<8 
2018-01-04 10:14:38.6897 ERROR  data error!,len<8 
2018-01-04 10:14:38.6897 ERROR  data error!,len<8 
2018-01-04 10:14:38.7012 ERROR  data error!,len<8 
2018-01-04 10:14:38.7012 ERROR  data error!,len<8 
2018-01-04 10:14:38.7178 ERROR  data error!,len<8 
2018-01-04 10:14:38.8093 ERROR  接收错误 NonsupportType-System.Collections.ListDictionaryInternal 
2018-01-04 10:14:38.9152 ERROR  接收错误 NonsupportType-System.Collections.ListDictionaryInternal 
2018-01-04 10:14:39.2119 ERROR  接收错误 NonsupportType-System.Collections.ListDictionaryInternal 
2018-01-04 10:14:39.2169 ERROR  data error!,len<8 
2018-01-04 10:14:39.2169 ERROR  data error!,len<8 
2018-01-04 10:14:39.2169 ERROR  data error!,len<8 
2018-01-04 10:14:39.2169 ERROR  data error!,len<8 
2018-01-04 10:14:39.2335 ERROR  data error!,len<8 
2018-01-04 10:14:39.2335 ERROR  data error!,len<8 
2018-01-04 10:14:39.2335 ERROR  data error!,len<8 
2018-01-04 10:14:39.2335 ERROR  data error!,len<8 
2018-01-04 10:14:39.2687 ERROR  data error!,len<8 
2018-01-04 10:14:39.2687 ERROR  data error!,len<8 
2018-01-04 10:14:39.4683 ERROR  接收错误 NonsupportType-System.Collections.ListDictionaryInternal 
2018-01-04 10:14:39.5655 ERROR  接收错误 NonsupportType-System.Collections.ListDictionaryInternal 
2018-01-04 10:14:39.8605 ERROR  接收错误 NonsupportType-System.Collections.ListDictionaryInternal 
2018-01-04 10:14:39.8605 ERROR  data error!,len<8 
2018-01-04 10:14:39.8750 ERROR  data error!,len<8 
2018-01-04 10:14:39.8750 ERROR  data error!,len<8 
2018-01-04 10:14:39.8895 ERROR  data error!,len<8 
2018-01-04 10:14:39.8895 ERROR  data error!,len<8 
2018-01-04 10:14:39.8895 ERROR  data error!,len<8 
2018-01-04 10:14:39.8895 ERROR  data error!,len<8 
2018-01-04 10:14:39.8895 ERROR  data error!,len<8 
2018-01-04 10:14:39.8895 ERROR  data error!,len<8 
2018-01-04 10:14:39.9160 ERROR  data error!,len<8 
2018-01-04 10:14:40.2349 ERROR  接收错误 NonsupportType-System.Collections.ListDictionaryInternal 
2018-01-04 10:14:40.5001 ERROR  接收错误 NonsupportType-System.Collections.ListDictionaryInternal 
2018-01-04 10:14:40.8028 ERROR  接收错误 NonsupportType-System.Collections.ListDictionaryInternal 
2018-01-04 10:14:40.8028 ERROR  data error!,len<8 
2018-01-04 10:14:40.8168 ERROR  data error!,len<8 
2018-01-04 10:14:40.8168 ERROR  data error!,len<8 
2018-01-04 10:14:40.8268 ERROR  data error!,len<8 
2018-01-04 10:14:40.8268 ERROR  data error!,len<8 
2018-01-04 10:14:40.8268 ERROR  data error!,len<8 
2018-01-04 10:14:40.8423 ERROR  data error!,len<8 
2018-01-04 10:14:40.8423 ERROR  data error!,len<8 
2018-01-04 10:14:40.8423 ERROR  data error!,len<8 
2018-01-04 10:14:40.8809 ERROR  data error!,len<8 
2018-01-04 10:14:41.1686 ERROR  接收错误 NonsupportType-System.Collections.ListDictionaryInternal 
2018-01-04 10:14:41.3562 ERROR  接收错误 NonsupportType-System.Collections.ListDictionaryInternal 
2018-01-04 10:14:41.4823 ERROR  接收错误 NonsupportType-System.Collections.ListDictionaryInternal 
2018-01-04 10:14:41.4823 ERROR  data error!,len<8 
2018-01-04 10:14:41.4823 ERROR  data error!,len<8 
2018-01-04 10:14:41.5008 ERROR  data error!,len<8 
2018-01-04 10:14:41.5008 ERROR  data error!,len<8 
2018-01-04 10:14:41.5008 ERROR  data error!,len<8 
2018-01-04 10:14:41.5178 ERROR  data error!,len<8 
2018-01-04 10:14:41.5178 ERROR  data error!,len<8 
2018-01-04 10:14:41.5178 ERROR  data error!,len<8 
2018-01-04 10:14:41.5373 ERROR  data error!,len<8 
2018-01-04 10:14:41.5654 ERROR  data error!,len<8 
2018-01-04 10:14:42.0682 ERROR  接收错误 NonsupportType-System.Collections.ListDictionaryInternal 
2018-01-04 10:14:42.2021 ERROR  接收错误 NonsupportType-System.Collections.ListDictionaryInternal 
2018-01-04 10:14:42.3496 ERROR  接收错误 NonsupportType-System.Collections.ListDictionaryInternal 
2018-01-04 10:14:42.3496 ERROR  data error!,len<8 
2018-01-04 10:14:42.3496 ERROR  data error!,len<8 
2018-01-04 10:14:42.3496 ERROR  data error!,len<8 
2018-01-04 10:14:42.3631 ERROR  data error!,len<8 
2018-01-04 10:14:42.3631 ERROR  data error!,len<8 
2018-01-04 10:14:42.3631 ERROR  data error!,len<8 
2018-01-04 10:14:42.3631 ERROR  data error!,len<8 
2018-01-04 10:14:42.3631 ERROR  data error!,len<8 
2018-01-04 10:14:42.3631 ERROR  data error!,len<8 
2018-01-04 10:14:42.3800 ERROR  data error!,len<8 
2018-01-04 10:14:42.5590 ERROR  接收错误 NonsupportType-System.Collections.ListDictionaryInternal 
2018-01-04 10:14:42.6516 ERROR  接收错误 NonsupportType-System.Collections.ListDictionaryInternal 
2018-01-04 10:14:42.7727 ERROR  接收错误 NonsupportType-System.Collections.ListDictionaryInternal 
2018-01-04 10:14:42.8082 ERROR  data error!,len<8 
2018-01-04 10:14:42.8142 ERROR  data error!,len<8 
2018-01-04 10:14:42.8142 ERROR  data error!,len<8 
2018-01-04 10:14:42.8142 ERROR  data error!,len<8 
2018-01-04 10:14:42.8357 ERROR  data error!,len<8 
2018-01-04 10:14:42.8442 ERROR  data error!,len<8 
2018-01-04 10:14:42.8652 ERROR  data error!,len<8 
2018-01-04 10:14:42.8867 ERROR  data error!,len<8 
2018-01-04 10:14:42.9017 ERROR  data error!,len<8 
2018-01-04 10:14:42.9148 ERROR  data error!,len<8 
2018-01-04 10:14:43.0258 ERROR  接收错误 NonsupportType-System.Collections.ListDictionaryInternal 
2018-01-04 10:14:43.1609 ERROR  接收错误 NonsupportType-System.Collections.ListDictionaryInternal 
2018-01-04 10:14:43.3589 ERROR  接收错误 NonsupportType-System.Collections.ListDictionaryInternal 
2018-01-04 10:14:43.3589 ERROR  data error!,len<8 
2018-01-04 10:14:43.3589 ERROR  data error!,len<8 
2018-01-04 10:14:43.3589 ERROR  data error!,len<8 
2018-01-04 10:14:43.3729 ERROR  data error!,len<8 
2018-01-04 10:14:43.3729 ERROR  data error!,len<8 
2018-01-04 10:14:43.3729 ERROR  data error!,len<8 
2018-01-04 10:14:43.3729 ERROR  data error!,len<8 
2018-01-04 10:14:43.3729 ERROR  data error!,len<8 
2018-01-04 10:14:43.3729 ERROR  data error!,len<8 
2018-01-04 10:14:43.3915 ERROR  data error!,len<8 
2018-01-04 10:14:43.8221 ERROR  接收错误 NonsupportType-System.Collections.ListDictionaryInternal 
2018-01-04 10:14:43.9823 ERROR  接收错误 NonsupportType-System.Collections.ListDictionaryInternal 
2018-01-04 10:14:44.1279 ERROR  接收错误 NonsupportType-System.Collections.ListDictionaryInternal 
2018-01-04 10:14:44.1279 ERROR  data error!,len<8 
2018-01-04 10:14:44.1279 ERROR  data error!,len<8 
2018-01-04 10:14:44.1394 ERROR  data error!,len<8 
2018-01-04 10:14:44.1394 ERROR  data error!,len<8 
2018-01-04 10:14:44.1734 ERROR  data error!,len<8 
2018-01-04 10:14:44.1734 ERROR  data error!,len<8 
2018-01-04 10:14:44.1904 ERROR  data error!,len<8 
2018-01-04 10:14:44.1904 ERROR  data error!,len<8 
2018-01-04 10:14:44.2049 ERROR  data error!,len<8 
2018-01-04 10:14:44.2234 ERROR  data error!,len<8 
2018-01-04 10:14:44.4176 ERROR  接收错误 NonsupportType-System.Collections.ListDictionaryInternal 
2018-01-04 10:14:44.5572 ERROR  接收错误 NonsupportType-System.Collections.ListDictionaryInternal 
2018-01-04 10:14:44.7855 ERROR  接收错误 NonsupportType-System.Collections.ListDictionaryInternal 
2018-01-04 10:14:44.7855 ERROR  data error!,len<8 
2018-01-04 10:14:44.7855 ERROR  data error!,len<8 
2018-01-04 10:14:44.7955 ERROR  data error!,len<8 
2018-01-04 10:14:44.7955 ERROR  data error!,len<8 
2018-01-04 10:14:44.7955 ERROR  data error!,len<8 
2018-01-04 10:14:44.7955 ERROR  data error!,len<8 
2018-01-04 10:14:44.7955 ERROR  data error!,len<8 
2018-01-04 10:14:44.8107 ERROR  data error!,len<8 
2018-01-04 10:14:44.8107 ERROR  data error!,len<8 
2018-01-04 10:14:44.8107 ERROR  data error!,len<8 
2018-01-04 10:14:45.1018 ERROR  接收错误 NonsupportType-System.Collections.ListDictionaryInternal 
2018-01-04 10:14:45.2394 ERROR  接收错误 NonsupportType-System.Collections.ListDictionaryInternal 
2018-01-04 10:14:45.4818 ERROR  接收错误 NonsupportType-System.Collections.ListDictionaryInternal 
2018-01-04 10:14:45.4818 ERROR  data error!,len<8 
2018-01-04 10:14:45.4818 ERROR  data error!,len<8 
2018-01-04 10:14:45.4818 ERROR  data error!,len<8 
2018-01-04 10:14:45.4818 ERROR  data error!,len<8 
2018-01-04 10:14:45.5009 ERROR  data error!,len<8 
2018-01-04 10:14:45.5009 ERROR  data error!,len<8 
2018-01-04 10:14:45.5009 ERROR  data error!,len<8 
2018-01-04 10:14:45.5009 ERROR  data error!,len<8 
2018-01-04 10:14:45.5179 ERROR  data error!,len<8 
2018-01-04 10:14:45.5179 ERROR  data error!,len<8 
2018-01-04 10:14:45.8383 ERROR  接收错误 NonsupportType-System.Collections.ListDictionaryInternal 
2018-01-04 10:14:45.9895 ERROR  接收错误 NonsupportType-System.Collections.ListDictionaryInternal 
2018-01-04 10:14:46.2473 ERROR  接收错误 NonsupportType-System.Collections.ListDictionaryInternal 
2018-01-04 10:14:46.2493 ERROR  data error!,len<8 
2018-01-04 10:14:46.2493 ERROR  data error!,len<8 
2018-01-04 10:14:46.2650 ERROR  data error!,len<8 
2018-01-04 10:14:46.2650 ERROR  data error!,len<8 
2018-01-04 10:14:46.2855 ERROR  data error!,len<8 
2018-01-04 10:14:46.2855 ERROR  data error!,len<8 
2018-01-04 10:14:46.3010 ERROR  data error!,len<8 
2018-01-04 10:14:46.3010 ERROR  data error!,len<8 
2018-01-04 10:14:46.3131 ERROR  data error!,len<8 
2018-01-04 10:14:46.3131 ERROR  data error!,len<8 
2018-01-04 10:14:46.7864 ERROR  接收错误 NonsupportType-System.Collections.ListDictionaryInternal 
2018-01-04 10:14:47.1812 ERROR  接收错误 NonsupportType-System.Collections.ListDictionaryInternal 
2018-01-04 10:14:47.3343 ERROR  接收错误 NonsupportType-System.Collections.ListDictionaryInternal 
2018-01-04 10:14:47.3343 ERROR  data error!,len<8 
2018-01-04 10:14:47.3418 ERROR  data error!,len<8 
2018-01-04 10:14:47.3418 ERROR  data error!,len<8 
2018-01-04 10:14:47.3418 ERROR  data error!,len<8 
2018-01-04 10:14:47.3418 ERROR  data error!,len<8 
2018-01-04 10:14:47.3593 ERROR  data error!,len<8 
2018-01-04 10:14:47.3593 ERROR  data error!,len<8 
2018-01-04 10:14:47.3593 ERROR  data error!,len<8 
2018-01-04 10:14:47.3593 ERROR  data error!,len<8 
2018-01-04 10:14:47.3728 ERROR  data error!,len<8 
2018-01-04 10:14:47.4397 ERROR  接收错误 NonsupportType-System.Collections.ListDictionaryInternal 
2018-01-04 10:14:47.5078 ERROR  接收错误 NonsupportType-System.Collections.ListDictionaryInternal 
2018-01-04 10:14:47.5786 ERROR  接收错误 NonsupportType-System.Collections.ListDictionaryInternal 
2018-01-04 10:14:47.5786 ERROR  data error!,len<8 
2018-01-04 10:14:47.5786 ERROR  data error!,len<8 
2018-01-04 10:14:47.5786 ERROR  data error!,len<8 
2018-01-04 10:14:47.5935 ERROR  data error!,len<8 
2018-01-04 10:14:47.5935 ERROR  data error!,len<8 
2018-01-04 10:14:47.5935 ERROR  data error!,len<8 
2018-01-04 10:14:47.5935 ERROR  data error!,len<8 
2018-01-04 10:14:47.6080 ERROR  data error!,len<8 
2018-01-04 10:14:47.6080 ERROR  data error!,len<8 
2018-01-04 10:14:47.6080 ERROR  data error!,len<8 
2018-01-04 10:14:48.0514 ERROR  接收错误 NonsupportType-System.Collections.ListDictionaryInternal 
2018-01-04 10:14:48.1289 ERROR  接收错误 NonsupportType-System.Collections.ListDictionaryInternal 
2018-01-04 10:14:48.4379 ERROR  接收错误 NonsupportType-System.Collections.ListDictionaryInternal 
2018-01-04 10:14:48.4634 ERROR  data error!,len<8 
2018-01-04 10:14:48.4754 ERROR  data error!,len<8 
2018-01-04 10:14:48.4819 ERROR  data error!,len<8 
2018-01-04 10:14:48.4819 ERROR  data error!,len<8 
2018-01-04 10:14:48.4819 ERROR  data error!,len<8 
2018-01-04 10:14:48.5199 ERROR  data error!,len<8 
2018-01-04 10:14:48.5199 ERROR  data error!,len<8 
2018-01-04 10:14:48.5305 ERROR  data error!,len<8 
2018-01-04 10:14:48.5305 ERROR  data error!,len<8 
2018-01-04 10:14:48.5465 ERROR  data error!,len<8 
2018-01-04 10:14:48.6916 ERROR  接收错误 NonsupportType-System.Collections.ListDictionaryInternal 
2018-01-04 10:14:48.7921 ERROR  接收错误 NonsupportType-System.Collections.ListDictionaryInternal 
2018-01-04 10:14:49.0999 ERROR  接收错误 NonsupportType-System.Collections.ListDictionaryInternal 
2018-01-04 10:14:49.1084 ERROR  data error!,len<8 
2018-01-04 10:14:49.1084 ERROR  data error!,len<8 
2018-01-04 10:14:49.1084 ERROR  data error!,len<8 
2018-01-04 10:14:49.1229 ERROR  data error!,len<8 
2018-01-04 10:14:49.1229 ERROR  data error!,len<8 
2018-01-04 10:14:49.1229 ERROR  data error!,len<8 
2018-01-04 10:14:49.1394 ERROR  data error!,len<8 
2018-01-04 10:14:49.1394 ERROR  data error!,len<8 
2018-01-04 10:14:49.1735 ERROR  data error!,len<8 
2018-01-04 10:14:49.1735 ERROR  data error!,len<8 
2018-01-04 10:14:49.2971 ERROR  接收错误 NonsupportType-System.Collections.ListDictionaryInternal 
2018-01-04 10:14:49.3896 ERROR  接收错误 NonsupportType-System.Collections.ListDictionaryInternal 
2018-01-04 10:14:49.7789 ERROR  接收错误 NonsupportType-System.Collections.ListDictionaryInternal 
2018-01-04 10:14:49.7789 ERROR  data error!,len<8 
2018-01-04 10:14:49.7948 ERROR  data error!,len<8 
2018-01-04 10:14:49.7948 ERROR  data error!,len<8 
2018-01-04 10:14:49.7948 ERROR  data error!,len<8 
2018-01-04 10:14:49.7948 ERROR  data error!,len<8 
2018-01-04 10:14:49.7948 ERROR  data error!,len<8 
2018-01-04 10:14:49.8297 ERROR  data error!,len<8 
2018-01-04 10:14:49.8297 ERROR  data error!,len<8 
2018-01-04 10:14:49.8417 ERROR  data error!,len<8 
2018-01-04 10:14:49.8417 ERROR  data error!,len<8 
2018-01-04 10:14:50.0259 ERROR  接收错误 NonsupportType-System.Collections.ListDictionaryInternal 
2018-01-04 10:14:50.1756 ERROR  接收错误 NonsupportType-System.Collections.ListDictionaryInternal 
2018-01-04 10:14:50.4453 ERROR  接收错误 NonsupportType-System.Collections.ListDictionaryInternal 
2018-01-04 10:14:50.4453 ERROR  data error!,len<8 
2018-01-04 10:14:50.4548 ERROR  data error!,len<8 
2018-01-04 10:14:50.4548 ERROR  data error!,len<8 
2018-01-04 10:14:50.4548 ERROR  data error!,len<8 
2018-01-04 10:14:50.4728 ERROR  data error!,len<8 
2018-01-04 10:14:50.4728 ERROR  data error!,len<8 
2018-01-04 10:14:50.4833 ERROR  data error!,len<8 
2018-01-04 10:14:50.4833 ERROR  data error!,len<8 
2018-01-04 10:14:50.4833 ERROR  data error!,len<8 
2018-01-04 10:14:50.5008 ERROR  data error!,len<8 
2018-01-04 10:14:50.6992 ERROR  接收错误 NonsupportType-System.Collections.ListDictionaryInternal 
2018-01-04 10:14:50.8049 ERROR  接收错误 NonsupportType-System.Collections.ListDictionaryInternal 
2018-01-04 10:14:51.1035 ERROR  接收错误 NonsupportType-System.Collections.ListDictionaryInternal 
2018-01-04 10:14:51.1080 ERROR  data error!,len<8 
2018-01-04 10:14:51.1080 ERROR  data error!,len<8 
2018-01-04 10:14:51.1080 ERROR  data error!,len<8 
2018-01-04 10:14:51.1080 ERROR  data error!,len<8 
2018-01-04 10:14:51.1281 ERROR  data error!,len<8 
2018-01-04 10:14:51.1281 ERROR  data error!,len<8 
2018-01-04 10:14:51.1281 ERROR  data error!,len<8 
2018-01-04 10:14:51.1436 ERROR  data error!,len<8 
2018-01-04 10:14:51.1586 ERROR  data error!,len<8 
2018-01-04 10:14:51.1586 ERROR  data error!,len<8 
2018-01-04 10:14:51.4162 ERROR  接收错误 NonsupportType-System.Collections.ListDictionaryInternal 
2018-01-04 10:14:51.5252 ERROR  接收错误 NonsupportType-System.Collections.ListDictionaryInternal 
2018-01-04 10:14:51.8197 ERROR  接收错误 NonsupportType-System.Collections.ListDictionaryInternal 
2018-01-04 10:14:51.8197 ERROR  data error!,len<8 
2018-01-04 10:14:51.8346 ERROR  data error!,len<8 
2018-01-04 10:14:51.8346 ERROR  data error!,len<8 
2018-01-04 10:14:51.8461 ERROR  data error!,len<8 
2018-01-04 10:14:51.8461 ERROR  data error!,len<8 
2018-01-04 10:14:51.8626 ERROR  data error!,len<8 
2018-01-04 10:14:51.8626 ERROR  data error!,len<8 
2018-01-04 10:14:51.8626 ERROR  data error!,len<8 
2018-01-04 10:14:51.8820 ERROR  data error!,len<8 
2018-01-04 10:14:51.8820 ERROR  data error!,len<8 
2018-01-04 10:14:52.3928 ERROR  接收错误 NonsupportType-System.Collections.ListDictionaryInternal 
2018-01-04 10:14:52.4835 ERROR  接收错误 NonsupportType-System.Collections.ListDictionaryInternal 
2018-01-04 10:14:52.6295 ERROR  接收错误 NonsupportType-System.Collections.ListDictionaryInternal 
2018-01-04 10:14:52.6635 ERROR  data error!,len<8 
2018-01-04 10:14:52.6841 ERROR  data error!,len<8 
2018-01-04 10:14:52.6986 ERROR  data error!,len<8 
2018-01-04 10:14:52.7046 ERROR  data error!,len<8 
2018-01-04 10:14:52.7046 ERROR  data error!,len<8 
2018-01-04 10:14:52.7046 ERROR  data error!,len<8 
2018-01-04 10:14:52.7231 ERROR  data error!,len<8 
2018-01-04 10:14:52.7231 ERROR  data error!,len<8 
2018-01-04 10:14:52.7231 ERROR  data error!,len<8 
2018-01-04 10:14:52.7356 ERROR  data error!,len<8 
2018-01-04 10:14:52.8347 ERROR  接收错误 NonsupportType-System.Collections.ListDictionaryInternal 
2018-01-04 10:14:52.9303 ERROR  接收错误 NonsupportType-System.Collections.ListDictionaryInternal 
2018-01-04 10:14:53.1895 ERROR  接收错误 NonsupportType-System.Collections.ListDictionaryInternal 
2018-01-04 10:14:53.1895 ERROR  data error!,len<8 
2018-01-04 10:14:53.2078 ERROR  data error!,len<8 
2018-01-04 10:14:53.2078 ERROR  data error!,len<8 
2018-01-04 10:14:53.2188 ERROR  data error!,len<8 
2018-01-04 10:14:53.2188 ERROR  data error!,len<8 
2018-01-04 10:14:53.2188 ERROR  data error!,len<8 
2018-01-04 10:14:53.2188 ERROR  data error!,len<8 
2018-01-04 10:14:53.2358 ERROR  data error!,len<8 
2018-01-04 10:14:53.2358 ERROR  data error!,len<8 
2018-01-04 10:14:53.2358 ERROR  data error!,len<8 
2018-01-04 10:14:53.5025 ERROR  接收错误 NonsupportType-System.Collections.ListDictionaryInternal 
2018-01-04 10:14:53.6285 ERROR  接收错误 NonsupportType-System.Collections.ListDictionaryInternal 
2018-01-04 10:14:53.9327 ERROR  接收错误 NonsupportType-System.Collections.ListDictionaryInternal 
2018-01-04 10:14:53.9372 ERROR  data error!,len<8 
2018-01-04 10:14:53.9372 ERROR  data error!,len<8 
2018-01-04 10:14:53.9372 ERROR  data error!,len<8 
2018-01-04 10:14:53.9372 ERROR  data error!,len<8 
2018-01-04 10:14:53.9510 ERROR  data error!,len<8 
2018-01-04 10:14:53.9510 ERROR  data error!,len<8 
2018-01-04 10:14:53.9510 ERROR  data error!,len<8 
2018-01-04 10:14:53.9510 ERROR  data error!,len<8 
2018-01-04 10:14:53.9510 ERROR  data error!,len<8 
2018-01-04 10:14:53.9716 ERROR  data error!,len<8 
2018-01-04 10:14:54.2468 ERROR  接收错误 NonsupportType-System.Collections.ListDictionaryInternal 
2018-01-04 10:14:54.3619 ERROR  接收错误 NonsupportType-System.Collections.ListDictionaryInternal 
2018-01-04 10:14:54.5665 ERROR  接收错误 NonsupportType-System.Collections.ListDictionaryInternal 
2018-01-04 10:14:54.5665 ERROR  data error!,len<8 
2018-01-04 10:14:54.5665 ERROR  data error!,len<8 
2018-01-04 10:14:54.5775 ERROR  data error!,len<8 
2018-01-04 10:14:54.5775 ERROR  data error!,len<8 
2018-01-04 10:14:54.5775 ERROR  data error!,len<8 
2018-01-04 10:14:54.5915 ERROR  data error!,len<8 
2018-01-04 10:14:54.5915 ERROR  data error!,len<8 
2018-01-04 10:14:54.5915 ERROR  data error!,len<8 
2018-01-04 10:14:54.5915 ERROR  data error!,len<8 
2018-01-04 10:14:54.5915 ERROR  data error!,len<8 
2018-01-04 10:14:55.0721 ERROR  接收错误 NonsupportType-System.Collections.ListDictionaryInternal 
2018-01-04 10:14:55.1452 ERROR  接收错误 NonsupportType-System.Collections.ListDictionaryInternal 
2018-01-04 10:14:55.2843 ERROR  接收错误 NonsupportType-System.Collections.ListDictionaryInternal 
2018-01-04 10:14:55.2843 ERROR  data error!,len<8 
2018-01-04 10:14:55.2843 ERROR  data error!,len<8 
2018-01-04 10:14:55.2843 ERROR  data error!,len<8 
2018-01-04 10:14:55.2993 ERROR  data error!,len<8 
2018-01-04 10:14:55.2993 ERROR  data error!,len<8 
2018-01-04 10:14:55.2993 ERROR  data error!,len<8 
2018-01-04 10:14:55.2993 ERROR  data error!,len<8 
2018-01-04 10:14:55.2993 ERROR  data error!,len<8 
2018-01-04 10:14:55.2993 ERROR  data error!,len<8 
2018-01-04 10:14:55.2993 ERROR  data error!,len<8 
2018-01-04 10:14:55.5581 ERROR  接收错误 NonsupportType-System.Collections.ListDictionaryInternal 
2018-01-04 10:14:55.6607 ERROR  接收错误 NonsupportType-System.Collections.ListDictionaryInternal 
2018-01-04 10:14:55.9788 ERROR  接收错误 NonsupportType-System.Collections.ListDictionaryInternal 
2018-01-04 10:14:55.9943 ERROR  data error!,len<8 
2018-01-04 10:14:55.9993 ERROR  data error!,len<8 
2018-01-04 10:14:55.9993 ERROR  data error!,len<8 
2018-01-04 10:14:55.9993 ERROR  data error!,len<8 
2018-01-04 10:14:55.9993 ERROR  data error!,len<8 
2018-01-04 10:14:56.0163 ERROR  data error!,len<8 
2018-01-04 10:14:56.0163 ERROR  data error!,len<8 
2018-01-04 10:14:56.0163 ERROR  data error!,len<8 
2018-01-04 10:14:56.0323 ERROR  data error!,len<8 
2018-01-04 10:14:56.0568 ERROR  data error!,len<8 
2018-01-04 10:14:56.2555 ERROR  接收错误 NonsupportType-System.Collections.ListDictionaryInternal 
2018-01-04 10:14:56.3550 ERROR  接收错误 NonsupportType-System.Collections.ListDictionaryInternal 
2018-01-04 10:14:56.7605 ERROR  接收错误 NonsupportType-System.Collections.ListDictionaryInternal 
2018-01-04 10:14:56.7680 ERROR  data error!,len<8 
2018-01-04 10:14:56.7680 ERROR  data error!,len<8 
2018-01-04 10:14:56.7795 ERROR  data error!,len<8 
2018-01-04 10:14:56.7795 ERROR  data error!,len<8 
2018-01-04 10:14:56.7795 ERROR  data error!,len<8 
2018-01-04 10:14:56.7795 ERROR  data error!,len<8 
2018-01-04 10:14:56.8024 ERROR  data error!,len<8 
2018-01-04 10:14:56.8024 ERROR  data error!,len<8 
2018-01-04 10:14:56.8314 ERROR  data error!,len<8 
2018-01-04 10:14:56.8314 ERROR  data error!,len<8 
2018-01-04 10:14:57.0176 ERROR  接收错误 NonsupportType-System.Collections.ListDictionaryInternal 
2018-01-04 10:14:57.2233 ERROR  接收错误 NonsupportType-System.Collections.ListDictionaryInternal 
2018-01-04 10:14:57.4629 ERROR  接收错误 NonsupportType-System.Collections.ListDictionaryInternal 
2018-01-04 10:14:57.5055 ERROR  data error!,len<8 
2018-01-04 10:14:57.5055 ERROR  data error!,len<8 
2018-01-04 10:14:57.5140 ERROR  data error!,len<8 
2018-01-04 10:14:57.5140 ERROR  data error!,len<8 
2018-01-04 10:14:57.5140 ERROR  data error!,len<8 
2018-01-04 10:14:57.5140 ERROR  data error!,len<8 
2018-01-04 10:14:57.5340 ERROR  data error!,len<8 
2018-01-04 10:14:57.5340 ERROR  data error!,len<8 
2018-01-04 10:14:57.5340 ERROR  data error!,len<8 
2018-01-04 10:14:57.5495 ERROR  data error!,len<8 
2018-01-04 10:14:57.7442 ERROR  接收错误 NonsupportType-System.Collections.ListDictionaryInternal 
2018-01-04 10:14:57.8862 ERROR  接收错误 NonsupportType-System.Collections.ListDictionaryInternal 
2018-01-04 10:14:58.1034 ERROR  接收错误 NonsupportType-System.Collections.ListDictionaryInternal 
2018-01-04 10:14:58.1084 ERROR  data error!,len<8 
2018-01-04 10:14:58.1084 ERROR  data error!,len<8 
2018-01-04 10:14:58.1084 ERROR  data error!,len<8 
2018-01-04 10:14:58.1239 ERROR  data error!,len<8 
2018-01-04 10:14:58.1239 ERROR  data error!,len<8 
2018-01-04 10:14:58.1239 ERROR  data error!,len<8 
2018-01-04 10:14:58.1239 ERROR  data error!,len<8 
2018-01-04 10:14:58.1399 ERROR  data error!,len<8 
2018-01-04 10:14:58.1399 ERROR  data error!,len<8 
2018-01-04 10:14:58.1399 ERROR  data error!,len<8 
2018-01-04 10:14:58.3799 ERROR  接收错误 NonsupportType-System.Collections.ListDictionaryInternal 
2018-01-04 10:14:58.4920 ERROR  接收错误 NonsupportType-System.Collections.ListDictionaryInternal 
2018-01-04 10:14:58.7623 ERROR  接收错误 NonsupportType-System.Collections.ListDictionaryInternal 
2018-01-04 10:14:58.7654 ERROR  data error!,len<8 
2018-01-04 10:14:58.7654 ERROR  data error!,len<8 
2018-01-04 10:14:58.7654 ERROR  data error!,len<8 
2018-01-04 10:14:58.7654 ERROR  data error!,len<8 
2018-01-04 10:14:58.7654 ERROR  data error!,len<8 
2018-01-04 10:14:58.7654 ERROR  data error!,len<8 
2018-01-04 10:14:58.7852 ERROR  data error!,len<8 
2018-01-04 10:14:58.7852 ERROR  data error!,len<8 
2018-01-04 10:14:58.7852 ERROR  data error!,len<8 
2018-01-04 10:14:58.7852 ERROR  data error!,len<8 
2018-01-04 10:14:59.1194 ERROR  接收错误 NonsupportType-System.Collections.ListDictionaryInternal 
2018-01-04 10:14:59.3199 ERROR  接收错误 NonsupportType-System.Collections.ListDictionaryInternal 
2018-01-04 10:36:15.6437 INFO  load map success 
2018-01-04 10:36:20.8801 WARN  agv文件中实际小车的数量大于SUM的数值，加载小车的前SUM行 
2018-01-04 10:36:21.2130 INFO  *--------------------------------------------------------------* 
2018-01-04 10:36:21.2190 INFO  当前工作小车10辆 
2018-01-04 10:36:21.2190 INFO  开始运行时间：2018/1/4 10:36:21 
2018-01-04 11:48:27.3617 INFO  load map success 
2018-01-04 11:48:30.0684 WARN  agv文件中实际小车的数量大于SUM的数值，加载小车的前SUM行 
2018-01-04 11:48:30.1482 INFO  *--------------------------------------------------------------* 
2018-01-04 11:48:30.1482 INFO  当前工作小车10辆 
2018-01-04 11:48:30.1562 INFO  开始运行时间：2018/1/4 11:48:30 
