2018-01-06 11:45:47.5852 INFO  load map success 
2018-01-06 11:45:53.0314 WARN  agv文件中实际小车的数量大于SUM的数值，加载小车的前SUM行 
2018-01-06 11:45:54.1961 INFO  *--------------------------------------------------------------* 
2018-01-06 11:45:54.1961 INFO  当前工作小车10辆 
2018-01-06 11:45:54.1961 INFO  开始运行时间：2018/1/6 11:45:54 
2018-01-06 11:47:16.3203 INFO  load map success 
2018-01-06 11:47:19.5594 WARN  agv文件中实际小车的数量大于SUM的数值，加载小车的前SUM行 
2018-01-06 11:47:19.6494 INFO  *--------------------------------------------------------------* 
2018-01-06 11:47:19.6494 INFO  当前工作小车10辆 
2018-01-06 11:47:19.6494 INFO  开始运行时间：2018/1/6 11:47:19 
2018-01-06 11:47:43.5653 INFO  总任务数：TaskSend线程开始 VehicleManager线程开始 
2018-01-06 11:48:21.0145 INFO  load map success 
2018-01-06 11:48:23.4213 WARN  agv文件中实际小车的数量大于SUM的数值，加载小车的前SUM行 
2018-01-06 11:48:33.2365 INFO  *--------------------------------------------------------------* 
2018-01-06 11:48:33.2365 INFO  当前工作小车10辆 
2018-01-06 11:48:33.2365 INFO  开始运行时间：2018/1/6 11:48:33 
2018-01-06 12:06:42.9116 INFO  load map success 
2018-01-06 12:06:45.6653 WARN  agv文件中实际小车的数量大于SUM的数值，加载小车的前SUM行 
2018-01-06 12:06:45.7453 INFO  *--------------------------------------------------------------* 
2018-01-06 12:06:45.7453 INFO  当前工作小车10辆 
2018-01-06 12:06:45.7453 INFO  开始运行时间：2018/1/6 12:06:45 
2018-01-06 12:06:49.0488 INFO  总任务数：0 VehicleManager线程开始 
2018-01-06 12:06:49.3388 ERROR  发送失败 
2018-01-06 12:07:53.0512 INFO  load map success 
2018-01-06 12:07:55.8665 WARN  agv文件中实际小车的数量大于SUM的数值，加载小车的前SUM行 
2018-01-06 12:07:55.9365 INFO  *--------------------------------------------------------------* 
2018-01-06 12:07:55.9365 INFO  当前工作小车10辆 
2018-01-06 12:07:55.9365 INFO  开始运行时间：2018/1/6 12:07:55 
2018-01-06 12:12:32.5352 INFO  load map success 
2018-01-06 12:12:35.4059 WARN  agv文件中实际小车的数量大于SUM的数值，加载小车的前SUM行 
2018-01-06 12:12:35.4659 INFO  *--------------------------------------------------------------* 
2018-01-06 12:12:35.4759 INFO  当前工作小车10辆 
2018-01-06 12:12:35.4759 INFO  开始运行时间：2018/1/6 12:12:35 
2018-01-06 12:13:00.4771 INFO  总任务数：0 0.00 公里 
2018-01-06 12:13:12.7639 INFO  load map success 
2018-01-06 12:13:15.1463 WARN  agv文件中实际小车的数量大于SUM的数值，加载小车的前SUM行 
2018-01-06 12:13:15.2363 INFO  *--------------------------------------------------------------* 
2018-01-06 12:13:15.2363 INFO  当前工作小车10辆 
2018-01-06 12:13:15.2563 INFO  开始运行时间：2018/1/6 12:13:15 
2018-01-06 12:15:20.5274 INFO  总任务数：TaskSend线程开始 0.00 公里 
2018-01-06 12:15:20.5274 ERROR  发送失败 
2018-01-06 12:15:36.0176 INFO  load map success 
2018-01-06 12:15:38.7002 WARN  agv文件中实际小车的数量大于SUM的数值，加载小车的前SUM行 
2018-01-06 12:15:38.7701 INFO  *--------------------------------------------------------------* 
2018-01-06 12:15:38.7701 INFO  当前工作小车10辆 
2018-01-06 12:15:38.7801 INFO  开始运行时间：2018/1/6 12:15:38 
2018-01-06 12:18:01.9206 INFO  load map success 
2018-01-06 12:18:05.0408 WARN  agv文件中实际小车的数量大于SUM的数值，加载小车的前SUM行 
2018-01-06 12:18:05.1108 INFO  *--------------------------------------------------------------* 
2018-01-06 12:18:05.1108 INFO  当前工作小车10辆 
2018-01-06 12:18:05.1108 INFO  开始运行时间：2018/1/6 12:18:05 
2018-01-06 12:18:37.3411 INFO  总任务数：TaskSend线程开始 0.00 公里 
2018-01-06 12:18:37.3511 ERROR  发送失败 
2018-01-06 12:23:07.9437 INFO  load map success 
2018-01-06 12:23:09.6838 WARN  agv文件中实际小车的数量大于SUM的数值，加载小车的前SUM行 
2018-01-06 12:23:09.7538 INFO  *--------------------------------------------------------------* 
2018-01-06 12:23:09.7538 INFO  当前工作小车10辆 
2018-01-06 12:23:09.7638 INFO  开始运行时间：2018/1/6 12:23:09 
2018-01-06 12:25:21.9228 INFO  总任务数：0 0.01 公里 
2018-01-06 12:27:35.6902 INFO  load map success 
2018-01-06 12:27:39.0507 WARN  agv文件中实际小车的数量大于SUM的数值，加载小车的前SUM行 
2018-01-06 12:27:39.1207 INFO  *--------------------------------------------------------------* 
2018-01-06 12:27:39.1207 INFO  当前工作小车10辆 
2018-01-06 12:27:39.1207 INFO  开始运行时间：2018/1/6 12:27:39 
2018-01-06 13:16:40.2203 INFO  load map success 
2018-01-06 13:16:42.9728 WARN  agv文件中实际小车的数量大于SUM的数值，加载小车的前SUM行 
2018-01-06 13:16:43.0328 INFO  *--------------------------------------------------------------* 
2018-01-06 13:16:43.0328 INFO  当前工作小车10辆 
2018-01-06 13:16:43.0328 INFO  开始运行时间：2018/1/6 13:16:43 
2018-01-06 13:17:19.4528 INFO  load map success 
2018-01-06 13:17:22.2633 WARN  agv文件中实际小车的数量大于SUM的数值，加载小车的前SUM行 
2018-01-06 13:17:22.3234 INFO  *--------------------------------------------------------------* 
2018-01-06 13:17:22.3333 INFO  当前工作小车10辆 
2018-01-06 13:17:22.3333 INFO  开始运行时间：2018/1/6 13:17:22 
2018-01-06 13:19:42.5609 INFO  load map success 
2018-01-06 13:19:45.7281 WARN  agv文件中实际小车的数量大于SUM的数值，加载小车的前SUM行 
2018-01-06 13:19:45.7881 INFO  *--------------------------------------------------------------* 
2018-01-06 13:19:45.7981 INFO  当前工作小车10辆 
2018-01-06 13:19:45.7981 INFO  开始运行时间：2018/1/6 13:19:45 
2018-01-06 13:25:37.2746 INFO  load map success 
2018-01-06 13:25:39.6862 WARN  agv文件中实际小车的数量大于SUM的数值，加载小车的前SUM行 
2018-01-06 13:25:39.7462 INFO  *--------------------------------------------------------------* 
2018-01-06 13:25:39.7462 INFO  当前工作小车10辆 
2018-01-06 13:25:39.7562 INFO  开始运行时间：2018/1/6 13:25:39 
2018-01-06 13:26:10.2838 ERROR  SqlHelper.GetDataSet SQL:SqlHelper.GetDataSet方法捕获到异常:已有打开的与此 Command 相关联的 DataReader，必须首先将它关闭。 
2018-01-06 13:26:13.3326 ERROR  SqlHelper.GetDataSet SQL:SqlHelper.GetDataSet方法捕获到异常:已有打开的与此 Command 相关联的 DataReader，必须首先将它关闭。 
2018-01-06 13:37:11.2756 INFO  load map success 
2018-01-06 13:37:13.3458 WARN  agv文件中实际小车的数量大于SUM的数值，加载小车的前SUM行 
2018-01-06 13:37:13.4058 INFO  *--------------------------------------------------------------* 
2018-01-06 13:37:13.4058 INFO  当前工作小车10辆 
2018-01-06 13:37:13.4058 INFO  开始运行时间：2018/1/6 13:37:13 
2018-01-06 13:38:02.9500 ERROR  SqlHelper.GetDataSet SQL:SqlHelper.GetDataSet方法捕获到异常:已有打开的与此 Command 相关联的 DataReader，必须首先将它关闭。 
2018-01-06 14:02:39.9715 INFO  load map success 
2018-01-06 14:02:43.2027 WARN  agv文件中实际小车的数量大于SUM的数值，加载小车的前SUM行 
2018-01-06 14:02:43.2827 INFO  *--------------------------------------------------------------* 
2018-01-06 14:02:43.2827 INFO  当前工作小车10辆 
2018-01-06 14:02:43.2827 INFO  开始运行时间：2018/1/6 14:02:43 
2018-01-06 14:03:05.3061 ERROR  SqlHelper.GetDataSet SQL:SqlHelper.GetDataSet方法捕获到异常:已有打开的与此 Command 相关联的 DataReader，必须首先将它关闭。 
2018-01-06 14:05:20.3669 ERROR  SqlHelper.GetDataSet SQL:SqlHelper.GetDataSet方法捕获到异常:已有打开的与此 Command 相关联的 DataReader，必须首先将它关闭。 
2018-01-06 14:09:50.0787 INFO  load map success 
2018-01-06 14:09:51.9348 WARN  agv文件中实际小车的数量大于SUM的数值，加载小车的前SUM行 
2018-01-06 14:09:52.0048 INFO  *--------------------------------------------------------------* 
2018-01-06 14:09:52.0148 INFO  当前工作小车10辆 
2018-01-06 14:09:52.0148 INFO  开始运行时间：2018/1/6 14:09:52 
2018-01-06 14:10:29.3629 ERROR  SqlHelper.GetDataSet SQL:SqlHelper.GetDataSet方法捕获到异常:已有打开的与此 Command 相关联的 DataReader，必须首先将它关闭。 
2018-01-06 14:10:31.9534 ERROR  SqlHelper.GetDataSet SQL:SqlHelper.GetDataSet方法捕获到异常:内部连接致命错误。错误状态: 15，标记: 0 
2018-01-06 14:10:32.0876 ERROR  SqlHelper.GetDataSet SQL:SqlHelper.GetDataSet方法捕获到异常:SqlDbType 枚举值 0 无效。
参数名: SqlDbType 
2018-01-06 14:10:43.3738 INFO  load map success 
2018-01-06 14:10:45.4413 WARN  agv文件中实际小车的数量大于SUM的数值，加载小车的前SUM行 
2018-01-06 14:10:45.5013 INFO  *--------------------------------------------------------------* 
2018-01-06 14:10:45.5013 INFO  当前工作小车10辆 
2018-01-06 14:10:45.5013 INFO  开始运行时间：2018/1/6 14:10:45 
2018-01-06 14:11:00.2574 ERROR  SqlHelper.GetDataSet SQL:SqlHelper.GetDataSet方法捕获到异常:已有打开的与此 Command 相关联的 DataReader，必须首先将它关闭。 
2018-01-06 14:11:49.3921 ERROR  SqlHelper.GetDataSet SQL:SqlHelper.GetDataSet方法捕获到异常:已有打开的与此 Command 相关联的 DataReader，必须首先将它关闭。 
2018-01-06 14:12:05.7309 ERROR  SqlHelper.GetDataSet SQL:SqlHelper.GetDataSet方法捕获到异常:已有打开的与此 Command 相关联的 DataReader，必须首先将它关闭。 
2018-01-06 14:12:19.2351 ERROR  SqlHelper.GetDataSet SQL:SqlHelper.GetDataSet方法捕获到异常:内部连接致命错误。错误状态: 15，标记: 64 
2018-01-06 14:12:19.2751 ERROR  SqlHelper.GetDataSet SQL:SqlHelper.GetDataSet方法捕获到异常:无效操作。连接被关闭。 
2018-01-06 14:13:06.9404 INFO  总任务数：TaskSend线程开始 0.01 公里 
2018-01-06 17:43:13.6064 INFO  load map success 
2018-01-06 17:43:16.2473 WARN  agv文件中实际小车的数量大于SUM的数值，加载小车的前SUM行 
2018-01-06 17:43:16.2973 INFO  *--------------------------------------------------------------* 
2018-01-06 17:43:16.2973 INFO  当前工作小车10辆 
2018-01-06 17:43:16.2973 INFO  开始运行时间：2018/1/6 17:43:16 
2018-01-06 17:43:35.3505 ERROR  SqlHelper.GetDataSet SQL:SqlHelper.GetDataSet方法捕获到异常:已有打开的与此 Command 相关联的 DataReader，必须首先将它关闭。 
2018-01-06 17:43:50.5384 ERROR  SqlHelper.GetDataSet SQL:SqlHelper.GetDataSet方法捕获到异常:已有打开的与此 Command 相关联的 DataReader，必须首先将它关闭。 
2018-01-06 17:43:53.0592 ERROR  SqlHelper.GetDataSet SQL:SqlHelper.GetDataSet方法捕获到异常:内部连接致命错误。错误状态: 15，标记: 4 
2018-01-06 19:52:21.4441 INFO  load map success 
2018-01-06 19:52:23.2981 WARN  agv文件中实际小车的数量大于SUM的数值，加载小车的前SUM行 
2018-01-06 19:52:24.0018 INFO  *--------------------------------------------------------------* 
2018-01-06 19:52:24.0018 INFO  当前工作小车10辆 
2018-01-06 19:52:24.0018 INFO  开始运行时间：2018/1/6 19:52:24 
2018-01-06 20:04:10.4052 INFO  load map success 
2018-01-06 20:04:13.2203 WARN  agv文件中实际小车的数量大于SUM的数值，加载小车的前SUM行 
2018-01-06 20:04:14.1518 INFO  *--------------------------------------------------------------* 
2018-01-06 20:04:14.1518 INFO  当前工作小车10辆 
2018-01-06 20:04:14.1613 INFO  开始运行时间：2018/1/6 20:04:14 
2018-01-06 20:08:43.7861 INFO  load map success 
2018-01-06 20:08:46.8685 WARN  agv文件中实际小车的数量大于SUM的数值，加载小车的前SUM行 
2018-01-06 20:08:46.9221 INFO  *--------------------------------------------------------------* 
2018-01-06 20:08:46.9221 INFO  当前工作小车10辆 
2018-01-06 20:08:46.9221 INFO  开始运行时间：2018/1/6 20:08:46 
2018-01-06 20:09:17.1344 ERROR  SqlHelper.GetDataSet SQL:SqlHelper.GetDataSet方法捕获到异常:已有打开的与此 Command 相关联的 DataReader，必须首先将它关闭。 
2018-01-06 20:09:19.3044 ERROR  SqlHelper.GetDataSet SQL:SqlHelper.GetDataSet方法捕获到异常:已有打开的与此 Command 相关联的 DataReader，必须首先将它关闭。 
2018-01-06 20:09:38.1500 ERROR  SqlHelper.GetDataSet SQL:SqlHelper.GetDataSet方法捕获到异常:已有打开的与此 Command 相关联的 DataReader，必须首先将它关闭。 
2018-01-06 20:09:40.4882 ERROR  SqlHelper.GetDataSet SQL:SqlHelper.GetDataSet方法捕获到异常:已有打开的与此 Command 相关联的 DataReader，必须首先将它关闭。 
2018-01-06 20:09:48.7093 ERROR  SqlHelper.GetDataSet SQL:SqlHelper.GetDataSet方法捕获到异常:已有打开的与此 Command 相关联的 DataReader，必须首先将它关闭。 
2018-01-06 20:09:50.2837 ERROR  SqlHelper.GetDataSet SQL:SqlHelper.GetDataSet方法捕获到异常:已有打开的与此 Command 相关联的 DataReader，必须首先将它关闭。 
2018-01-06 20:09:51.1500 ERROR  SqlHelper.GetDataSet SQL:SqlHelper.GetDataSet方法捕获到异常:已有打开的与此 Command 相关联的 DataReader，必须首先将它关闭。 
2018-01-06 20:10:01.0589 ERROR  SqlHelper.GetDataSet SQL:SqlHelper.GetDataSet方法捕获到异常:已有打开的与此 Command 相关联的 DataReader，必须首先将它关闭。 
2018-01-06 20:10:05.8823 INFO  总任务数：TaskSend线程开始 0.00 公里 
2018-01-06 20:10:46.1691 INFO  load map success 
2018-01-06 20:10:48.6547 WARN  agv文件中实际小车的数量大于SUM的数值，加载小车的前SUM行 
2018-01-06 20:10:48.6938 INFO  *--------------------------------------------------------------* 
2018-01-06 20:10:48.6938 INFO  当前工作小车10辆 
2018-01-06 20:10:48.6938 INFO  开始运行时间：2018/1/6 20:10:48 
2018-01-06 20:11:15.8202 ERROR  SqlHelper.GetDataSet SQL:SqlHelper.GetDataSet方法捕获到异常:已有打开的与此 Command 相关联的 DataReader，必须首先将它关闭。 
2018-01-06 20:11:39.0372 INFO  总任务数：TaskSend线程开始 0.00 公里 
2018-01-06 20:22:29.1499 INFO  load map success 
2018-01-06 20:22:32.0535 WARN  agv文件中实际小车的数量大于SUM的数值，加载小车的前SUM行 
2018-01-06 20:22:32.1293 INFO  *--------------------------------------------------------------* 
2018-01-06 20:22:32.1293 INFO  当前工作小车10辆 
2018-01-06 20:22:32.1293 INFO  开始运行时间：2018/1/6 20:22:32 
2018-01-06 20:22:47.1996 ERROR  SqlHelper.GetDataSet SQL:SqlHelper.GetDataSet方法捕获到异常:已有打开的与此 Command 相关联的 DataReader，必须首先将它关闭。 
2018-01-06 20:22:49.3871 ERROR  SqlHelper.GetDataSet SQL:SqlHelper.GetDataSet方法捕获到异常:已有打开的与此 Command 相关联的 DataReader，必须首先将它关闭。 
2018-01-06 20:22:49.7833 INFO  总任务数：TaskSend线程开始 0.00 公里 
2018-01-06 20:22:49.8829 ERROR  发送失败 
2018-01-06 20:23:17.0713 INFO  load map success 
2018-01-06 20:23:19.3254 WARN  agv文件中实际小车的数量大于SUM的数值，加载小车的前SUM行 
2018-01-06 20:23:19.3646 INFO  *--------------------------------------------------------------* 
2018-01-06 20:23:19.3646 INFO  当前工作小车10辆 
2018-01-06 20:23:19.3768 INFO  开始运行时间：2018/1/6 20:23:19 
2018-01-06 20:23:42.4104 ERROR  SqlHelper.GetDataSet SQL:SqlHelper.GetDataSet方法捕获到异常:已有打开的与此 Command 相关联的 DataReader，必须首先将它关闭。 
2018-01-06 20:23:45.3503 ERROR  SqlHelper.GetDataSet SQL:SqlHelper.GetDataSet方法捕获到异常:已有打开的与此 Command 相关联的 DataReader，必须首先将它关闭。 
2018-01-06 20:23:54.5599 ERROR  SqlHelper.GetDataSet SQL:SqlHelper.GetDataSet方法捕获到异常:已有打开的与此 Command 相关联的 DataReader，必须首先将它关闭。 
2018-01-06 20:23:55.5061 ERROR  SqlHelper.GetDataSet SQL:SqlHelper.GetDataSet方法捕获到异常:已有打开的与此 Command 相关联的 DataReader，必须首先将它关闭。 
2018-01-06 20:23:57.0215 ERROR  SqlHelper.GetDataSet SQL:SqlHelper.GetDataSet方法捕获到异常:已有打开的与此 Command 相关联的 DataReader，必须首先将它关闭。 
2018-01-06 20:24:04.7594 ERROR  SqlHelper.GetDataSet SQL:SqlHelper.GetDataSet方法捕获到异常:已有打开的与此 Command 相关联的 DataReader，必须首先将它关闭。 
2018-01-06 20:24:09.9416 ERROR  SqlHelper.GetDataSet SQL:SqlHelper.GetDataSet方法捕获到异常:已有打开的与此 Command 相关联的 DataReader，必须首先将它关闭。 
2018-01-06 20:24:13.0892 ERROR  SqlHelper.GetDataSet SQL:SqlHelper.GetDataSet方法捕获到异常:已有打开的与此 Command 相关联的 DataReader，必须首先将它关闭。 
2018-01-06 20:24:16.4584 ERROR  SqlHelper.GetDataSet SQL:SqlHelper.GetDataSet方法捕获到异常:内部连接致命错误。错误状态: 15，标记: 4 
2018-01-06 20:26:41.3489 INFO  load map success 
2018-01-06 20:26:44.1588 WARN  agv文件中实际小车的数量大于SUM的数值，加载小车的前SUM行 
2018-01-06 20:26:44.2352 INFO  *--------------------------------------------------------------* 
2018-01-06 20:26:44.2352 INFO  当前工作小车10辆 
2018-01-06 20:26:44.2352 INFO  开始运行时间：2018/1/6 20:26:44 
2018-01-06 20:27:01.8857 ERROR  SqlHelper.GetDataSet SQL:SqlHelper.GetDataSet方法捕获到异常:已有打开的与此 Command 相关联的 DataReader，必须首先将它关闭。 
2018-01-06 20:28:13.0988 ERROR  SqlHelper.GetDataSet SQL:SqlHelper.GetDataSet方法捕获到异常:已有打开的与此 Command 相关联的 DataReader，必须首先将它关闭。 
2018-01-06 20:28:49.9707 ERROR  SqlHelper.GetDataSet SQL:SqlHelper.GetDataSet方法捕获到异常:已有打开的与此 Command 相关联的 DataReader，必须首先将它关闭。 
2018-01-06 20:29:11.2905 ERROR  SqlHelper.GetDataSet SQL:SqlHelper.GetDataSet方法捕获到异常:已有打开的与此 Command 相关联的 DataReader，必须首先将它关闭。 
2018-01-06 20:38:41.9164 INFO  load map success 
2018-01-06 20:38:44.9121 WARN  agv文件中实际小车的数量大于SUM的数值，加载小车的前SUM行 
2018-01-06 20:38:44.9779 INFO  *--------------------------------------------------------------* 
2018-01-06 20:38:44.9864 INFO  当前工作小车10辆 
2018-01-06 20:38:44.9864 INFO  开始运行时间：2018/1/6 20:38:44 
2018-01-06 20:39:31.4587 ERROR  SqlHelper.GetDataSet SQL:SqlHelper.GetDataSet方法捕获到异常:已有打开的与此 Command 相关联的 DataReader，必须首先将它关闭。 
2018-01-06 21:23:19.4516 INFO  load map success 
2018-01-06 21:23:22.1660 WARN  agv文件中实际小车的数量大于SUM的数值，加载小车的前SUM行 
2018-01-06 21:23:22.2343 INFO  *--------------------------------------------------------------* 
2018-01-06 21:23:22.2343 INFO  当前工作小车10辆 
2018-01-06 21:23:22.2343 INFO  开始运行时间：2018/1/6 21:23:22 
2018-01-06 21:23:37.3088 INFO  总任务数：TaskSend线程开始 VehicleManager线程开始 
2018-01-06 21:25:07.9386 INFO  load map success 
2018-01-06 21:25:10.5091 WARN  agv文件中实际小车的数量大于SUM的数值，加载小车的前SUM行 
2018-01-06 21:25:10.5686 INFO  *--------------------------------------------------------------* 
2018-01-06 21:25:10.5686 INFO  当前工作小车10辆 
2018-01-06 21:25:10.5686 INFO  开始运行时间：2018/1/6 21:25:10 
2018-01-06 21:25:43.7881 ERROR  SqlHelper.GetDataSet SQL:SqlHelper.GetDataSet方法捕获到异常:已有打开的与此 Command 相关联的 DataReader，必须首先将它关闭。 
2018-01-06 21:25:45.9725 ERROR  SqlHelper.GetDataSet SQL:SqlHelper.GetDataSet方法捕获到异常:已有打开的与此 Command 相关联的 DataReader，必须首先将它关闭。 
2018-01-06 21:25:46.8571 ERROR  SqlHelper.GetDataSet SQL:SqlHelper.GetDataSet方法捕获到异常:已有打开的与此 Command 相关联的 DataReader，必须首先将它关闭。 
2018-01-06 21:41:00.9151 INFO  load map success 
2018-01-06 21:41:03.6241 WARN  agv文件中实际小车的数量大于SUM的数值，加载小车的前SUM行 
2018-01-06 21:41:03.7192 INFO  *--------------------------------------------------------------* 
2018-01-06 21:41:03.7192 INFO  当前工作小车10辆 
2018-01-06 21:41:03.7192 INFO  开始运行时间：2018/1/6 21:41:03 
2018-01-06 21:47:41.9763 ERROR  SqlHelper.GetDataSet SQL:SqlHelper.GetDataSet方法捕获到异常:内部连接致命错误。错误状态: 15，标记: 4 
2018-01-06 21:50:44.4791 INFO  load map success 
2018-01-06 21:50:47.1577 WARN  agv文件中实际小车的数量大于SUM的数值，加载小车的前SUM行 
2018-01-06 21:50:47.2228 INFO  *--------------------------------------------------------------* 
2018-01-06 21:50:47.2228 INFO  当前工作小车10辆 
2018-01-06 21:50:47.2228 INFO  开始运行时间：2018/1/6 21:50:47 
2018-01-06 21:50:59.2363 ERROR  SqlHelper.GetDataSet SQL:SqlHelper.GetDataSet方法捕获到异常:已有打开的与此 Command 相关联的 DataReader，必须首先将它关闭。 
2018-01-06 21:51:00.1443 ERROR  SqlHelper.GetDataSet SQL:SqlHelper.GetDataSet方法捕获到异常:已有打开的与此 Command 相关联的 DataReader，必须首先将它关闭。 
2018-01-06 21:51:21.4010 ERROR  SqlHelper.GetDataSet SQL:SqlHelper.GetDataSet方法捕获到异常:已有打开的与此 Command 相关联的 DataReader，必须首先将它关闭。 
2018-01-06 22:04:22.2537 INFO  load map success 
2018-01-06 22:04:24.4075 WARN  agv文件中实际小车的数量大于SUM的数值，加载小车的前SUM行 
2018-01-06 22:04:24.7223 INFO  *--------------------------------------------------------------* 
2018-01-06 22:04:24.7223 INFO  当前工作小车10辆 
2018-01-06 22:04:24.7223 INFO  开始运行时间：2018/1/6 22:04:24 
2018-01-06 22:08:35.1711 INFO  load map success 
2018-01-06 22:08:37.6813 WARN  agv文件中实际小车的数量大于SUM的数值，加载小车的前SUM行 
2018-01-06 22:08:38.0035 INFO  *--------------------------------------------------------------* 
2018-01-06 22:08:38.0035 INFO  当前工作小车10辆 
2018-01-06 22:08:38.0035 INFO  开始运行时间：2018/1/6 22:08:38 
2018-01-06 22:14:34.3634 INFO  load map success 
2018-01-06 22:14:36.4419 WARN  agv文件中实际小车的数量大于SUM的数值，加载小车的前SUM行 
2018-01-06 22:14:36.6854 INFO  *--------------------------------------------------------------* 
2018-01-06 22:14:36.6904 INFO  当前工作小车10辆 
2018-01-06 22:14:36.6904 INFO  开始运行时间：2018/1/6 22:14:36 
2018-01-06 22:22:21.9768 INFO  load map success 
2018-01-06 22:22:23.6461 WARN  agv文件中实际小车的数量大于SUM的数值，加载小车的前SUM行 
2018-01-06 22:22:23.7264 INFO  *--------------------------------------------------------------* 
2018-01-06 22:22:23.7264 INFO  当前工作小车10辆 
2018-01-06 22:22:23.7264 INFO  开始运行时间：2018/1/6 22:22:23 
2018-01-06 22:22:27.5655 INFO  总任务数：TaskSend线程开始 VehicleManager线程开始 
2018-01-06 22:24:52.5121 INFO  load map success 
2018-01-06 22:24:54.6763 WARN  agv文件中实际小车的数量大于SUM的数值，加载小车的前SUM行 
2018-01-06 22:24:54.8540 INFO  *--------------------------------------------------------------* 
2018-01-06 22:24:54.8540 INFO  当前工作小车10辆 
2018-01-06 22:24:54.8615 INFO  开始运行时间：2018/1/6 22:24:54 
2018-01-06 22:26:32.7497 INFO  总任务数：0 0.02 公里 
2018-01-06 22:26:50.6709 INFO  load map success 
2018-01-06 22:26:53.3379 WARN  agv文件中实际小车的数量大于SUM的数值，加载小车的前SUM行 
2018-01-06 22:26:53.6717 INFO  *--------------------------------------------------------------* 
2018-01-06 22:26:53.6982 INFO  当前工作小车10辆 
2018-01-06 22:26:53.7157 INFO  开始运行时间：2018/1/6 22:26:53 
2018-01-06 22:27:07.0583 INFO  总任务数：0 0.00 公里 
2018-01-06 22:27:21.3655 INFO  load map success 
2018-01-06 22:27:23.6464 WARN  agv文件中实际小车的数量大于SUM的数值，加载小车的前SUM行 
2018-01-06 22:27:23.8526 INFO  *--------------------------------------------------------------* 
2018-01-06 22:27:23.8526 INFO  当前工作小车10辆 
2018-01-06 22:27:23.8526 INFO  开始运行时间：2018/1/6 22:27:23 
2018-01-06 22:30:51.7918 INFO  load map success 
2018-01-06 22:30:54.5602 WARN  agv文件中实际小车的数量大于SUM的数值，加载小车的前SUM行 
2018-01-06 22:30:54.8103 INFO  *--------------------------------------------------------------* 
2018-01-06 22:30:54.8148 INFO  当前工作小车10辆 
2018-01-06 22:30:54.8148 INFO  开始运行时间：2018/1/6 22:30:54 
2018-01-06 22:31:52.4043 INFO  load map success 
2018-01-06 22:31:54.3022 WARN  agv文件中实际小车的数量大于SUM的数值，加载小车的前SUM行 
2018-01-06 22:31:54.5197 INFO  *--------------------------------------------------------------* 
2018-01-06 22:31:54.5197 INFO  当前工作小车10辆 
2018-01-06 22:31:54.5197 INFO  开始运行时间：2018/1/6 22:31:54 
2018-01-06 22:33:51.3873 INFO  load map success 
2018-01-06 22:33:53.9910 WARN  agv文件中实际小车的数量大于SUM的数值，加载小车的前SUM行 
2018-01-06 22:33:54.3718 INFO  *--------------------------------------------------------------* 
2018-01-06 22:33:54.3758 INFO  当前工作小车10辆 
2018-01-06 22:33:54.3758 INFO  开始运行时间：2018/1/6 22:33:54 
2018-01-06 23:26:56.6719 INFO  load map success 
2018-01-06 23:26:58.1026 WARN  agv文件中实际小车的数量大于SUM的数值，加载小车的前SUM行 
2018-01-06 23:26:58.1751 INFO  *--------------------------------------------------------------* 
2018-01-06 23:26:58.1751 INFO  当前工作小车10辆 
2018-01-06 23:26:58.1751 INFO  开始运行时间：2018/1/6 23:26:58 
2018-01-06 23:29:17.8720 INFO  总任务数：0 0.01 公里 
2018-01-06 23:32:53.1567 INFO  load map success 
2018-01-06 23:32:54.5722 WARN  agv文件中实际小车的数量大于SUM的数值，加载小车的前SUM行 
2018-01-06 23:32:54.6428 INFO  *--------------------------------------------------------------* 
2018-01-06 23:32:54.6428 INFO  当前工作小车10辆 
2018-01-06 23:32:54.6428 INFO  开始运行时间：2018/1/6 23:32:54 
2018-01-06 23:40:56.1734 INFO  总任务数：0 0.02 公里 
2018-01-06 23:43:02.6353 INFO  load map success 
2018-01-06 23:43:03.6516 WARN  agv文件中实际小车的数量大于SUM的数值，加载小车的前SUM行 
2018-01-06 23:43:04.4582 INFO  *--------------------------------------------------------------* 
2018-01-06 23:43:04.4582 INFO  当前工作小车10辆 
2018-01-06 23:43:04.4697 INFO  开始运行时间：2018/1/6 23:43:04 
2018-01-06 23:48:56.9987 INFO  总任务数：0 0.01 公里 
2018-01-06 23:50:54.6636 INFO  load map success 
2018-01-06 23:50:55.6922 WARN  agv文件中实际小车的数量大于SUM的数值，加载小车的前SUM行 
2018-01-06 23:50:55.7503 INFO  *--------------------------------------------------------------* 
2018-01-06 23:50:55.7503 INFO  当前工作小车10辆 
2018-01-06 23:50:55.7503 INFO  开始运行时间：2018/1/6 23:50:55 
2018-01-06 23:52:05.5148 INFO  总任务数：0 0.00 公里 
2018-01-06 23:52:31.0709 INFO  load map success 
2018-01-06 23:52:33.6012 WARN  agv文件中实际小车的数量大于SUM的数值，加载小车的前SUM行 
2018-01-06 23:52:33.7092 INFO  *--------------------------------------------------------------* 
2018-01-06 23:52:33.7092 INFO  当前工作小车10辆 
2018-01-06 23:52:33.7092 INFO  开始运行时间：2018/1/6 23:52:33 
